{"C:\\Users\\hp\\Desktop\\Programming\\My Project\\leddar\\leddar-artisan-frontend\\src\\app\\layout.jsx": {"path":"C:\\Users\\hp\\Desktop\\Programming\\My Project\\leddar\\leddar-artisan-frontend\\src\\app\\layout.jsx","statementMap":{"0":{"start":{"line":6,"column":24},"end":{"line":13,"column":1}},"1":{"start":{"line":16,"column":2},"end":{"line":23,"column":4}}},"fnMap":{"0":{"name":"RootLayout","decl":{"start":{"line":15,"column":24},"end":{"line":15,"column":34}},"loc":{"start":{"line":15,"column":49},"end":{"line":24,"column":1}},"line":15}},"branchMap":{},"s":{"0":0,"1":0},"f":{"0":0},"b":{}}
,"C:\\Users\\hp\\Desktop\\Programming\\My Project\\leddar\\leddar-artisan-frontend\\src\\app\\page.jsx": {"path":"C:\\Users\\hp\\Desktop\\Programming\\My Project\\leddar\\leddar-artisan-frontend\\src\\app\\page.jsx","statementMap":{"0":{"start":{"line":4,"column":2},"end":{"line":4,"column":21}}},"fnMap":{"0":{"name":"HomePage","decl":{"start":{"line":3,"column":24},"end":{"line":3,"column":32}},"loc":{"start":{"line":3,"column":35},"end":{"line":5,"column":1}},"line":3}},"branchMap":{},"s":{"0":0},"f":{"0":0},"b":{}}
,"C:\\Users\\hp\\Desktop\\Programming\\My Project\\leddar\\leddar-artisan-frontend\\src\\app\\(protected)\\layout.jsx": {"path":"C:\\Users\\hp\\Desktop\\Programming\\My Project\\leddar\\leddar-artisan-frontend\\src\\app\\(protected)\\layout.jsx","statementMap":{"0":{"start":{"line":4,"column":2},"end":{"line":4,"column":53}}},"fnMap":{"0":{"name":"ProtectedLayout","decl":{"start":{"line":3,"column":24},"end":{"line":3,"column":39}},"loc":{"start":{"line":3,"column":54},"end":{"line":5,"column":1}},"line":3}},"branchMap":{},"s":{"0":0},"f":{"0":0},"b":{}}
,"C:\\Users\\hp\\Desktop\\Programming\\My Project\\leddar\\leddar-artisan-frontend\\src\\app\\(protected)\\bank-details\\page.jsx": {"path":"C:\\Users\\hp\\Desktop\\Programming\\My Project\\leddar\\leddar-artisan-frontend\\src\\app\\(protected)\\bank-details\\page.jsx","statementMap":{"0":{"start":{"line":5,"column":2},"end":{"line":9,"column":4}}},"fnMap":{"0":{"name":"BankDetailsPage","decl":{"start":{"line":4,"column":24},"end":{"line":4,"column":39}},"loc":{"start":{"line":4,"column":42},"end":{"line":10,"column":1}},"line":4}},"branchMap":{},"s":{"0":0},"f":{"0":0},"b":{}}
,"C:\\Users\\hp\\Desktop\\Programming\\My Project\\leddar\\leddar-artisan-frontend\\src\\app\\(protected)\\dashboard\\page.jsx": {"path":"C:\\Users\\hp\\Desktop\\Programming\\My Project\\leddar\\leddar-artisan-frontend\\src\\app\\(protected)\\dashboard\\page.jsx","statementMap":{"0":{"start":{"line":5,"column":2},"end":{"line":9,"column":4}}},"fnMap":{"0":{"name":"DashboardPage","decl":{"start":{"line":4,"column":24},"end":{"line":4,"column":37}},"loc":{"start":{"line":4,"column":40},"end":{"line":10,"column":1}},"line":4}},"branchMap":{},"s":{"0":0},"f":{"0":0},"b":{}}
,"C:\\Users\\hp\\Desktop\\Programming\\My Project\\leddar\\leddar-artisan-frontend\\src\\app\\(protected)\\jobs\\page.jsx": {"path":"C:\\Users\\hp\\Desktop\\Programming\\My Project\\leddar\\leddar-artisan-frontend\\src\\app\\(protected)\\jobs\\page.jsx","statementMap":{"0":{"start":{"line":5,"column":2},"end":{"line":9,"column":4}}},"fnMap":{"0":{"name":"JobsPage","decl":{"start":{"line":4,"column":24},"end":{"line":4,"column":32}},"loc":{"start":{"line":4,"column":35},"end":{"line":10,"column":1}},"line":4}},"branchMap":{},"s":{"0":0},"f":{"0":0},"b":{}}
,"C:\\Users\\hp\\Desktop\\Programming\\My Project\\leddar\\leddar-artisan-frontend\\src\\app\\(protected)\\kyc\\page.jsx": {"path":"C:\\Users\\hp\\Desktop\\Programming\\My Project\\leddar\\leddar-artisan-frontend\\src\\app\\(protected)\\kyc\\page.jsx","statementMap":{"0":{"start":{"line":5,"column":2},"end":{"line":9,"column":4}}},"fnMap":{"0":{"name":"KycPage","decl":{"start":{"line":4,"column":24},"end":{"line":4,"column":31}},"loc":{"start":{"line":4,"column":34},"end":{"line":10,"column":1}},"line":4}},"branchMap":{},"s":{"0":0},"f":{"0":0},"b":{}}
,"C:\\Users\\hp\\Desktop\\Programming\\My Project\\leddar\\leddar-artisan-frontend\\src\\app\\(protected)\\payments\\page.jsx": {"path":"C:\\Users\\hp\\Desktop\\Programming\\My Project\\leddar\\leddar-artisan-frontend\\src\\app\\(protected)\\payments\\page.jsx","statementMap":{"0":{"start":{"line":5,"column":2},"end":{"line":9,"column":4}}},"fnMap":{"0":{"name":"PaymentsPage","decl":{"start":{"line":4,"column":24},"end":{"line":4,"column":36}},"loc":{"start":{"line":4,"column":39},"end":{"line":10,"column":1}},"line":4}},"branchMap":{},"s":{"0":0},"f":{"0":0},"b":{}}
,"C:\\Users\\hp\\Desktop\\Programming\\My Project\\leddar\\leddar-artisan-frontend\\src\\app\\(protected)\\profile\\page.jsx": {"path":"C:\\Users\\hp\\Desktop\\Programming\\My Project\\leddar\\leddar-artisan-frontend\\src\\app\\(protected)\\profile\\page.jsx","statementMap":{"0":{"start":{"line":5,"column":2},"end":{"line":9,"column":4}}},"fnMap":{"0":{"name":"ProfilePage","decl":{"start":{"line":4,"column":24},"end":{"line":4,"column":35}},"loc":{"start":{"line":4,"column":38},"end":{"line":10,"column":1}},"line":4}},"branchMap":{},"s":{"0":0},"f":{"0":0},"b":{}}
,"C:\\Users\\hp\\Desktop\\Programming\\My Project\\leddar\\leddar-artisan-frontend\\src\\app\\forgot-password\\page.jsx": {"path":"C:\\Users\\hp\\Desktop\\Programming\\My Project\\leddar\\leddar-artisan-frontend\\src\\app\\forgot-password\\page.jsx","statementMap":{"0":{"start":{"line":4,"column":2},"end":{"line":4,"column":28}}},"fnMap":{"0":{"name":"ForgotPasswordPage","decl":{"start":{"line":3,"column":24},"end":{"line":3,"column":42}},"loc":{"start":{"line":3,"column":45},"end":{"line":5,"column":1}},"line":3}},"branchMap":{},"s":{"0":0},"f":{"0":0},"b":{}}
,"C:\\Users\\hp\\Desktop\\Programming\\My Project\\leddar\\leddar-artisan-frontend\\src\\app\\login\\page.jsx": {"path":"C:\\Users\\hp\\Desktop\\Programming\\My Project\\leddar\\leddar-artisan-frontend\\src\\app\\login\\page.jsx","statementMap":{"0":{"start":{"line":3,"column":14},"end":{"line":5,"column":2}},"1":{"start":{"line":3,"column":28},"end":{"line":3,"column":60}},"2":{"start":{"line":8,"column":2},"end":{"line":8,"column":19}}},"fnMap":{"0":{"name":"(anonymous_0)","decl":{"start":{"line":3,"column":22},"end":{"line":3,"column":23}},"loc":{"start":{"line":3,"column":28},"end":{"line":3,"column":60}},"line":3},"1":{"name":"LoginPage","decl":{"start":{"line":7,"column":24},"end":{"line":7,"column":33}},"loc":{"start":{"line":7,"column":36},"end":{"line":9,"column":1}},"line":7}},"branchMap":{},"s":{"0":0,"1":0,"2":0},"f":{"0":0,"1":0},"b":{}}
,"C:\\Users\\hp\\Desktop\\Programming\\My Project\\leddar\\leddar-artisan-frontend\\src\\app\\privacy-policy\\page.jsx": {"path":"C:\\Users\\hp\\Desktop\\Programming\\My Project\\leddar\\leddar-artisan-frontend\\src\\app\\privacy-policy\\page.jsx","statementMap":{"0":{"start":{"line":7,"column":12},"end":{"line":29,"column":1}},"1":{"start":{"line":32,"column":2},"end":{"line":39,"column":4}},"2":{"start":{"line":43,"column":2},"end":{"line":48,"column":4}},"3":{"start":{"line":52,"column":2},"end":{"line":61,"column":4}},"4":{"start":{"line":55,"column":8},"end":{"line":58,"column":13}},"5":{"start":{"line":65,"column":2},"end":{"line":69,"column":4}},"6":{"start":{"line":73,"column":46},"end":{"line":73,"column":57}},"7":{"start":{"line":74,"column":34},"end":{"line":74,"column":48}},"8":{"start":{"line":75,"column":32},"end":{"line":75,"column":47}},"9":{"start":{"line":76,"column":32},"end":{"line":76,"column":47}},"10":{"start":{"line":78,"column":2},"end":{"line":92,"column":9}},"11":{"start":{"line":79,"column":21},"end":{"line":89,"column":5}},"12":{"start":{"line":80,"column":20},"end":{"line":80,"column":78}},"13":{"start":{"line":81,"column":6},"end":{"line":81,"column":72}},"14":{"start":{"line":82,"column":6},"end":{"line":82,"column":39}},"15":{"start":{"line":83,"column":23},"end":{"line":83,"column":63}},"16":{"start":{"line":84,"column":20},"end":{"line":84,"column":24}},"17":{"start":{"line":85,"column":6},"end":{"line":87,"column":9}},"18":{"start":{"line":86,"column":8},"end":{"line":86,"column":67}},"19":{"start":{"line":86,"column":51},"end":{"line":86,"column":67}},"20":{"start":{"line":88,"column":6},"end":{"line":88,"column":27}},"21":{"start":{"line":90,"column":4},"end":{"line":90,"column":67}},"22":{"start":{"line":91,"column":4},"end":{"line":91,"column":64}},"23":{"start":{"line":91,"column":17},"end":{"line":91,"column":63}},"24":{"start":{"line":94,"column":19},"end":{"line":97,"column":3}},"25":{"start":{"line":95,"column":4},"end":{"line":95,"column":88}},"26":{"start":{"line":96,"column":4},"end":{"line":96,"column":22}},"27":{"start":{"line":99,"column":2},"end":{"line":492,"column":4}},"28":{"start":{"line":117,"column":29},"end":{"line":117,"column":49}},"29":{"start":{"line":129,"column":16},"end":{"line":142,"column":25}},"30":{"start":{"line":131,"column":33},"end":{"line":131,"column":50}},"31":{"start":{"line":158,"column":18},"end":{"line":171,"column":27}},"32":{"start":{"line":160,"column":35},"end":{"line":160,"column":52}},"33":{"start":{"line":194,"column":20},"end":{"line":197,"column":26}},"34":{"start":{"line":243,"column":16},"end":{"line":250,"column":22}},"35":{"start":{"line":330,"column":24},"end":{"line":333,"column":30}},"36":{"start":{"line":377,"column":28},"end":{"line":377,"column":71}},"37":{"start":{"line":378,"column":16},"end":{"line":385,"column":22}},"38":{"start":{"line":454,"column":24},"end":{"line":457,"column":30}},"39":{"start":{"line":484,"column":25},"end":{"line":484,"column":72}}},"fnMap":{"0":{"name":"SectionHeading","decl":{"start":{"line":31,"column":9},"end":{"line":31,"column":23}},"loc":{"start":{"line":31,"column":40},"end":{"line":40,"column":1}},"line":31},"1":{"name":"SubHeading","decl":{"start":{"line":42,"column":9},"end":{"line":42,"column":19}},"loc":{"start":{"line":42,"column":34},"end":{"line":49,"column":1}},"line":42},"2":{"name":"BulletList","decl":{"start":{"line":51,"column":9},"end":{"line":51,"column":19}},"loc":{"start":{"line":51,"column":31},"end":{"line":62,"column":1}},"line":51},"3":{"name":"(anonymous_3)","decl":{"start":{"line":54,"column":17},"end":{"line":54,"column":18}},"loc":{"start":{"line":55,"column":8},"end":{"line":58,"column":13}},"line":55},"4":{"name":"Callout","decl":{"start":{"line":64,"column":9},"end":{"line":64,"column":16}},"loc":{"start":{"line":64,"column":31},"end":{"line":70,"column":1}},"line":64},"5":{"name":"PrivacyPolicy","decl":{"start":{"line":72,"column":24},"end":{"line":72,"column":37}},"loc":{"start":{"line":72,"column":40},"end":{"line":493,"column":1}},"line":72},"6":{"name":"(anonymous_6)","decl":{"start":{"line":78,"column":12},"end":{"line":78,"column":13}},"loc":{"start":{"line":78,"column":18},"end":{"line":92,"column":3}},"line":78},"7":{"name":"(anonymous_7)","decl":{"start":{"line":79,"column":21},"end":{"line":79,"column":22}},"loc":{"start":{"line":79,"column":27},"end":{"line":89,"column":5}},"line":79},"8":{"name":"(anonymous_8)","decl":{"start":{"line":85,"column":23},"end":{"line":85,"column":24}},"loc":{"start":{"line":85,"column":31},"end":{"line":87,"column":7}},"line":85},"9":{"name":"(anonymous_9)","decl":{"start":{"line":91,"column":11},"end":{"line":91,"column":12}},"loc":{"start":{"line":91,"column":17},"end":{"line":91,"column":63}},"line":91},"10":{"name":"(anonymous_10)","decl":{"start":{"line":94,"column":19},"end":{"line":94,"column":20}},"loc":{"start":{"line":94,"column":27},"end":{"line":97,"column":3}},"line":94},"11":{"name":"(anonymous_11)","decl":{"start":{"line":117,"column":23},"end":{"line":117,"column":24}},"loc":{"start":{"line":117,"column":29},"end":{"line":117,"column":49}},"line":117},"12":{"name":"(anonymous_12)","decl":{"start":{"line":128,"column":23},"end":{"line":128,"column":24}},"loc":{"start":{"line":129,"column":16},"end":{"line":142,"column":25}},"line":129},"13":{"name":"(anonymous_13)","decl":{"start":{"line":131,"column":27},"end":{"line":131,"column":28}},"loc":{"start":{"line":131,"column":33},"end":{"line":131,"column":50}},"line":131},"14":{"name":"(anonymous_14)","decl":{"start":{"line":157,"column":25},"end":{"line":157,"column":26}},"loc":{"start":{"line":158,"column":18},"end":{"line":171,"column":27}},"line":158},"15":{"name":"(anonymous_15)","decl":{"start":{"line":160,"column":29},"end":{"line":160,"column":30}},"loc":{"start":{"line":160,"column":35},"end":{"line":160,"column":52}},"line":160},"16":{"name":"(anonymous_16)","decl":{"start":{"line":193,"column":143},"end":{"line":193,"column":144}},"loc":{"start":{"line":194,"column":20},"end":{"line":197,"column":26}},"line":194},"17":{"name":"(anonymous_17)","decl":{"start":{"line":242,"column":20},"end":{"line":242,"column":21}},"loc":{"start":{"line":243,"column":16},"end":{"line":250,"column":22}},"line":243},"18":{"name":"(anonymous_18)","decl":{"start":{"line":329,"column":28},"end":{"line":329,"column":29}},"loc":{"start":{"line":330,"column":24},"end":{"line":333,"column":30}},"line":330},"19":{"name":"(anonymous_19)","decl":{"start":{"line":377,"column":23},"end":{"line":377,"column":24}},"loc":{"start":{"line":377,"column":28},"end":{"line":377,"column":71}},"line":377},"20":{"name":"(anonymous_20)","decl":{"start":{"line":377,"column":77},"end":{"line":377,"column":78}},"loc":{"start":{"line":378,"column":16},"end":{"line":385,"column":22}},"line":378},"21":{"name":"(anonymous_21)","decl":{"start":{"line":453,"column":28},"end":{"line":453,"column":29}},"loc":{"start":{"line":454,"column":24},"end":{"line":457,"column":30}},"line":454},"22":{"name":"(anonymous_22)","decl":{"start":{"line":484,"column":19},"end":{"line":484,"column":20}},"loc":{"start":{"line":484,"column":25},"end":{"line":484,"column":72}},"line":484}},"branchMap":{"0":{"loc":{"start":{"line":81,"column":24},"end":{"line":81,"column":70}},"type":"cond-expr","locations":[{"start":{"line":81,"column":36},"end":{"line":81,"column":66}},{"start":{"line":81,"column":69},"end":{"line":81,"column":70}}],"line":81},"1":{"loc":{"start":{"line":86,"column":8},"end":{"line":86,"column":67}},"type":"if","locations":[{"start":{"line":86,"column":8},"end":{"line":86,"column":67}},{"start":{},"end":{}}],"line":86},"2":{"loc":{"start":{"line":119,"column":15},"end":{"line":119,"column":89}},"type":"cond-expr","locations":[{"start":{"line":119,"column":25},"end":{"line":119,"column":54}},{"start":{"line":119,"column":57},"end":{"line":119,"column":89}}],"line":119},"3":{"loc":{"start":{"line":125,"column":9},"end":{"line":146,"column":9}},"type":"binary-expr","locations":[{"start":{"line":125,"column":9},"end":{"line":125,"column":16}},{"start":{"line":126,"column":10},"end":{"line":145,"column":16}}],"line":125},"4":{"loc":{"start":{"line":133,"column":20},"end":{"line":133,"column":116}},"type":"cond-expr","locations":[{"start":{"line":133,"column":43},"end":{"line":133,"column":80}},{"start":{"line":133,"column":83},"end":{"line":133,"column":116}}],"line":133},"5":{"loc":{"start":{"line":137,"column":20},"end":{"line":137,"column":96}},"type":"cond-expr","locations":[{"start":{"line":137,"column":43},"end":{"line":137,"column":66}},{"start":{"line":137,"column":69},"end":{"line":137,"column":96}}],"line":137},"6":{"loc":{"start":{"line":162,"column":22},"end":{"line":162,"column":120}},"type":"cond-expr","locations":[{"start":{"line":162,"column":45},"end":{"line":162,"column":84}},{"start":{"line":162,"column":87},"end":{"line":162,"column":120}}],"line":162},"7":{"loc":{"start":{"line":166,"column":22},"end":{"line":166,"column":98}},"type":"cond-expr","locations":[{"start":{"line":166,"column":45},"end":{"line":166,"column":68}},{"start":{"line":166,"column":71},"end":{"line":166,"column":98}}],"line":166},"8":{"loc":{"start":{"line":456,"column":27},"end":{"line":456,"column":136}},"type":"cond-expr","locations":[{"start":{"line":456,"column":34},"end":{"line":456,"column":114}},{"start":{"line":456,"column":117},"end":{"line":456,"column":136}}],"line":456},"9":{"loc":{"start":{"line":482,"column":7},"end":{"line":490,"column":7}},"type":"binary-expr","locations":[{"start":{"line":482,"column":7},"end":{"line":482,"column":14}},{"start":{"line":483,"column":8},"end":{"line":489,"column":17}}],"line":482}},"s":{"0":0,"1":0,"2":0,"3":0,"4":0,"5":0,"6":0,"7":0,"8":0,"9":0,"10":0,"11":0,"12":0,"13":0,"14":0,"15":0,"16":0,"17":0,"18":0,"19":0,"20":0,"21":0,"22":0,"23":0,"24":0,"25":0,"26":0,"27":0,"28":0,"29":0,"30":0,"31":0,"32":0,"33":0,"34":0,"35":0,"36":0,"37":0,"38":0,"39":0},"f":{"0":0,"1":0,"2":0,"3":0,"4":0,"5":0,"6":0,"7":0,"8":0,"9":0,"10":0,"11":0,"12":0,"13":0,"14":0,"15":0,"16":0,"17":0,"18":0,"19":0,"20":0,"21":0,"22":0},"b":{"0":[0,0],"1":[0,0],"2":[0,0],"3":[0,0],"4":[0,0],"5":[0,0],"6":[0,0],"7":[0,0],"8":[0,0],"9":[0,0]}}
,"C:\\Users\\hp\\Desktop\\Programming\\My Project\\leddar\\leddar-artisan-frontend\\src\\app\\reset-password\\page.jsx": {"path":"C:\\Users\\hp\\Desktop\\Programming\\My Project\\leddar\\leddar-artisan-frontend\\src\\app\\reset-password\\page.jsx","statementMap":{"0":{"start":{"line":15,"column":23},"end":{"line":15,"column":40}},"1":{"start":{"line":16,"column":17},"end":{"line":16,"column":28}},"2":{"start":{"line":17,"column":16},"end":{"line":17,"column":41}},"3":{"start":{"line":19,"column":34},"end":{"line":19,"column":46}},"4":{"start":{"line":20,"column":48},"end":{"line":20,"column":60}},"5":{"start":{"line":21,"column":30},"end":{"line":21,"column":46}},"6":{"start":{"line":22,"column":32},"end":{"line":22,"column":44}},"7":{"start":{"line":24,"column":23},"end":{"line":55,"column":3}},"8":{"start":{"line":25,"column":4},"end":{"line":25,"column":23}},"9":{"start":{"line":27,"column":4},"end":{"line":31,"column":5}},"10":{"start":{"line":28,"column":6},"end":{"line":28,"column":25}},"11":{"start":{"line":29,"column":6},"end":{"line":29,"column":59}},"12":{"start":{"line":30,"column":6},"end":{"line":30,"column":13}},"13":{"start":{"line":33,"column":4},"end":{"line":37,"column":5}},"14":{"start":{"line":34,"column":6},"end":{"line":34,"column":25}},"15":{"start":{"line":35,"column":6},"end":{"line":35,"column":43}},"16":{"start":{"line":36,"column":6},"end":{"line":36,"column":13}},"17":{"start":{"line":39,"column":4},"end":{"line":39,"column":25}},"18":{"start":{"line":40,"column":4},"end":{"line":54,"column":5}},"19":{"start":{"line":41,"column":6},"end":{"line":44,"column":8}},"20":{"start":{"line":46,"column":6},"end":{"line":46,"column":27}},"21":{"start":{"line":47,"column":6},"end":{"line":47,"column":52}},"22":{"start":{"line":47,"column":23},"end":{"line":47,"column":44}},"23":{"start":{"line":49,"column":6},"end":{"line":49,"column":25}},"24":{"start":{"line":50,"column":6},"end":{"line":53,"column":8}},"25":{"start":{"line":57,"column":2},"end":{"line":68,"column":3}},"26":{"start":{"line":58,"column":4},"end":{"line":67,"column":6}},"27":{"start":{"line":62,"column":33},"end":{"line":62,"column":64}},"28":{"start":{"line":70,"column":2},"end":{"line":129,"column":4}},"29":{"start":{"line":98,"column":31},"end":{"line":98,"column":58}},"30":{"start":{"line":106,"column":31},"end":{"line":106,"column":65}},"31":{"start":{"line":137,"column":2},"end":{"line":147,"column":4}}},"fnMap":{"0":{"name":"ResetPasswordContent","decl":{"start":{"line":14,"column":9},"end":{"line":14,"column":29}},"loc":{"start":{"line":14,"column":32},"end":{"line":130,"column":1}},"line":14},"1":{"name":"(anonymous_1)","decl":{"start":{"line":24,"column":23},"end":{"line":24,"column":24}},"loc":{"start":{"line":24,"column":36},"end":{"line":55,"column":3}},"line":24},"2":{"name":"(anonymous_2)","decl":{"start":{"line":47,"column":17},"end":{"line":47,"column":18}},"loc":{"start":{"line":47,"column":23},"end":{"line":47,"column":44}},"line":47},"3":{"name":"(anonymous_3)","decl":{"start":{"line":62,"column":27},"end":{"line":62,"column":28}},"loc":{"start":{"line":62,"column":33},"end":{"line":62,"column":64}},"line":62},"4":{"name":"(anonymous_4)","decl":{"start":{"line":98,"column":24},"end":{"line":98,"column":25}},"loc":{"start":{"line":98,"column":31},"end":{"line":98,"column":58}},"line":98},"5":{"name":"(anonymous_5)","decl":{"start":{"line":106,"column":24},"end":{"line":106,"column":25}},"loc":{"start":{"line":106,"column":31},"end":{"line":106,"column":65}},"line":106},"6":{"name":"ResetPasswordPage","decl":{"start":{"line":136,"column":24},"end":{"line":136,"column":41}},"loc":{"start":{"line":136,"column":44},"end":{"line":148,"column":1}},"line":136}},"branchMap":{"0":{"loc":{"start":{"line":27,"column":4},"end":{"line":31,"column":5}},"type":"if","locations":[{"start":{"line":27,"column":4},"end":{"line":31,"column":5}},{"start":{},"end":{}}],"line":27},"1":{"loc":{"start":{"line":33,"column":4},"end":{"line":37,"column":5}},"type":"if","locations":[{"start":{"line":33,"column":4},"end":{"line":37,"column":5}},{"start":{},"end":{}}],"line":33},"2":{"loc":{"start":{"line":51,"column":8},"end":{"line":52,"column":62}},"type":"binary-expr","locations":[{"start":{"line":51,"column":8},"end":{"line":51,"column":33}},{"start":{"line":52,"column":10},"end":{"line":52,"column":62}}],"line":51},"3":{"loc":{"start":{"line":57,"column":2},"end":{"line":68,"column":3}},"type":"if","locations":[{"start":{"line":57,"column":2},"end":{"line":68,"column":3}},{"start":{},"end":{}}],"line":57},"4":{"loc":{"start":{"line":78,"column":9},"end":{"line":126,"column":9}},"type":"cond-expr","locations":[{"start":{"line":79,"column":10},"end":{"line":84,"column":16}},{"start":{"line":86,"column":10},"end":{"line":125,"column":17}}],"line":78},"5":{"loc":{"start":{"line":87,"column":13},"end":{"line":91,"column":13}},"type":"binary-expr","locations":[{"start":{"line":87,"column":13},"end":{"line":87,"column":31}},{"start":{"line":88,"column":14},"end":{"line":90,"column":20}}],"line":87},"6":{"loc":{"start":{"line":117,"column":15},"end":{"line":123,"column":15}},"type":"cond-expr","locations":[{"start":{"line":118,"column":16},"end":{"line":120,"column":23}},{"start":{"line":122,"column":16},"end":{"line":122,"column":33}}],"line":117}},"s":{"0":0,"1":0,"2":0,"3":0,"4":0,"5":0,"6":0,"7":0,"8":0,"9":0,"10":0,"11":0,"12":0,"13":0,"14":0,"15":0,"16":0,"17":0,"18":0,"19":0,"20":0,"21":0,"22":0,"23":0,"24":0,"25":0,"26":0,"27":0,"28":0,"29":0,"30":0,"31":0},"f":{"0":0,"1":0,"2":0,"3":0,"4":0,"5":0,"6":0},"b":{"0":[0,0],"1":[0,0],"2":[0,0],"3":[0,0],"4":[0,0],"5":[0,0],"6":[0,0]}}
,"C:\\Users\\hp\\Desktop\\Programming\\My Project\\leddar\\leddar-artisan-frontend\\src\\app\\signup\\page.jsx": {"path":"C:\\Users\\hp\\Desktop\\Programming\\My Project\\leddar\\leddar-artisan-frontend\\src\\app\\signup\\page.jsx","statementMap":{"0":{"start":{"line":4,"column":2},"end":{"line":4,"column":20}}},"fnMap":{"0":{"name":"SignupPage","decl":{"start":{"line":3,"column":24},"end":{"line":3,"column":34}},"loc":{"start":{"line":3,"column":37},"end":{"line":5,"column":1}},"line":3}},"branchMap":{},"s":{"0":0},"f":{"0":0},"b":{}}
,"C:\\Users\\hp\\Desktop\\Programming\\My Project\\leddar\\leddar-artisan-frontend\\src\\app\\terms-and-conditions\\page.jsx": {"path":"C:\\Users\\hp\\Desktop\\Programming\\My Project\\leddar\\leddar-artisan-frontend\\src\\app\\terms-and-conditions\\page.jsx","statementMap":{"0":{"start":{"line":7,"column":12},"end":{"line":44,"column":1}},"1":{"start":{"line":47,"column":2},"end":{"line":54,"column":4}},"2":{"start":{"line":58,"column":2},"end":{"line":63,"column":4}},"3":{"start":{"line":67,"column":2},"end":{"line":76,"column":4}},"4":{"start":{"line":70,"column":8},"end":{"line":73,"column":13}},"5":{"start":{"line":80,"column":17},"end":{"line":82,"column":30}},"6":{"start":{"line":83,"column":2},"end":{"line":87,"column":4}},"7":{"start":{"line":91,"column":2},"end":{"line":100,"column":4}},"8":{"start":{"line":104,"column":46},"end":{"line":104,"column":57}},"9":{"start":{"line":105,"column":34},"end":{"line":105,"column":48}},"10":{"start":{"line":106,"column":32},"end":{"line":106,"column":47}},"11":{"start":{"line":107,"column":32},"end":{"line":107,"column":47}},"12":{"start":{"line":109,"column":2},"end":{"line":123,"column":9}},"13":{"start":{"line":110,"column":21},"end":{"line":120,"column":5}},"14":{"start":{"line":111,"column":20},"end":{"line":111,"column":78}},"15":{"start":{"line":112,"column":6},"end":{"line":112,"column":72}},"16":{"start":{"line":113,"column":6},"end":{"line":113,"column":39}},"17":{"start":{"line":114,"column":23},"end":{"line":114,"column":63}},"18":{"start":{"line":115,"column":20},"end":{"line":115,"column":24}},"19":{"start":{"line":116,"column":6},"end":{"line":118,"column":9}},"20":{"start":{"line":117,"column":8},"end":{"line":117,"column":67}},"21":{"start":{"line":117,"column":51},"end":{"line":117,"column":67}},"22":{"start":{"line":119,"column":6},"end":{"line":119,"column":27}},"23":{"start":{"line":121,"column":4},"end":{"line":121,"column":67}},"24":{"start":{"line":122,"column":4},"end":{"line":122,"column":64}},"25":{"start":{"line":122,"column":17},"end":{"line":122,"column":63}},"26":{"start":{"line":125,"column":19},"end":{"line":128,"column":3}},"27":{"start":{"line":126,"column":4},"end":{"line":126,"column":88}},"28":{"start":{"line":127,"column":4},"end":{"line":127,"column":22}},"29":{"start":{"line":130,"column":2},"end":{"line":541,"column":4}},"30":{"start":{"line":148,"column":29},"end":{"line":148,"column":49}},"31":{"start":{"line":160,"column":16},"end":{"line":173,"column":25}},"32":{"start":{"line":162,"column":33},"end":{"line":162,"column":50}},"33":{"start":{"line":189,"column":18},"end":{"line":202,"column":27}},"34":{"start":{"line":191,"column":35},"end":{"line":191,"column":52}},"35":{"start":{"line":225,"column":20},"end":{"line":228,"column":26}},"36":{"start":{"line":251,"column":20},"end":{"line":254,"column":26}},"37":{"start":{"line":503,"column":24},"end":{"line":506,"column":30}},"38":{"start":{"line":533,"column":25},"end":{"line":533,"column":72}}},"fnMap":{"0":{"name":"SectionHeading","decl":{"start":{"line":46,"column":9},"end":{"line":46,"column":23}},"loc":{"start":{"line":46,"column":40},"end":{"line":55,"column":1}},"line":46},"1":{"name":"SubHeading","decl":{"start":{"line":57,"column":9},"end":{"line":57,"column":19}},"loc":{"start":{"line":57,"column":34},"end":{"line":64,"column":1}},"line":57},"2":{"name":"BulletList","decl":{"start":{"line":66,"column":9},"end":{"line":66,"column":19}},"loc":{"start":{"line":66,"column":31},"end":{"line":77,"column":1}},"line":66},"3":{"name":"(anonymous_3)","decl":{"start":{"line":69,"column":17},"end":{"line":69,"column":18}},"loc":{"start":{"line":70,"column":8},"end":{"line":73,"column":13}},"line":70},"4":{"name":"Callout","decl":{"start":{"line":79,"column":9},"end":{"line":79,"column":16}},"loc":{"start":{"line":79,"column":49},"end":{"line":88,"column":1}},"line":79},"5":{"name":"Section","decl":{"start":{"line":90,"column":9},"end":{"line":90,"column":16}},"loc":{"start":{"line":90,"column":47},"end":{"line":101,"column":1}},"line":90},"6":{"name":"TermsAndConditions","decl":{"start":{"line":103,"column":24},"end":{"line":103,"column":42}},"loc":{"start":{"line":103,"column":45},"end":{"line":542,"column":1}},"line":103},"7":{"name":"(anonymous_7)","decl":{"start":{"line":109,"column":12},"end":{"line":109,"column":13}},"loc":{"start":{"line":109,"column":18},"end":{"line":123,"column":3}},"line":109},"8":{"name":"(anonymous_8)","decl":{"start":{"line":110,"column":21},"end":{"line":110,"column":22}},"loc":{"start":{"line":110,"column":27},"end":{"line":120,"column":5}},"line":110},"9":{"name":"(anonymous_9)","decl":{"start":{"line":116,"column":23},"end":{"line":116,"column":24}},"loc":{"start":{"line":116,"column":31},"end":{"line":118,"column":7}},"line":116},"10":{"name":"(anonymous_10)","decl":{"start":{"line":122,"column":11},"end":{"line":122,"column":12}},"loc":{"start":{"line":122,"column":17},"end":{"line":122,"column":63}},"line":122},"11":{"name":"(anonymous_11)","decl":{"start":{"line":125,"column":19},"end":{"line":125,"column":20}},"loc":{"start":{"line":125,"column":27},"end":{"line":128,"column":3}},"line":125},"12":{"name":"(anonymous_12)","decl":{"start":{"line":148,"column":23},"end":{"line":148,"column":24}},"loc":{"start":{"line":148,"column":29},"end":{"line":148,"column":49}},"line":148},"13":{"name":"(anonymous_13)","decl":{"start":{"line":159,"column":23},"end":{"line":159,"column":24}},"loc":{"start":{"line":160,"column":16},"end":{"line":173,"column":25}},"line":160},"14":{"name":"(anonymous_14)","decl":{"start":{"line":162,"column":27},"end":{"line":162,"column":28}},"loc":{"start":{"line":162,"column":33},"end":{"line":162,"column":50}},"line":162},"15":{"name":"(anonymous_15)","decl":{"start":{"line":188,"column":25},"end":{"line":188,"column":26}},"loc":{"start":{"line":189,"column":18},"end":{"line":202,"column":27}},"line":189},"16":{"name":"(anonymous_16)","decl":{"start":{"line":191,"column":29},"end":{"line":191,"column":30}},"loc":{"start":{"line":191,"column":35},"end":{"line":191,"column":52}},"line":191},"17":{"name":"(anonymous_17)","decl":{"start":{"line":224,"column":143},"end":{"line":224,"column":144}},"loc":{"start":{"line":225,"column":20},"end":{"line":228,"column":26}},"line":225},"18":{"name":"(anonymous_18)","decl":{"start":{"line":250,"column":385},"end":{"line":250,"column":386}},"loc":{"start":{"line":251,"column":20},"end":{"line":254,"column":26}},"line":251},"19":{"name":"(anonymous_19)","decl":{"start":{"line":502,"column":229},"end":{"line":502,"column":230}},"loc":{"start":{"line":503,"column":24},"end":{"line":506,"column":30}},"line":503},"20":{"name":"(anonymous_20)","decl":{"start":{"line":533,"column":19},"end":{"line":533,"column":20}},"loc":{"start":{"line":533,"column":25},"end":{"line":533,"column":72}},"line":533}},"branchMap":{"0":{"loc":{"start":{"line":79,"column":29},"end":{"line":79,"column":45}},"type":"default-arg","locations":[{"start":{"line":79,"column":39},"end":{"line":79,"column":45}}],"line":79},"1":{"loc":{"start":{"line":80,"column":17},"end":{"line":82,"column":30}},"type":"cond-expr","locations":[{"start":{"line":81,"column":6},"end":{"line":81,"column":39}},{"start":{"line":82,"column":6},"end":{"line":82,"column":30}}],"line":80},"2":{"loc":{"start":{"line":112,"column":24},"end":{"line":112,"column":70}},"type":"cond-expr","locations":[{"start":{"line":112,"column":36},"end":{"line":112,"column":66}},{"start":{"line":112,"column":69},"end":{"line":112,"column":70}}],"line":112},"3":{"loc":{"start":{"line":117,"column":8},"end":{"line":117,"column":67}},"type":"if","locations":[{"start":{"line":117,"column":8},"end":{"line":117,"column":67}},{"start":{},"end":{}}],"line":117},"4":{"loc":{"start":{"line":150,"column":15},"end":{"line":150,"column":89}},"type":"cond-expr","locations":[{"start":{"line":150,"column":25},"end":{"line":150,"column":54}},{"start":{"line":150,"column":57},"end":{"line":150,"column":89}}],"line":150},"5":{"loc":{"start":{"line":156,"column":9},"end":{"line":177,"column":9}},"type":"binary-expr","locations":[{"start":{"line":156,"column":9},"end":{"line":156,"column":16}},{"start":{"line":157,"column":10},"end":{"line":176,"column":16}}],"line":156},"6":{"loc":{"start":{"line":164,"column":20},"end":{"line":164,"column":116}},"type":"cond-expr","locations":[{"start":{"line":164,"column":43},"end":{"line":164,"column":80}},{"start":{"line":164,"column":83},"end":{"line":164,"column":116}}],"line":164},"7":{"loc":{"start":{"line":168,"column":20},"end":{"line":168,"column":96}},"type":"cond-expr","locations":[{"start":{"line":168,"column":43},"end":{"line":168,"column":66}},{"start":{"line":168,"column":69},"end":{"line":168,"column":96}}],"line":168},"8":{"loc":{"start":{"line":193,"column":22},"end":{"line":193,"column":120}},"type":"cond-expr","locations":[{"start":{"line":193,"column":45},"end":{"line":193,"column":84}},{"start":{"line":193,"column":87},"end":{"line":193,"column":120}}],"line":193},"9":{"loc":{"start":{"line":197,"column":22},"end":{"line":197,"column":98}},"type":"cond-expr","locations":[{"start":{"line":197,"column":45},"end":{"line":197,"column":68}},{"start":{"line":197,"column":71},"end":{"line":197,"column":98}}],"line":197},"10":{"loc":{"start":{"line":505,"column":27},"end":{"line":505,"column":136}},"type":"cond-expr","locations":[{"start":{"line":505,"column":34},"end":{"line":505,"column":114}},{"start":{"line":505,"column":117},"end":{"line":505,"column":136}}],"line":505},"11":{"loc":{"start":{"line":531,"column":7},"end":{"line":539,"column":7}},"type":"binary-expr","locations":[{"start":{"line":531,"column":7},"end":{"line":531,"column":14}},{"start":{"line":532,"column":8},"end":{"line":538,"column":17}}],"line":531}},"s":{"0":0,"1":0,"2":0,"3":0,"4":0,"5":0,"6":0,"7":0,"8":0,"9":0,"10":0,"11":0,"12":0,"13":0,"14":0,"15":0,"16":0,"17":0,"18":0,"19":0,"20":0,"21":0,"22":0,"23":0,"24":0,"25":0,"26":0,"27":0,"28":0,"29":0,"30":0,"31":0,"32":0,"33":0,"34":0,"35":0,"36":0,"37":0,"38":0},"f":{"0":0,"1":0,"2":0,"3":0,"4":0,"5":0,"6":0,"7":0,"8":0,"9":0,"10":0,"11":0,"12":0,"13":0,"14":0,"15":0,"16":0,"17":0,"18":0,"19":0,"20":0},"b":{"0":[0],"1":[0,0],"2":[0,0],"3":[0,0],"4":[0,0],"5":[0,0],"6":[0,0],"7":[0,0],"8":[0,0],"9":[0,0],"10":[0,0],"11":[0,0]}}
,"C:\\Users\\hp\\Desktop\\Programming\\My Project\\leddar\\leddar-artisan-frontend\\src\\app\\verify-email\\page.jsx": {"path":"C:\\Users\\hp\\Desktop\\Programming\\My Project\\leddar\\leddar-artisan-frontend\\src\\app\\verify-email\\page.jsx","statementMap":{"0":{"start":{"line":9,"column":23},"end":{"line":9,"column":40}},"1":{"start":{"line":10,"column":17},"end":{"line":10,"column":28}},"2":{"start":{"line":11,"column":16},"end":{"line":11,"column":41}},"3":{"start":{"line":13,"column":30},"end":{"line":13,"column":49}},"4":{"start":{"line":14,"column":32},"end":{"line":14,"column":44}},"5":{"start":{"line":16,"column":2},"end":{"line":69,"column":22}},"6":{"start":{"line":18,"column":4},"end":{"line":18,"column":49}},"7":{"start":{"line":20,"column":4},"end":{"line":24,"column":5}},"8":{"start":{"line":21,"column":6},"end":{"line":21,"column":25}},"9":{"start":{"line":22,"column":6},"end":{"line":22,"column":65}},"10":{"start":{"line":23,"column":6},"end":{"line":23,"column":13}},"11":{"start":{"line":26,"column":19},"end":{"line":66,"column":5}},"12":{"start":{"line":27,"column":6},"end":{"line":65,"column":7}},"13":{"start":{"line":28,"column":23},"end":{"line":28,"column":54}},"14":{"start":{"line":29,"column":27},"end":{"line":29,"column":71}},"15":{"start":{"line":32,"column":8},"end":{"line":32,"column":54}},"16":{"start":{"line":33,"column":8},"end":{"line":33,"column":60}},"17":{"start":{"line":35,"column":20},"end":{"line":35,"column":62}},"18":{"start":{"line":38,"column":8},"end":{"line":38,"column":75}},"19":{"start":{"line":40,"column":21},"end":{"line":40,"column":37}},"20":{"start":{"line":43,"column":8},"end":{"line":43,"column":51}},"21":{"start":{"line":45,"column":8},"end":{"line":51,"column":9}},"22":{"start":{"line":46,"column":10},"end":{"line":50,"column":12}},"23":{"start":{"line":53,"column":8},"end":{"line":53,"column":29}},"24":{"start":{"line":54,"column":8},"end":{"line":56,"column":10}},"25":{"start":{"line":58,"column":8},"end":{"line":58,"column":54}},"26":{"start":{"line":58,"column":25},"end":{"line":58,"column":46}},"27":{"start":{"line":61,"column":8},"end":{"line":61,"column":56}},"28":{"start":{"line":63,"column":8},"end":{"line":63,"column":27}},"29":{"start":{"line":64,"column":8},"end":{"line":64,"column":32}},"30":{"start":{"line":68,"column":4},"end":{"line":68,"column":13}},"31":{"start":{"line":71,"column":2},"end":{"line":150,"column":4}},"32":{"start":{"line":154,"column":2},"end":{"line":164,"column":4}}},"fnMap":{"0":{"name":"VerifyEmailContent","decl":{"start":{"line":8,"column":9},"end":{"line":8,"column":27}},"loc":{"start":{"line":8,"column":30},"end":{"line":151,"column":1}},"line":8},"1":{"name":"(anonymous_1)","decl":{"start":{"line":16,"column":12},"end":{"line":16,"column":13}},"loc":{"start":{"line":16,"column":18},"end":{"line":69,"column":3}},"line":16},"2":{"name":"(anonymous_2)","decl":{"start":{"line":26,"column":19},"end":{"line":26,"column":20}},"loc":{"start":{"line":26,"column":31},"end":{"line":66,"column":5}},"line":26},"3":{"name":"(anonymous_3)","decl":{"start":{"line":58,"column":19},"end":{"line":58,"column":20}},"loc":{"start":{"line":58,"column":25},"end":{"line":58,"column":46}},"line":58},"4":{"name":"VerifyEmailPage","decl":{"start":{"line":153,"column":24},"end":{"line":153,"column":39}},"loc":{"start":{"line":153,"column":42},"end":{"line":165,"column":1}},"line":153}},"branchMap":{"0":{"loc":{"start":{"line":20,"column":4},"end":{"line":24,"column":5}},"type":"if","locations":[{"start":{"line":20,"column":4},"end":{"line":24,"column":5}},{"start":{},"end":{}}],"line":20},"1":{"loc":{"start":{"line":45,"column":8},"end":{"line":51,"column":9}},"type":"if","locations":[{"start":{"line":45,"column":8},"end":{"line":51,"column":9}},{"start":{},"end":{}}],"line":45},"2":{"loc":{"start":{"line":47,"column":12},"end":{"line":49,"column":56}},"type":"binary-expr","locations":[{"start":{"line":47,"column":12},"end":{"line":47,"column":24}},{"start":{"line":48,"column":14},"end":{"line":48,"column":24}},{"start":{"line":49,"column":14},"end":{"line":49,"column":56}}],"line":47},"3":{"loc":{"start":{"line":55,"column":10},"end":{"line":55,"column":70}},"type":"binary-expr","locations":[{"start":{"line":55,"column":10},"end":{"line":55,"column":22}},{"start":{"line":55,"column":26},"end":{"line":55,"column":70}}],"line":55},"4":{"loc":{"start":{"line":76,"column":13},"end":{"line":86,"column":13}},"type":"binary-expr","locations":[{"start":{"line":76,"column":13},"end":{"line":76,"column":33}},{"start":{"line":77,"column":14},"end":{"line":85,"column":20}}],"line":76},"5":{"loc":{"start":{"line":88,"column":13},"end":{"line":92,"column":13}},"type":"binary-expr","locations":[{"start":{"line":88,"column":13},"end":{"line":88,"column":33}},{"start":{"line":89,"column":14},"end":{"line":91,"column":20}}],"line":88},"6":{"loc":{"start":{"line":94,"column":13},"end":{"line":98,"column":13}},"type":"binary-expr","locations":[{"start":{"line":94,"column":13},"end":{"line":94,"column":31}},{"start":{"line":95,"column":14},"end":{"line":97,"column":20}}],"line":94},"7":{"loc":{"start":{"line":103,"column":15},"end":{"line":103,"column":56}},"type":"binary-expr","locations":[{"start":{"line":103,"column":15},"end":{"line":103,"column":35}},{"start":{"line":103,"column":39},"end":{"line":103,"column":56}}],"line":103},"8":{"loc":{"start":{"line":104,"column":15},"end":{"line":104,"column":50}},"type":"binary-expr","locations":[{"start":{"line":104,"column":15},"end":{"line":104,"column":35}},{"start":{"line":104,"column":39},"end":{"line":104,"column":50}}],"line":104},"9":{"loc":{"start":{"line":105,"column":15},"end":{"line":105,"column":44}},"type":"binary-expr","locations":[{"start":{"line":105,"column":15},"end":{"line":105,"column":33}},{"start":{"line":105,"column":37},"end":{"line":105,"column":44}}],"line":105},"10":{"loc":{"start":{"line":109,"column":15},"end":{"line":110,"column":72}},"type":"binary-expr","locations":[{"start":{"line":109,"column":15},"end":{"line":109,"column":35}},{"start":{"line":110,"column":16},"end":{"line":110,"column":72}}],"line":109},"11":{"loc":{"start":{"line":111,"column":15},"end":{"line":111,"column":46}},"type":"binary-expr","locations":[{"start":{"line":111,"column":15},"end":{"line":111,"column":35}},{"start":{"line":111,"column":39},"end":{"line":111,"column":46}}],"line":111},"12":{"loc":{"start":{"line":112,"column":15},"end":{"line":113,"column":77}},"type":"binary-expr","locations":[{"start":{"line":112,"column":15},"end":{"line":112,"column":33}},{"start":{"line":113,"column":17},"end":{"line":113,"column":24}},{"start":{"line":113,"column":28},"end":{"line":113,"column":76}}],"line":112},"13":{"loc":{"start":{"line":118,"column":13},"end":{"line":139,"column":13}},"type":"cond-expr","locations":[{"start":{"line":119,"column":14},"end":{"line":125,"column":21}},{"start":{"line":126,"column":16},"end":{"line":139,"column":13}}],"line":118},"14":{"loc":{"start":{"line":126,"column":16},"end":{"line":139,"column":13}},"type":"cond-expr","locations":[{"start":{"line":127,"column":14},"end":{"line":132,"column":21}},{"start":{"line":134,"column":14},"end":{"line":138,"column":20}}],"line":126}},"s":{"0":0,"1":0,"2":0,"3":0,"4":0,"5":0,"6":0,"7":0,"8":0,"9":0,"10":0,"11":0,"12":0,"13":0,"14":0,"15":0,"16":0,"17":0,"18":0,"19":0,"20":0,"21":0,"22":0,"23":0,"24":0,"25":0,"26":0,"27":0,"28":0,"29":0,"30":0,"31":0,"32":0},"f":{"0":0,"1":0,"2":0,"3":0,"4":0},"b":{"0":[0,0],"1":[0,0],"2":[0,0,0],"3":[0,0],"4":[0,0],"5":[0,0],"6":[0,0],"7":[0,0],"8":[0,0],"9":[0,0],"10":[0,0],"11":[0,0],"12":[0,0,0],"13":[0,0],"14":[0,0]}}
,"C:\\Users\\hp\\Desktop\\Programming\\My Project\\leddar\\leddar-artisan-frontend\\src\\components\\ProtectedRoute.jsx": {"path":"C:\\Users\\hp\\Desktop\\Programming\\My Project\\leddar\\leddar-artisan-frontend\\src\\components\\ProtectedRoute.jsx","statementMap":{"0":{"start":{"line":9,"column":17},"end":{"line":9,"column":28}},"1":{"start":{"line":10,"column":16},"end":{"line":10,"column":56}},"2":{"start":{"line":10,"column":39},"end":{"line":10,"column":55}},"3":{"start":{"line":11,"column":34},"end":{"line":11,"column":48}},"4":{"start":{"line":13,"column":2},"end":{"line":22,"column":22}},"5":{"start":{"line":15,"column":24},"end":{"line":15,"column":62}},"6":{"start":{"line":17,"column":4},"end":{"line":21,"column":5}},"7":{"start":{"line":18,"column":6},"end":{"line":18,"column":31}},"8":{"start":{"line":20,"column":6},"end":{"line":20,"column":25}},"9":{"start":{"line":24,"column":2},"end":{"line":30,"column":3}},"10":{"start":{"line":25,"column":4},"end":{"line":29,"column":6}},"11":{"start":{"line":32,"column":2},"end":{"line":32,"column":18}}},"fnMap":{"0":{"name":"ProtectedRoute","decl":{"start":{"line":8,"column":24},"end":{"line":8,"column":38}},"loc":{"start":{"line":8,"column":53},"end":{"line":33,"column":1}},"line":8},"1":{"name":"(anonymous_1)","decl":{"start":{"line":10,"column":28},"end":{"line":10,"column":29}},"loc":{"start":{"line":10,"column":39},"end":{"line":10,"column":55}},"line":10},"2":{"name":"(anonymous_2)","decl":{"start":{"line":13,"column":12},"end":{"line":13,"column":13}},"loc":{"start":{"line":13,"column":18},"end":{"line":22,"column":3}},"line":13}},"branchMap":{"0":{"loc":{"start":{"line":15,"column":24},"end":{"line":15,"column":62}},"type":"binary-expr","locations":[{"start":{"line":15,"column":24},"end":{"line":15,"column":29}},{"start":{"line":15,"column":33},"end":{"line":15,"column":62}}],"line":15},"1":{"loc":{"start":{"line":17,"column":4},"end":{"line":21,"column":5}},"type":"if","locations":[{"start":{"line":17,"column":4},"end":{"line":21,"column":5}},{"start":{"line":19,"column":11},"end":{"line":21,"column":5}}],"line":17},"2":{"loc":{"start":{"line":24,"column":2},"end":{"line":30,"column":3}},"type":"if","locations":[{"start":{"line":24,"column":2},"end":{"line":30,"column":3}},{"start":{},"end":{}}],"line":24}},"s":{"0":0,"1":0,"2":0,"3":0,"4":0,"5":0,"6":0,"7":0,"8":0,"9":0,"10":0,"11":0},"f":{"0":0,"1":0,"2":0},"b":{"0":[0,0],"1":[0,0],"2":[0,0]}}
,"C:\\Users\\hp\\Desktop\\Programming\\My Project\\leddar\\leddar-artisan-frontend\\src\\components\\layout\\AppShell.jsx": {"path":"C:\\Users\\hp\\Desktop\\Programming\\My Project\\leddar\\leddar-artisan-frontend\\src\\components\\layout\\AppShell.jsx","statementMap":{"0":{"start":{"line":8,"column":19},"end":{"line":8,"column":32}},"1":{"start":{"line":11,"column":19},"end":{"line":11,"column":53}},"2":{"start":{"line":11,"column":42},"end":{"line":11,"column":52}},"3":{"start":{"line":13,"column":23},"end":{"line":15,"column":3}},"4":{"start":{"line":14,"column":4},"end":{"line":14,"column":23}},"5":{"start":{"line":17,"column":2},"end":{"line":24,"column":4}}},"fnMap":{"0":{"name":"AppShell","decl":{"start":{"line":7,"column":24},"end":{"line":7,"column":32}},"loc":{"start":{"line":7,"column":47},"end":{"line":25,"column":1}},"line":7},"1":{"name":"(anonymous_1)","decl":{"start":{"line":11,"column":31},"end":{"line":11,"column":32}},"loc":{"start":{"line":11,"column":42},"end":{"line":11,"column":52}},"line":11},"2":{"name":"(anonymous_2)","decl":{"start":{"line":13,"column":23},"end":{"line":13,"column":24}},"loc":{"start":{"line":13,"column":29},"end":{"line":15,"column":3}},"line":13}},"branchMap":{"0":{"loc":{"start":{"line":19,"column":16},"end":{"line":19,"column":64}},"type":"binary-expr","locations":[{"start":{"line":19,"column":16},"end":{"line":19,"column":54}},{"start":{"line":19,"column":58},"end":{"line":19,"column":64}}],"line":19}},"s":{"0":0,"1":0,"2":0,"3":0,"4":0,"5":0},"f":{"0":0,"1":0,"2":0},"b":{"0":[0,0]}}
,"C:\\Users\\hp\\Desktop\\Programming\\My Project\\leddar\\leddar-artisan-frontend\\src\\components\\layout\\Header.jsx": {"path":"C:\\Users\\hp\\Desktop\\Programming\\My Project\\leddar\\leddar-artisan-frontend\\src\\components\\layout\\Header.jsx","statementMap":{"0":{"start":{"line":8,"column":20},"end":{"line":15,"column":1}},"1":{"start":{"line":18,"column":17},"end":{"line":18,"column":28}},"2":{"start":{"line":19,"column":44},"end":{"line":19,"column":56}},"3":{"start":{"line":20,"column":44},"end":{"line":20,"column":59}},"4":{"start":{"line":21,"column":45},"end":{"line":21,"column":57}},"5":{"start":{"line":23,"column":29},"end":{"line":28,"column":3}},"6":{"start":{"line":24,"column":4},"end":{"line":27,"column":31}},"7":{"start":{"line":25,"column":18},"end":{"line":25,"column":64}},"8":{"start":{"line":26,"column":6},"end":{"line":26,"column":45}},"9":{"start":{"line":30,"column":2},"end":{"line":34,"column":9}},"10":{"start":{"line":31,"column":4},"end":{"line":31,"column":25}},"11":{"start":{"line":32,"column":21},"end":{"line":32,"column":60}},"12":{"start":{"line":33,"column":4},"end":{"line":33,"column":41}},"13":{"start":{"line":33,"column":17},"end":{"line":33,"column":40}},"14":{"start":{"line":37,"column":2},"end":{"line":45,"column":9}},"15":{"start":{"line":38,"column":20},"end":{"line":42,"column":5}},"16":{"start":{"line":39,"column":6},"end":{"line":41,"column":7}},"17":{"start":{"line":40,"column":8},"end":{"line":40,"column":23}},"18":{"start":{"line":43,"column":4},"end":{"line":43,"column":52}},"19":{"start":{"line":44,"column":4},"end":{"line":44,"column":68}},"20":{"start":{"line":44,"column":17},"end":{"line":44,"column":67}},"21":{"start":{"line":47,"column":22},"end":{"line":47,"column":67}},"22":{"start":{"line":47,"column":50},"end":{"line":47,"column":59}},"23":{"start":{"line":49,"column":22},"end":{"line":54,"column":3}},"24":{"start":{"line":50,"column":4},"end":{"line":53,"column":31}},"25":{"start":{"line":51,"column":6},"end":{"line":51,"column":64}},"26":{"start":{"line":52,"column":6},"end":{"line":52,"column":76}},"27":{"start":{"line":52,"column":33},"end":{"line":52,"column":74}},"28":{"start":{"line":52,"column":50},"end":{"line":52,"column":72}},"29":{"start":{"line":56,"column":22},"end":{"line":63,"column":3}},"30":{"start":{"line":57,"column":4},"end":{"line":62,"column":31}},"31":{"start":{"line":58,"column":6},"end":{"line":58,"column":66}},"32":{"start":{"line":59,"column":6},"end":{"line":61,"column":8}},"33":{"start":{"line":60,"column":8},"end":{"line":60,"column":67}},"34":{"start":{"line":60,"column":25},"end":{"line":60,"column":65}},"35":{"start":{"line":65,"column":23},"end":{"line":68,"column":3}},"36":{"start":{"line":66,"column":4},"end":{"line":66,"column":15}},"37":{"start":{"line":67,"column":4},"end":{"line":67,"column":26}},"38":{"start":{"line":70,"column":2},"end":{"line":182,"column":4}},"39":{"start":{"line":97,"column":29},"end":{"line":97,"column":47}},"40":{"start":{"line":97,"column":44},"end":{"line":97,"column":46}},"41":{"start":{"line":123,"column":37},"end":{"line":123,"column":51}},"42":{"start":{"line":138,"column":22},"end":{"line":163,"column":28}},"43":{"start":{"line":140,"column":39},"end":{"line":140,"column":56}}},"fnMap":{"0":{"name":"Header","decl":{"start":{"line":17,"column":24},"end":{"line":17,"column":30}},"loc":{"start":{"line":17,"column":69},"end":{"line":183,"column":1}},"line":17},"1":{"name":"(anonymous_1)","decl":{"start":{"line":23,"column":29},"end":{"line":23,"column":30}},"loc":{"start":{"line":23,"column":41},"end":{"line":28,"column":3}},"line":23},"2":{"name":"(anonymous_2)","decl":{"start":{"line":30,"column":12},"end":{"line":30,"column":13}},"loc":{"start":{"line":30,"column":18},"end":{"line":34,"column":3}},"line":30},"3":{"name":"(anonymous_3)","decl":{"start":{"line":33,"column":11},"end":{"line":33,"column":12}},"loc":{"start":{"line":33,"column":17},"end":{"line":33,"column":40}},"line":33},"4":{"name":"(anonymous_4)","decl":{"start":{"line":37,"column":12},"end":{"line":37,"column":13}},"loc":{"start":{"line":37,"column":18},"end":{"line":45,"column":3}},"line":37},"5":{"name":"(anonymous_5)","decl":{"start":{"line":38,"column":20},"end":{"line":38,"column":21}},"loc":{"start":{"line":38,"column":27},"end":{"line":42,"column":5}},"line":38},"6":{"name":"(anonymous_6)","decl":{"start":{"line":44,"column":11},"end":{"line":44,"column":12}},"loc":{"start":{"line":44,"column":17},"end":{"line":44,"column":67}},"line":44},"7":{"name":"(anonymous_7)","decl":{"start":{"line":47,"column":43},"end":{"line":47,"column":44}},"loc":{"start":{"line":47,"column":50},"end":{"line":47,"column":59}},"line":47},"8":{"name":"(anonymous_8)","decl":{"start":{"line":49,"column":22},"end":{"line":49,"column":23}},"loc":{"start":{"line":49,"column":34},"end":{"line":54,"column":3}},"line":49},"9":{"name":"(anonymous_9)","decl":{"start":{"line":52,"column":23},"end":{"line":52,"column":24}},"loc":{"start":{"line":52,"column":33},"end":{"line":52,"column":74}},"line":52},"10":{"name":"(anonymous_10)","decl":{"start":{"line":52,"column":42},"end":{"line":52,"column":43}},"loc":{"start":{"line":52,"column":50},"end":{"line":52,"column":72}},"line":52},"11":{"name":"(anonymous_11)","decl":{"start":{"line":56,"column":22},"end":{"line":56,"column":23}},"loc":{"start":{"line":56,"column":36},"end":{"line":63,"column":3}},"line":56},"12":{"name":"(anonymous_12)","decl":{"start":{"line":59,"column":23},"end":{"line":59,"column":24}},"loc":{"start":{"line":60,"column":8},"end":{"line":60,"column":67}},"line":60},"13":{"name":"(anonymous_13)","decl":{"start":{"line":60,"column":17},"end":{"line":60,"column":18}},"loc":{"start":{"line":60,"column":25},"end":{"line":60,"column":65}},"line":60},"14":{"name":"(anonymous_14)","decl":{"start":{"line":65,"column":23},"end":{"line":65,"column":24}},"loc":{"start":{"line":65,"column":29},"end":{"line":68,"column":3}},"line":65},"15":{"name":"(anonymous_15)","decl":{"start":{"line":97,"column":23},"end":{"line":97,"column":24}},"loc":{"start":{"line":97,"column":29},"end":{"line":97,"column":47}},"line":97},"16":{"name":"(anonymous_16)","decl":{"start":{"line":97,"column":37},"end":{"line":97,"column":38}},"loc":{"start":{"line":97,"column":44},"end":{"line":97,"column":46}},"line":97},"17":{"name":"(anonymous_17)","decl":{"start":{"line":123,"column":31},"end":{"line":123,"column":32}},"loc":{"start":{"line":123,"column":37},"end":{"line":123,"column":51}},"line":123},"18":{"name":"(anonymous_18)","decl":{"start":{"line":137,"column":38},"end":{"line":137,"column":39}},"loc":{"start":{"line":138,"column":22},"end":{"line":163,"column":28}},"line":138},"19":{"name":"(anonymous_19)","decl":{"start":{"line":140,"column":33},"end":{"line":140,"column":34}},"loc":{"start":{"line":140,"column":39},"end":{"line":140,"column":56}},"line":140}},"branchMap":{"0":{"loc":{"start":{"line":26,"column":23},"end":{"line":26,"column":43}},"type":"binary-expr","locations":[{"start":{"line":26,"column":23},"end":{"line":26,"column":37}},{"start":{"line":26,"column":41},"end":{"line":26,"column":43}}],"line":26},"1":{"loc":{"start":{"line":39,"column":6},"end":{"line":41,"column":7}},"type":"if","locations":[{"start":{"line":39,"column":6},"end":{"line":41,"column":7}},{"start":{},"end":{}}],"line":39},"2":{"loc":{"start":{"line":39,"column":10},"end":{"line":39,"column":72}},"type":"binary-expr","locations":[{"start":{"line":39,"column":10},"end":{"line":39,"column":29}},{"start":{"line":39,"column":33},"end":{"line":39,"column":72}}],"line":39},"3":{"loc":{"start":{"line":60,"column":25},"end":{"line":60,"column":65}},"type":"cond-expr","locations":[{"start":{"line":60,"column":39},"end":{"line":60,"column":61}},{"start":{"line":60,"column":64},"end":{"line":60,"column":65}}],"line":60},"4":{"loc":{"start":{"line":102,"column":15},"end":{"line":106,"column":15}},"type":"binary-expr","locations":[{"start":{"line":102,"column":15},"end":{"line":102,"column":30}},{"start":{"line":103,"column":16},"end":{"line":105,"column":23}}],"line":102},"5":{"loc":{"start":{"line":104,"column":19},"end":{"line":104,"column":55}},"type":"cond-expr","locations":[{"start":{"line":104,"column":37},"end":{"line":104,"column":41}},{"start":{"line":104,"column":44},"end":{"line":104,"column":55}}],"line":104},"6":{"loc":{"start":{"line":109,"column":13},"end":{"line":168,"column":13}},"type":"binary-expr","locations":[{"start":{"line":109,"column":13},"end":{"line":109,"column":17}},{"start":{"line":110,"column":14},"end":{"line":167,"column":20}}],"line":109},"7":{"loc":{"start":{"line":114,"column":21},"end":{"line":121,"column":21}},"type":"binary-expr","locations":[{"start":{"line":114,"column":21},"end":{"line":114,"column":36}},{"start":{"line":115,"column":22},"end":{"line":120,"column":31}}],"line":114},"8":{"loc":{"start":{"line":132,"column":19},"end":{"line":165,"column":19}},"type":"cond-expr","locations":[{"start":{"line":133,"column":20},"end":{"line":135,"column":26}},{"start":{"line":137,"column":20},"end":{"line":164,"column":22}}],"line":132},"9":{"loc":{"start":{"line":142,"column":26},"end":{"line":144,"column":64}},"type":"cond-expr","locations":[{"start":{"line":143,"column":30},"end":{"line":143,"column":60}},{"start":{"line":144,"column":30},"end":{"line":144,"column":64}}],"line":142},"10":{"loc":{"start":{"line":149,"column":28},"end":{"line":149,"column":84}},"type":"binary-expr","locations":[{"start":{"line":149,"column":28},"end":{"line":149,"column":47}},{"start":{"line":149,"column":51},"end":{"line":149,"column":84}}],"line":149},"11":{"loc":{"start":{"line":160,"column":25},"end":{"line":162,"column":25}},"type":"binary-expr","locations":[{"start":{"line":160,"column":25},"end":{"line":160,"column":34}},{"start":{"line":161,"column":26},"end":{"line":161,"column":99}}],"line":160}},"s":{"0":0,"1":0,"2":0,"3":0,"4":0,"5":0,"6":0,"7":0,"8":0,"9":0,"10":0,"11":0,"12":0,"13":0,"14":0,"15":0,"16":0,"17":0,"18":0,"19":0,"20":0,"21":0,"22":0,"23":0,"24":0,"25":0,"26":0,"27":0,"28":0,"29":0,"30":0,"31":0,"32":0,"33":0,"34":0,"35":0,"36":0,"37":0,"38":0,"39":0,"40":0,"41":0,"42":0,"43":0},"f":{"0":0,"1":0,"2":0,"3":0,"4":0,"5":0,"6":0,"7":0,"8":0,"9":0,"10":0,"11":0,"12":0,"13":0,"14":0,"15":0,"16":0,"17":0,"18":0,"19":0},"b":{"0":[0,0],"1":[0,0],"2":[0,0],"3":[0,0],"4":[0,0],"5":[0,0],"6":[0,0],"7":[0,0],"8":[0,0],"9":[0,0],"10":[0,0],"11":[0,0]}}
,"C:\\Users\\hp\\Desktop\\Programming\\My Project\\leddar\\leddar-artisan-frontend\\src\\components\\layout\\MainLayout.jsx": {"path":"C:\\Users\\hp\\Desktop\\Programming\\My Project\\leddar\\leddar-artisan-frontend\\src\\components\\layout\\MainLayout.jsx","statementMap":{"0":{"start":{"line":8,"column":44},"end":{"line":8,"column":59}},"1":{"start":{"line":10,"column":2},"end":{"line":29,"column":4}},"2":{"start":{"line":13,"column":53},"end":{"line":13,"column":76}},"3":{"start":{"line":20,"column":30},"end":{"line":20,"column":63}},"4":{"start":{"line":20,"column":57},"end":{"line":20,"column":62}}},"fnMap":{"0":{"name":"MainLayout","decl":{"start":{"line":7,"column":24},"end":{"line":7,"column":34}},"loc":{"start":{"line":7,"column":69},"end":{"line":30,"column":1}},"line":7},"1":{"name":"(anonymous_1)","decl":{"start":{"line":13,"column":47},"end":{"line":13,"column":48}},"loc":{"start":{"line":13,"column":53},"end":{"line":13,"column":76}},"line":13},"2":{"name":"(anonymous_2)","decl":{"start":{"line":20,"column":24},"end":{"line":20,"column":25}},"loc":{"start":{"line":20,"column":30},"end":{"line":20,"column":63}},"line":20},"3":{"name":"(anonymous_3)","decl":{"start":{"line":20,"column":47},"end":{"line":20,"column":48}},"loc":{"start":{"line":20,"column":57},"end":{"line":20,"column":62}},"line":20}},"branchMap":{},"s":{"0":0,"1":0,"2":0,"3":0,"4":0},"f":{"0":0,"1":0,"2":0,"3":0},"b":{}}
,"C:\\Users\\hp\\Desktop\\Programming\\My Project\\leddar\\leddar-artisan-frontend\\src\\components\\layout\\Sidebar.jsx": {"path":"C:\\Users\\hp\\Desktop\\Programming\\My Project\\leddar\\leddar-artisan-frontend\\src\\components\\layout\\Sidebar.jsx","statementMap":{"0":{"start":{"line":9,"column":19},"end":{"line":9,"column":32}},"1":{"start":{"line":11,"column":20},"end":{"line":18,"column":3}},"2":{"start":{"line":20,"column":2},"end":{"line":76,"column":4}},"3":{"start":{"line":42,"column":27},"end":{"line":42,"column":36}},"4":{"start":{"line":43,"column":31},"end":{"line":43,"column":53}},"5":{"start":{"line":44,"column":14},"end":{"line":58,"column":16}}},"fnMap":{"0":{"name":"Sidebar","decl":{"start":{"line":8,"column":24},"end":{"line":8,"column":31}},"loc":{"start":{"line":8,"column":53},"end":{"line":77,"column":1}},"line":8},"1":{"name":"(anonymous_1)","decl":{"start":{"line":41,"column":27},"end":{"line":41,"column":28}},"loc":{"start":{"line":41,"column":37},"end":{"line":59,"column":13}},"line":41}},"branchMap":{"0":{"loc":{"start":{"line":24,"column":10},"end":{"line":24,"column":73}},"type":"cond-expr","locations":[{"start":{"line":24,"column":19},"end":{"line":24,"column":34}},{"start":{"line":24,"column":37},"end":{"line":24,"column":73}}],"line":24},"1":{"loc":{"start":{"line":50,"column":20},"end":{"line":52,"column":78}},"type":"cond-expr","locations":[{"start":{"line":51,"column":24},"end":{"line":51,"column":73}},{"start":{"line":52,"column":24},"end":{"line":52,"column":78}}],"line":50},"2":{"loc":{"start":{"line":69,"column":7},"end":{"line":74,"column":7}},"type":"binary-expr","locations":[{"start":{"line":69,"column":7},"end":{"line":69,"column":13}},{"start":{"line":70,"column":8},"end":{"line":73,"column":10}}],"line":69}},"s":{"0":0,"1":0,"2":0,"3":0,"4":0,"5":0},"f":{"0":0,"1":0},"b":{"0":[0,0],"1":[0,0],"2":[0,0]}}
,"C:\\Users\\hp\\Desktop\\Programming\\My Project\\leddar\\leddar-artisan-frontend\\src\\components\\providers\\Providers.jsx": {"path":"C:\\Users\\hp\\Desktop\\Programming\\My Project\\leddar\\leddar-artisan-frontend\\src\\components\\providers\\Providers.jsx","statementMap":{"0":{"start":{"line":6,"column":2},"end":{"line":6,"column":55}}},"fnMap":{"0":{"name":"Providers","decl":{"start":{"line":5,"column":24},"end":{"line":5,"column":33}},"loc":{"start":{"line":5,"column":48},"end":{"line":7,"column":1}},"line":5}},"branchMap":{},"s":{"0":0},"f":{"0":0},"b":{}}
,"C:\\Users\\hp\\Desktop\\Programming\\My Project\\leddar\\leddar-artisan-frontend\\src\\components\\ui\\Badge.jsx": {"path":"C:\\Users\\hp\\Desktop\\Programming\\My Project\\leddar\\leddar-artisan-frontend\\src\\components\\ui\\Badge.jsx","statementMap":{"0":{"start":{"line":11,"column":19},"end":{"line":17,"column":3}},"1":{"start":{"line":19,"column":16},"end":{"line":22,"column":3}},"2":{"start":{"line":24,"column":2},"end":{"line":30,"column":4}}},"fnMap":{"0":{"name":"Badge","decl":{"start":{"line":5,"column":24},"end":{"line":5,"column":29}},"loc":{"start":{"line":10,"column":3},"end":{"line":31,"column":1}},"line":10}},"branchMap":{"0":{"loc":{"start":{"line":7,"column":2},"end":{"line":7,"column":21}},"type":"default-arg","locations":[{"start":{"line":7,"column":12},"end":{"line":7,"column":21}}],"line":7},"1":{"loc":{"start":{"line":8,"column":2},"end":{"line":8,"column":13}},"type":"default-arg","locations":[{"start":{"line":8,"column":9},"end":{"line":8,"column":13}}],"line":8},"2":{"loc":{"start":{"line":9,"column":2},"end":{"line":9,"column":16}},"type":"default-arg","locations":[{"start":{"line":9,"column":14},"end":{"line":9,"column":16}}],"line":9},"3":{"loc":{"start":{"line":26,"column":77},"end":{"line":26,"column":114}},"type":"binary-expr","locations":[{"start":{"line":26,"column":77},"end":{"line":26,"column":94}},{"start":{"line":26,"column":98},"end":{"line":26,"column":114}}],"line":26},"4":{"loc":{"start":{"line":26,"column":118},"end":{"line":26,"column":141}},"type":"binary-expr","locations":[{"start":{"line":26,"column":118},"end":{"line":26,"column":129}},{"start":{"line":26,"column":133},"end":{"line":26,"column":141}}],"line":26}},"s":{"0":0,"1":0,"2":0},"f":{"0":0},"b":{"0":[0],"1":[0],"2":[0],"3":[0,0],"4":[0,0]}}
,"C:\\Users\\hp\\Desktop\\Programming\\My Project\\leddar\\leddar-artisan-frontend\\src\\components\\ui\\Button.jsx": {"path":"C:\\Users\\hp\\Desktop\\Programming\\My Project\\leddar\\leddar-artisan-frontend\\src\\components\\ui\\Button.jsx","statementMap":{"0":{"start":{"line":13,"column":19},"end":{"line":20,"column":3}},"1":{"start":{"line":22,"column":16},"end":{"line":26,"column":3}},"2":{"start":{"line":28,"column":2},"end":{"line":35,"column":4}}},"fnMap":{"0":{"name":"Button","decl":{"start":{"line":5,"column":24},"end":{"line":5,"column":30}},"loc":{"start":{"line":12,"column":3},"end":{"line":36,"column":1}},"line":12}},"branchMap":{"0":{"loc":{"start":{"line":6,"column":2},"end":{"line":6,"column":21}},"type":"default-arg","locations":[{"start":{"line":6,"column":12},"end":{"line":6,"column":21}}],"line":6},"1":{"loc":{"start":{"line":7,"column":2},"end":{"line":7,"column":13}},"type":"default-arg","locations":[{"start":{"line":7,"column":9},"end":{"line":7,"column":13}}],"line":7},"2":{"loc":{"start":{"line":8,"column":2},"end":{"line":8,"column":19}},"type":"default-arg","locations":[{"start":{"line":8,"column":14},"end":{"line":8,"column":19}}],"line":8},"3":{"loc":{"start":{"line":10,"column":2},"end":{"line":10,"column":16}},"type":"default-arg","locations":[{"start":{"line":10,"column":14},"end":{"line":10,"column":16}}],"line":10},"4":{"loc":{"start":{"line":30,"column":184},"end":{"line":30,"column":221}},"type":"binary-expr","locations":[{"start":{"line":30,"column":184},"end":{"line":30,"column":201}},{"start":{"line":30,"column":205},"end":{"line":30,"column":221}}],"line":30},"5":{"loc":{"start":{"line":30,"column":225},"end":{"line":30,"column":248}},"type":"binary-expr","locations":[{"start":{"line":30,"column":225},"end":{"line":30,"column":236}},{"start":{"line":30,"column":240},"end":{"line":30,"column":248}}],"line":30},"6":{"loc":{"start":{"line":30,"column":252},"end":{"line":30,"column":277}},"type":"cond-expr","locations":[{"start":{"line":30,"column":264},"end":{"line":30,"column":272}},{"start":{"line":30,"column":275},"end":{"line":30,"column":277}}],"line":30}},"s":{"0":0,"1":0,"2":0},"f":{"0":0},"b":{"0":[0],"1":[0],"2":[0],"3":[0],"4":[0,0],"5":[0,0],"6":[0,0]}}
,"C:\\Users\\hp\\Desktop\\Programming\\My Project\\leddar\\leddar-artisan-frontend\\src\\components\\ui\\Card.jsx": {"path":"C:\\Users\\hp\\Desktop\\Programming\\My Project\\leddar\\leddar-artisan-frontend\\src\\components\\ui\\Card.jsx","statementMap":{"0":{"start":{"line":9,"column":2},"end":{"line":15,"column":4}},"1":{"start":{"line":22,"column":2},"end":{"line":26,"column":4}},"2":{"start":{"line":33,"column":2},"end":{"line":33,"column":69}},"3":{"start":{"line":40,"column":2},"end":{"line":44,"column":4}}},"fnMap":{"0":{"name":"Card","decl":{"start":{"line":8,"column":16},"end":{"line":8,"column":20}},"loc":{"start":{"line":8,"column":51},"end":{"line":16,"column":1}},"line":8},"1":{"name":"CardHeader","decl":{"start":{"line":21,"column":16},"end":{"line":21,"column":26}},"loc":{"start":{"line":21,"column":57},"end":{"line":27,"column":1}},"line":21},"2":{"name":"CardContent","decl":{"start":{"line":32,"column":16},"end":{"line":32,"column":27}},"loc":{"start":{"line":32,"column":58},"end":{"line":34,"column":1}},"line":32},"3":{"name":"CardTitle","decl":{"start":{"line":39,"column":16},"end":{"line":39,"column":25}},"loc":{"start":{"line":39,"column":56},"end":{"line":45,"column":1}},"line":39}},"branchMap":{"0":{"loc":{"start":{"line":8,"column":33},"end":{"line":8,"column":47}},"type":"default-arg","locations":[{"start":{"line":8,"column":45},"end":{"line":8,"column":47}}],"line":8},"1":{"loc":{"start":{"line":21,"column":39},"end":{"line":21,"column":53}},"type":"default-arg","locations":[{"start":{"line":21,"column":51},"end":{"line":21,"column":53}}],"line":21},"2":{"loc":{"start":{"line":32,"column":40},"end":{"line":32,"column":54}},"type":"default-arg","locations":[{"start":{"line":32,"column":52},"end":{"line":32,"column":54}}],"line":32},"3":{"loc":{"start":{"line":39,"column":38},"end":{"line":39,"column":52}},"type":"default-arg","locations":[{"start":{"line":39,"column":50},"end":{"line":39,"column":52}}],"line":39}},"s":{"0":0,"1":0,"2":0,"3":0},"f":{"0":0,"1":0,"2":0,"3":0},"b":{"0":[0],"1":[0],"2":[0],"3":[0]}}
,"C:\\Users\\hp\\Desktop\\Programming\\My Project\\leddar\\leddar-artisan-frontend\\src\\components\\ui\\Input.jsx": {"path":"C:\\Users\\hp\\Desktop\\Programming\\My Project\\leddar\\leddar-artisan-frontend\\src\\components\\ui\\Input.jsx","statementMap":{"0":{"start":{"line":10,"column":2},"end":{"line":30,"column":4}}},"fnMap":{"0":{"name":"Input","decl":{"start":{"line":9,"column":24},"end":{"line":9,"column":29}},"loc":{"start":{"line":9,"column":74},"end":{"line":31,"column":1}},"line":9}},"branchMap":{"0":{"loc":{"start":{"line":9,"column":46},"end":{"line":9,"column":60}},"type":"default-arg","locations":[{"start":{"line":9,"column":58},"end":{"line":9,"column":60}}],"line":9},"1":{"loc":{"start":{"line":13,"column":7},"end":{"line":17,"column":7}},"type":"binary-expr","locations":[{"start":{"line":13,"column":7},"end":{"line":13,"column":12}},{"start":{"line":14,"column":8},"end":{"line":16,"column":16}}],"line":13},"2":{"loc":{"start":{"line":22,"column":10},"end":{"line":22,"column":77}},"type":"cond-expr","locations":[{"start":{"line":22,"column":18},"end":{"line":22,"column":54}},{"start":{"line":22,"column":57},"end":{"line":22,"column":77}}],"line":22},"3":{"loc":{"start":{"line":28,"column":7},"end":{"line":28,"column":67}},"type":"binary-expr","locations":[{"start":{"line":28,"column":7},"end":{"line":28,"column":12}},{"start":{"line":28,"column":16},"end":{"line":28,"column":67}}],"line":28}},"s":{"0":0},"f":{"0":0},"b":{"0":[0],"1":[0,0],"2":[0,0],"3":[0,0]}}
,"C:\\Users\\hp\\Desktop\\Programming\\My Project\\leddar\\leddar-artisan-frontend\\src\\components\\ui\\Modal.jsx": {"path":"C:\\Users\\hp\\Desktop\\Programming\\My Project\\leddar\\leddar-artisan-frontend\\src\\components\\ui\\Modal.jsx","statementMap":{"0":{"start":{"line":12,"column":2},"end":{"line":17,"column":22}},"1":{"start":{"line":13,"column":4},"end":{"line":13,"column":22}},"2":{"start":{"line":13,"column":15},"end":{"line":13,"column":22}},"3":{"start":{"line":14,"column":20},"end":{"line":14,"column":65}},"4":{"start":{"line":14,"column":29},"end":{"line":14,"column":63}},"5":{"start":{"line":14,"column":53},"end":{"line":14,"column":63}},"6":{"start":{"line":15,"column":4},"end":{"line":15,"column":50}},"7":{"start":{"line":16,"column":4},"end":{"line":16,"column":66}},"8":{"start":{"line":16,"column":17},"end":{"line":16,"column":65}},"9":{"start":{"line":19,"column":2},"end":{"line":19,"column":25}},"10":{"start":{"line":19,"column":13},"end":{"line":19,"column":25}},"11":{"start":{"line":21,"column":2},"end":{"line":49,"column":4}}},"fnMap":{"0":{"name":"Modal","decl":{"start":{"line":10,"column":24},"end":{"line":10,"column":29}},"loc":{"start":{"line":10,"column":66},"end":{"line":50,"column":1}},"line":10},"1":{"name":"(anonymous_1)","decl":{"start":{"line":12,"column":12},"end":{"line":12,"column":13}},"loc":{"start":{"line":12,"column":18},"end":{"line":17,"column":3}},"line":12},"2":{"name":"(anonymous_2)","decl":{"start":{"line":14,"column":20},"end":{"line":14,"column":21}},"loc":{"start":{"line":14,"column":27},"end":{"line":14,"column":65}},"line":14},"3":{"name":"(anonymous_3)","decl":{"start":{"line":16,"column":11},"end":{"line":16,"column":12}},"loc":{"start":{"line":16,"column":17},"end":{"line":16,"column":65}},"line":16}},"branchMap":{"0":{"loc":{"start":{"line":13,"column":4},"end":{"line":13,"column":22}},"type":"if","locations":[{"start":{"line":13,"column":4},"end":{"line":13,"column":22}},{"start":{},"end":{}}],"line":13},"1":{"loc":{"start":{"line":14,"column":29},"end":{"line":14,"column":63}},"type":"if","locations":[{"start":{"line":14,"column":29},"end":{"line":14,"column":63}},{"start":{},"end":{}}],"line":14},"2":{"loc":{"start":{"line":19,"column":2},"end":{"line":19,"column":25}},"type":"if","locations":[{"start":{"line":19,"column":2},"end":{"line":19,"column":25}},{"start":{},"end":{}}],"line":19}},"s":{"0":0,"1":0,"2":0,"3":0,"4":0,"5":0,"6":0,"7":0,"8":0,"9":0,"10":0,"11":0},"f":{"0":0,"1":0,"2":0,"3":0},"b":{"0":[0,0],"1":[0,0],"2":[0,0]}}
,"C:\\Users\\hp\\Desktop\\Programming\\My Project\\leddar\\leddar-artisan-frontend\\src\\components\\ui\\StatCard.jsx": {"path":"C:\\Users\\hp\\Desktop\\Programming\\My Project\\leddar\\leddar-artisan-frontend\\src\\components\\ui\\StatCard.jsx","statementMap":{"0":{"start":{"line":16,"column":2},"end":{"line":29,"column":4}}},"fnMap":{"0":{"name":"StatCard","decl":{"start":{"line":10,"column":24},"end":{"line":10,"column":32}},"loc":{"start":{"line":15,"column":3},"end":{"line":30,"column":1}},"line":15}},"branchMap":{"0":{"loc":{"start":{"line":14,"column":2},"end":{"line":14,"column":30}},"type":"default-arg","locations":[{"start":{"line":14,"column":14},"end":{"line":14,"column":30}}],"line":14},"1":{"loc":{"start":{"line":25,"column":11},"end":{"line":25,"column":37}},"type":"binary-expr","locations":[{"start":{"line":25,"column":11},"end":{"line":25,"column":15}},{"start":{"line":25,"column":19},"end":{"line":25,"column":37}}],"line":25}},"s":{"0":0},"f":{"0":0},"b":{"0":[0],"1":[0,0]}}
,"C:\\Users\\hp\\Desktop\\Programming\\My Project\\leddar\\leddar-artisan-frontend\\src\\data\\mockData.js": {"path":"C:\\Users\\hp\\Desktop\\Programming\\My Project\\leddar\\leddar-artisan-frontend\\src\\data\\mockData.js","statementMap":{"0":{"start":{"line":6,"column":24},"end":{"line":21,"column":1}},"1":{"start":{"line":23,"column":24},"end":{"line":76,"column":1}},"2":{"start":{"line":78,"column":28},"end":{"line":119,"column":1}},"3":{"start":{"line":121,"column":33},"end":{"line":163,"column":1}}},"fnMap":{},"branchMap":{},"s":{"0":0,"1":0,"2":0,"3":0},"f":{},"b":{}}
,"C:\\Users\\hp\\Desktop\\Programming\\My Project\\leddar\\leddar-artisan-frontend\\src\\redux\\Provider.js": {"path":"C:\\Users\\hp\\Desktop\\Programming\\My Project\\leddar\\leddar-artisan-frontend\\src\\redux\\Provider.js","statementMap":{"0":{"start":{"line":7,"column":2},"end":{"line":7,"column":55}}},"fnMap":{"0":{"name":"ReduxProvider","decl":{"start":{"line":6,"column":16},"end":{"line":6,"column":29}},"loc":{"start":{"line":6,"column":44},"end":{"line":8,"column":1}},"line":6}},"branchMap":{},"s":{"0":0},"f":{"0":0},"b":{}}
,"C:\\Users\\hp\\Desktop\\Programming\\My Project\\leddar\\leddar-artisan-frontend\\src\\redux\\store.js": {"path":"C:\\Users\\hp\\Desktop\\Programming\\My Project\\leddar\\leddar-artisan-frontend\\src\\redux\\store.js","statementMap":{"0":{"start":{"line":9,"column":21},"end":{"line":29,"column":2}},"1":{"start":{"line":15,"column":4},"end":{"line":28,"column":6}}},"fnMap":{"0":{"name":"(anonymous_0)","decl":{"start":{"line":14,"column":14},"end":{"line":14,"column":15}},"loc":{"start":{"line":15,"column":4},"end":{"line":28,"column":6}},"line":15}},"branchMap":{},"s":{"0":0,"1":0},"f":{"0":0},"b":{}}
,"C:\\Users\\hp\\Desktop\\Programming\\My Project\\leddar\\leddar-artisan-frontend\\src\\redux\\slices\\authSlice.js": {"path":"C:\\Users\\hp\\Desktop\\Programming\\My Project\\leddar\\leddar-artisan-frontend\\src\\redux\\slices\\authSlice.js","statementMap":{"0":{"start":{"line":5,"column":2},"end":{"line":5,"column":67}},"1":{"start":{"line":7,"column":27},"end":{"line":16,"column":1}},"2":{"start":{"line":8,"column":2},"end":{"line":8,"column":35}},"3":{"start":{"line":8,"column":21},"end":{"line":8,"column":35}},"4":{"start":{"line":9,"column":14},"end":{"line":9,"column":40}},"5":{"start":{"line":10,"column":2},"end":{"line":10,"column":72}},"6":{"start":{"line":10,"column":57},"end":{"line":10,"column":72}},"7":{"start":{"line":11,"column":2},"end":{"line":11,"column":41}},"8":{"start":{"line":11,"column":27},"end":{"line":11,"column":41}},"9":{"start":{"line":12,"column":2},"end":{"line":12,"column":47}},"10":{"start":{"line":12,"column":30},"end":{"line":12,"column":47}},"11":{"start":{"line":13,"column":2},"end":{"line":13,"column":43}},"12":{"start":{"line":13,"column":28},"end":{"line":13,"column":43}},"13":{"start":{"line":14,"column":2},"end":{"line":14,"column":47}},"14":{"start":{"line":14,"column":30},"end":{"line":14,"column":47}},"15":{"start":{"line":15,"column":2},"end":{"line":15,"column":16}},"16":{"start":{"line":20,"column":31},"end":{"line":42,"column":1}},"17":{"start":{"line":23,"column":4},"end":{"line":40,"column":5}},"18":{"start":{"line":24,"column":27},"end":{"line":24,"column":52}},"19":{"start":{"line":25,"column":6},"end":{"line":27,"column":7}},"20":{"start":{"line":26,"column":8},"end":{"line":26,"column":68}},"21":{"start":{"line":28,"column":23},"end":{"line":34,"column":7}},"22":{"start":{"line":35,"column":6},"end":{"line":35,"column":27}},"23":{"start":{"line":37,"column":6},"end":{"line":39,"column":8}},"24":{"start":{"line":44,"column":21},"end":{"line":61,"column":1}},"25":{"start":{"line":47,"column":4},"end":{"line":59,"column":5}},"26":{"start":{"line":48,"column":23},"end":{"line":48,"column":77}},"27":{"start":{"line":49,"column":6},"end":{"line":49,"column":27}},"28":{"start":{"line":52,"column":6},"end":{"line":54,"column":7}},"29":{"start":{"line":53,"column":8},"end":{"line":53,"column":106}},"30":{"start":{"line":56,"column":6},"end":{"line":58,"column":8}},"31":{"start":{"line":63,"column":25},"end":{"line":73,"column":1}},"32":{"start":{"line":66,"column":4},"end":{"line":71,"column":5}},"33":{"start":{"line":67,"column":23},"end":{"line":67,"column":75}},"34":{"start":{"line":68,"column":6},"end":{"line":68,"column":27}},"35":{"start":{"line":70,"column":6},"end":{"line":70,"column":79}},"36":{"start":{"line":77,"column":18},"end":{"line":165,"column":2}},"37":{"start":{"line":91,"column":6},"end":{"line":91,"column":28}},"38":{"start":{"line":92,"column":6},"end":{"line":92,"column":25}},"39":{"start":{"line":93,"column":6},"end":{"line":93,"column":28}},"40":{"start":{"line":96,"column":6},"end":{"line":96,"column":24}},"41":{"start":{"line":97,"column":6},"end":{"line":97,"column":25}},"42":{"start":{"line":98,"column":6},"end":{"line":98,"column":28}},"43":{"start":{"line":99,"column":6},"end":{"line":102,"column":7}},"44":{"start":{"line":100,"column":8},"end":{"line":100,"column":41}},"45":{"start":{"line":101,"column":8},"end":{"line":101,"column":40}},"46":{"start":{"line":105,"column":6},"end":{"line":107,"column":7}},"47":{"start":{"line":106,"column":8},"end":{"line":106,"column":58}},"48":{"start":{"line":111,"column":4},"end":{"line":163,"column":9}},"49":{"start":{"line":114,"column":8},"end":{"line":114,"column":29}},"50":{"start":{"line":115,"column":8},"end":{"line":115,"column":27}},"51":{"start":{"line":118,"column":8},"end":{"line":118,"column":30}},"52":{"start":{"line":119,"column":8},"end":{"line":119,"column":29}},"53":{"start":{"line":122,"column":8},"end":{"line":122,"column":30}},"54":{"start":{"line":123,"column":8},"end":{"line":123,"column":37}},"55":{"start":{"line":127,"column":8},"end":{"line":127,"column":29}},"56":{"start":{"line":128,"column":8},"end":{"line":128,"column":27}},"57":{"start":{"line":131,"column":8},"end":{"line":131,"column":30}},"58":{"start":{"line":132,"column":8},"end":{"line":132,"column":47}},"59":{"start":{"line":133,"column":8},"end":{"line":133,"column":48}},"60":{"start":{"line":134,"column":8},"end":{"line":134,"column":70}},"61":{"start":{"line":135,"column":8},"end":{"line":135,"column":29}},"62":{"start":{"line":136,"column":8},"end":{"line":142,"column":9}},"63":{"start":{"line":137,"column":10},"end":{"line":137,"column":67}},"64":{"start":{"line":138,"column":10},"end":{"line":140,"column":11}},"65":{"start":{"line":139,"column":12},"end":{"line":139,"column":83}},"66":{"start":{"line":141,"column":10},"end":{"line":141,"column":81}},"67":{"start":{"line":145,"column":8},"end":{"line":145,"column":30}},"68":{"start":{"line":146,"column":8},"end":{"line":146,"column":37}},"69":{"start":{"line":150,"column":8},"end":{"line":150,"column":29}},"70":{"start":{"line":153,"column":8},"end":{"line":153,"column":30}},"71":{"start":{"line":154,"column":8},"end":{"line":158,"column":10}},"72":{"start":{"line":161,"column":8},"end":{"line":161,"column":30}},"73":{"start":{"line":162,"column":8},"end":{"line":162,"column":37}},"74":{"start":{"line":167,"column":52},"end":{"line":167,"column":69}}},"fnMap":{"0":{"name":"(anonymous_0)","decl":{"start":{"line":7,"column":27},"end":{"line":7,"column":28}},"loc":{"start":{"line":7,"column":45},"end":{"line":16,"column":1}},"line":7},"1":{"name":"(anonymous_1)","decl":{"start":{"line":22,"column":2},"end":{"line":22,"column":3}},"loc":{"start":{"line":22,"column":43},"end":{"line":41,"column":3}},"line":22},"2":{"name":"(anonymous_2)","decl":{"start":{"line":46,"column":2},"end":{"line":46,"column":3}},"loc":{"start":{"line":46,"column":46},"end":{"line":60,"column":3}},"line":46},"3":{"name":"(anonymous_3)","decl":{"start":{"line":65,"column":2},"end":{"line":65,"column":3}},"loc":{"start":{"line":65,"column":42},"end":{"line":72,"column":3}},"line":65},"4":{"name":"(anonymous_4)","decl":{"start":{"line":90,"column":15},"end":{"line":90,"column":16}},"loc":{"start":{"line":90,"column":26},"end":{"line":94,"column":5}},"line":90},"5":{"name":"(anonymous_5)","decl":{"start":{"line":95,"column":12},"end":{"line":95,"column":13}},"loc":{"start":{"line":95,"column":23},"end":{"line":103,"column":5}},"line":95},"6":{"name":"(anonymous_6)","decl":{"start":{"line":104,"column":19},"end":{"line":104,"column":20}},"loc":{"start":{"line":104,"column":38},"end":{"line":108,"column":5}},"line":104},"7":{"name":"(anonymous_7)","decl":{"start":{"line":110,"column":17},"end":{"line":110,"column":18}},"loc":{"start":{"line":110,"column":30},"end":{"line":164,"column":3}},"line":110},"8":{"name":"(anonymous_8)","decl":{"start":{"line":113,"column":40},"end":{"line":113,"column":41}},"loc":{"start":{"line":113,"column":51},"end":{"line":116,"column":7}},"line":113},"9":{"name":"(anonymous_9)","decl":{"start":{"line":117,"column":42},"end":{"line":117,"column":43}},"loc":{"start":{"line":117,"column":53},"end":{"line":120,"column":7}},"line":117},"10":{"name":"(anonymous_10)","decl":{"start":{"line":121,"column":41},"end":{"line":121,"column":42}},"loc":{"start":{"line":121,"column":60},"end":{"line":124,"column":7}},"line":121},"11":{"name":"(anonymous_11)","decl":{"start":{"line":126,"column":30},"end":{"line":126,"column":31}},"loc":{"start":{"line":126,"column":41},"end":{"line":129,"column":7}},"line":126},"12":{"name":"(anonymous_12)","decl":{"start":{"line":130,"column":32},"end":{"line":130,"column":33}},"loc":{"start":{"line":130,"column":51},"end":{"line":143,"colu
[...]
:{"line":144,"column":4},"end":{"line":144,"column":23}},"72":{"start":{"line":145,"column":4},"end":{"line":145,"column":26}},"73":{"start":{"line":147,"column":24},"end":{"line":147,"column":38}},"74":{"start":{"line":149,"column":4},"end":{"line":152,"column":5}},"75":{"start":{"line":150,"column":6},"end":{"line":150,"column":69}},"76":{"start":{"line":151,"column":6},"end":{"line":151,"column":13}},"77":{"start":{"line":154,"column":4},"end":{"line":154,"column":29}},"78":{"start":{"line":154,"column":22},"end":{"line":154,"column":29}},"79":{"start":{"line":156,"column":17},"end":{"line":156,"column":31}},"80":{"start":{"line":157,"column":4},"end":{"line":157,"column":76}},"81":{"start":{"line":157,"column":43},"end":{"line":157,"column":74}},"82":{"start":{"line":159,"column":4},"end":{"line":159,"column":68}},"83":{"start":{"line":159,"column":39},"end":{"line":159,"column":66}},"84":{"start":{"line":160,"column":4},"end":{"line":160,"column":56}},"85":{"start":{"line":161,"column":4},"end":{"line":161,"column":70}},"86":{"start":{"line":161,"column":38},"end":{"line":161,"column":68}},"87":{"start":{"line":163,"column":4},"end":{"line":163,"column":36}},"88":{"start":{"line":167,"column":19},"end":{"line":172,"column":12}},"89":{"start":{"line":168,"column":4},"end":{"line":172,"column":12}},"90":{"start":{"line":174,"column":2},"end":{"line":194,"column":3}},"91":{"start":{"line":175,"column":4},"end":{"line":193,"column":6}},"92":{"start":{"line":196,"column":2},"end":{"line":528,"column":4}},"93":{"start":{"line":229,"column":37},"end":{"line":229,"column":77}},"94":{"start":{"line":243,"column":22},"end":{"line":243,"column":70}},"95":{"start":{"line":267,"column":35},"end":{"line":267,"column":70}},"96":{"start":{"line":268,"column":20},"end":{"line":281,"column":22}},"97":{"start":{"line":272,"column":39},"end":{"line":272,"column":61}},"98":{"start":{"line":294,"column":37},"end":{"line":294,"column":74}},"99":{"start":{"line":306,"column":37},"end":{"line":306,"column":77}},"100":{"start":{"line":323,"column":37},"end":{"line":323,"column":84}},"101":{"start":{"line":333,"column":37},"end":{"line":333,"column":84}},"102":{"start":{"line":350,"column":20},"end":{"line":366,"column":26}},"103":{"start":{"line":360,"column":39},"end":{"line":360,"column":66}},"104":{"start":{"line":401,"column":39},"end":{"line":401,"column":79}},"105":{"start":{"line":410,"column":37},"end":{"line":410,"column":67}},"106":{"start":{"line":427,"column":24},"end":{"line":427,"column":71}},"107":{"start":{"line":438,"column":24},"end":{"line":438,"column":68}},"108":{"start":{"line":460,"column":24},"end":{"line":460,"column":59}},"109":{"start":{"line":461,"column":24},"end":{"line":462,"column":72}},"110":{"start":{"line":462,"column":26},"end":{"line":462,"column":72}},"111":{"start":{"line":462,"column":47},"end":{"line":462,"column":69}},"112":{"start":{"line":472,"column":40},"end":{"line":472,"column":59}},"113":{"start":{"line":481,"column":40},"end":{"line":481,"column":59}}},"fnMap":{"0":{"name":"Signup","decl":{"start":{"line":22,"column":24},"end":{"line":22,"column":30}},"loc":{"start":{"line":22,"column":33},"end":{"line":529,"column":1}},"line":22},"1":{"name":"(anonymous_1)","decl":{"start":{"line":29,"column":18},"end":{"line":29,"column":19}},"loc":{"start":{"line":29,"column":29},"end":{"line":29,"column":39}},"line":29},"2":{"name":"(anonymous_2)","decl":{"start":{"line":52,"column":26},"end":{"line":52,"column":27}},"loc":{"start":{"line":52,"column":37},"end":{"line":57,"column":3}},"line":52},"3":{"name":"(anonymous_3)","decl":{"start":{"line":53,"column":27},"end":{"line":53,"column":28}},"loc":{"start":{"line":54,"column":6},"end":{"line":54,"column":79}},"line":54},"4":{"name":"(anonymous_4)","decl":{"start":{"line":54,"column":41},"end":{"line":54,"column":42}},"loc":{"start":{"line":54,"column":48},"end":{"line":54,"column":59}},"line":54},"5":{"name":"(anonymous_5)","decl":{"start":{"line":56,"column":36},"end":{"line":56,"column":37}},"loc":{"start":{"line":56,"column":47},"end":{"line":56,"column":73}},"line":56},"6":{"name":"(anonymous_6)","decl":{"start":{"line":67,"column":12},"end":{"line":67,"column":13}},"loc":{"start":{"line":67,"column":18},"end":{"line":69,"column":3}},"line":67},"7":{"name":"(anonymous_7)","decl":{"start":{"line":71,"column":23},"end":{"line":71,"column":24}},"loc":{"start":{"line":71,"column":41},"end":{"line":77,"column":3}},"line":71},"8":{"name":"(anonymous_8)","decl":{"start":{"line":75,"column":16},"end":{"line":75,"column":17}},"loc":{"start":{"line":75,"column":27},"end":{"line":75,"column":51}},"line":75},"9":{"name":"(anonymous_9)","decl":{"start":{"line":79,"column":23},"end":{"line":79,"column":24}},"loc":{"start":{"line":79,"column":29},"end":{"line":115,"column":3}},"line":79},"10":{"name":"(anonymous_10)","decl":{"start":{"line":117,"column":32},"end":{"line":117,"column":33}},"loc":{"start":{"line":117,"column":39},"end":{"line":137,"column":3}},"line":117},"11":{"name":"(anonymous_11)","decl":{"start":{"line":126,"column":36},"end":{"line":126,"column":37}},"loc":{"start":{"line":126,"column":46},"end":{"line":134,"column":5}},"line":126},"12":{"name":"(anonymous_12)","decl":{"start":{"line":136,"column":23},"end":{"line":136,"column":24}},"loc":{"start":{"line":136,"column":33},"end":{"line":136,"column":57}},"line":136},"13":{"name":"(anonymous_13)","decl":{"start":{"line":139,"column":31},"end":{"line":139,"column":32}},"loc":{"start":{"line":139,"column":42},"end":{"line":141,"column":3}},"line":139},"14":{"name":"(anonymous_14)","decl":{"start":{"line":140,"column":46},"end":{"line":140,"column":47}},"loc":{"start":{"line":140,"column":56},"end":{"line":140,"column":67}},"line":140},"15":{"name":"(anonymous_15)","decl":{"start":{"line":143,"column":23},"end":{"line":143,"column":24}},"loc":{"start":{"line":143,"column":36},"end":{"line":164,"column":3}},"line":143},"16":{"name":"(anonymous_16)","decl":{"start":{"line":157,"column":34},"end":{"line":157,"column":35}},"loc":{"start":{"line":157,"column":43},"end":{"line":157,"column":74}},"line":157},"17":{"name":"(anonymous_17)","decl":{"start":{"line":159,"column":32},"end":{"line":159,"column":33}},"loc":{"start":{"line":159,"column":39},"end":{"line":159,"column":66}},"line":159},"18":{"name":"(anonymous_18)","decl":{"start":{"line":161,"column":28},"end":{"line":161,"column":29}},"loc":{"start":{"line":161,"column":38},"end":{"line":161,"column":68}},"line":161},"19":{"name":"(anonymous_19)","decl":{"start":{"line":167,"column":19},"end":{"line":167,"column":20}},"loc":{"start":{"line":168,"column":4},"end":{"line":172,"column":12}},"line":168},"20":{"name":"(anonymous_20)","decl":{"start":{"line":229,"column":30},"end":{"line":229,"column":31}},"loc":{"start":{"line":229,"column":37},"end":{"line":229,"column":77}},"line":229},"21":{"name":"(anonymous_21)","decl":{"start":{"line":242,"column":30},"end":{"line":242,"column":31}},"loc":{"start":{"line":243,"column":22},"end":{"line":243,"column":70}},"line":243},"22":{"name":"(anonymous_22)","decl":{"start":{"line":266,"column":35},"end":{"line":266,"column":36}},"loc":{"start":{"line":266,"column":57},"end":{"line":282,"column":19}},"line":266},"23":{"name":"(anonymous_23)","decl":{"start":{"line":272,"column":33},"end":{"line":272,"column":34}},"loc":{"start":{"line":272,"column":39},"end":{"line":272,"column":61}},"line":272},"24":{"name":"(anonymous_24)","decl":{"start":{"line":294,"column":30},"end":{"line":294,"column":31}},"loc":{"start":{"line":294,"column":37},"end":{"line":294,"column":74}},"line":294},"25":{"name":"(anonymous_25)","decl":{"start":{"line":306,"column":30},"end":{"line":306,"column":31}},"loc":{"start":{"line":306,"column":37},"end":{"line":306,"column":77}},"line":306},"26":{"name":"(anonymous_26)","decl":{"start":{"line":323,"column":30},"end":{"line":323,"column":31}},"loc":{"start":{"line":323,"column":37},"end":{"line":323,"column":84}},"line":323},"27":{"name":"(anonymous_27)","decl":{"start":{"line":333,"column":30},"end":{"line":333,"column":31}},"loc":{"start":{"line":333,"column":37},"end":{"line":333,"column":84}},"line":333},"28":{"name":"(anonymous_28)","decl":{"start":{"line":349,"column":39},"end":{"line":349,"column":40}},"loc":{"start":{"line":350,"column":20},"end":{"line":366,"column":26}},"line":350},"29":{"name":"(anonymous_29)","decl":{"start":{"line":360,"column":33},"end":{"line":360,"column":34}},"loc":{"start":{"line":360,"column":39},"end":{"line":360,"column":66}},"line":360},"30":{"name":"(anonymous_30)","decl":{"start":{"line":401,"column":32},"end":{"line":401,"column":33}},"loc":{"start":{"line":401,"column":39},"end":{"line":401,"column":79}},"line":401},"31":{"name":"(anonymous_31)","decl":{"start":{"line":410,"column":31},"end":{"line":410,"column":32}},"loc":{"start":{"line":410,"column":37},"end":{"line":410,"column":67}},"line":410},"32":{"name":"(anonymous_32)","decl":{"start":{"line":426,"column":32},"end":{"line":426,"column":33}},"loc":{"start":{"line":427,"column":24},"end":{"line":427,"column":71}},"line":427},"33":{"name":"(anonymous_33)","decl":{"start":{"line":437,"column":31},"end":{"line":437,"column":32}},"loc":{"start":{"line":438,"column":24},"end":{"line":438,"column":68}},"line":438},"34":{"name":"(anonymous_34)","decl":{"start":{"line":459,"column":32},"end":{"line":459,"column":33}},"loc":{"start":{"line":459,"column":39},"end":{"line":463,"column":23}},"line":459},"35":{"name":"(anonymous_35)","decl":{"start":{"line":462,"column":36},"end":{"line":462,"column":37}},"loc":{"start":{"line":462,"column":47},"end":{"line":462,"column":69}},"line":462},"36":{"name":"(anonymous_36)","decl":{"start":{"line":472,"column":33},"end":{"line":472,"column":34}},"loc":{"start":{"line":472,"column":40},"end":{"line":472,"column":59}},"line":472},"37":{"name":"(anonymous_37)","decl":{"start":{"line":481,"column":33},"end":{"line":481,"column":34}},"loc":{"start":{"line":481,"column":40},"end":{"line":481,"column":59}},"line":481}},"branchMap":{"0":{"loc":{"start":{"line":54,"column":6},"end":{"line":54,"column":79}},"type":"cond-expr","locations":[{"start":{"line":54,"column":29},"end":{"line":54,"column":60}},{"start":{"line":54,"column":63},"end":{"line":54,"column":79}}],"line":54},"1":{"loc":{"start":{"line":56,"column":4},"end":{"line":56,"column":76}},"type":"if","locations":[{"start":{"line":56,"column":4},"end":{"line":56,"column":76}},{"start":{},"end":{}}],"line":56},"2":{"loc":{"start":{"line":74,"column":4},"end":{"line":76,"column":5}},"type":"if","locations":[{"start":{"line":74,"column":4},"end":{"line":76,"column":5}},{"start":{},"end":{}}],"line":74},"3":{"loc":{"start":{"line":82,"column":4},"end":{"line":82,"column":80}},"type":"if","locations":[{"start":{"line":82,"column":4},"end":{"line":82,"column":80}},{"start":{},"end":{}}],"line":82},"4":{"loc":{"start":{"line":83,"column":4},"end":{"line":84,"column":73}},"type":"if","locations":[{"start":{"line":83,"column":4},"end":{"line":84,"column":73}},{"start":{},"end":{}}],"line":83},"5":{"loc":{"start":{"line":85,"column":4},"end":{"line":86,"column":67}},"type":"if","locations":[{"start":{"line":85,"column":4},"end":{"line":86,"column":67}},{"start":{},"end":{}}],"line":85},"6":{"loc":{"start":{"line":87,"column":4},"end":{"line":88,"column":57}},"type":"if","locations":[{"start":{"line":87,"column":4},"end":{"line":88,"column":57}},{"start":{},"end":{}}],"line":87},"7":{"loc":{"start":{"line":92,"column":4},"end":{"line":96,"column":5}},"type":"if","locations":[{"start":{"line":92,"column":4},"end":{"line":96,"column":5}},{"start":{"line":94,"column":11},"end":{"line":96,"column":5}}],"line":92},"8":{"loc":{"start":{"line":94,"column":11},"end":{"line":96,"column":5}},"type":"if","locations":[{"start":{"line":94,"column":11},"end":{"line":96,"column":5}},{"start":{},"end":{}}],"line":94},"9":{"loc":{"start":{"line":99,"column":4},"end":{"line":103,"column":5}},"type":"if","locations":[{"start":{"line":99,"column":4},"end":{"line":103,"column":5}},{"start":{"line":101,"column":11},"end":{"line":103,"column":5}}],"line":99},"10":{"loc":{"start":{"line":101,"column":11},"end":{"line":103,"column":5}},"type":"if","locations":[{"start":{"line":101,"column":11},"end":{"line":103,"column":5}},{"start":{},"end":{}}],"line":101},"11":{"loc":{"start":{"line":105,"column":4},"end":{"line":107,"column":5}},"type":"if","locations":[{"start":{"line":105,"column":4},"end":{"line":107,"column":5}},{"start":{},"end":{}}],"line":105},"12":{"loc":{"start":{"line":109,"column":4},"end":{"line":111,"column":5}},"type":"if","locations":[{"start":{"line":109,"column":4},"end":{"line":111,"column":5}},{"start":{},"end":{}}],"line":109},"13":{"loc":{"start":{"line":119,"column":29},"end":{"line":119,"column":49}},"type":"binary-expr","locations":[{"start":{"line":119,"column":29},"end":{"line":119,"column":43}},{"start":{"line":119,"column":47},"end":{"line":119,"column":49}}],"line":119},"14":{"loc":{"start":{"line":121,"column":4},"end":{"line":124,"column":5}},"type":"if","locations":[{"start":{"line":121,"column":4},"end":{"line":124,"column":5}},{"start":{},"end":{}}],"line":121},"15":{"loc":{"start":{"line":130,"column":6},"end":{"line":130,"column":78}},"type":"if","locations":[{"start":{"line":130,"column":6},"end":{"line":130,"column":78}},{"start":{},"end":{}}],"line":130},"16":{"loc":{"start":{"line":131,"column":6},"end":{"line":131,"column":74}},"type":"if","locations":[{"start":{"line":131,"column":6},"end":{"line":131,"column":74}},{"start":{},"end":{}}],"line":131},"17":{"loc":{"start":{"line":133,"column":13},"end":{"line":133,"column":39}},"type":"binary-expr","locations":[{"start":{"line":133,"column":13},"end":{"line":133,"column":24}},{"start":{"line":133,"column":28},"end":{"line":133,"column":39}}],"line":133},"18":{"loc":{"start":{"line":149,"column":4},"end":{"line":152,"column":5}},"type":"if","locations":[{"start":{"line":149,"column":4},"end":{"line":152,"column":5}},{"start":{},"end":{}}],"line":149},"19":{"loc":{"start":{"line":154,"column":4},"end":{"line":154,"column":29}},"type":"if","locations":[{"start":{"line":154,"column":4},"end":{"line":154,"column":29}},{"start":{},"end":{}}],"line":154},"20":{"loc":{"start":{"line":168,"column":4},"end":{"line":172,"column":12}},"type":"cond-expr","locations":[{"start":{"line":169,"column":6},"end":{"line":171,"column":10}},{"start":{"line":172,"column":8},"end":{"line":172,"column":12}}],"line":168},"21":{"loc":{"start":{"line":174,"column":2},"end":{"line":194,"column":3}},"type":"if","locations":[{"start":{"line":174,"column":2},"end":{"line":194,"column":3}},{"start":{},"end":{}}],"line":174},"22":{"loc":{"start":{"line":231,"column":22},"end":{"line":231,"column":80}},"type":"cond-expr","locations":[{"start":{"line":231,"column":40},"end":{"line":231,"column":75}},{"start":{"line":231,"column":78},"end":{"line":231,"column":80}}],"line":231},"23":{"loc":{"start":{"line":246,"column":22},"end":{"line":248,"column":75}},"type":"cond-expr","locations":[{"start":{"line":247,"column":26},"end":{"line":247,"column":74}},{"start":{"line":248,"column":26},"end":{"line":248,"column":75}}],"line":246},"24":{"loc":{"start":{"line":274,"column":26},"end":{"line":276,"column":116}},"type":"cond-expr","locations":[{"start":{"line":275,"column":30},"end":{"line":275,"column":68}},{"start":{"line":276,"column":30},"end":{"line":276,"column":116}}],"line":274},"25":{"loc":{"start":{"line":296,"column":22},"end":{"line":296,"column":77}},"type":"cond-expr","locations":[{"start":{"line":296,"column":37},"end":{"line":296,"column":72}},{"start":{"line":296,"column":75},"end":{"line":296,"column":77}}],"line":296},"26":{"loc":{"start":{"line":308,"column":22},"end":{"line":308,"column":80}},"type":"cond-expr","locations":[{"start":{"line":308,"column":40},"end":{"line":308,"column":75}},{"start":{"line":308,"column":78},"end":{"line":308,"column":80}}],"line":308},"27":{"loc":{"start":{"line":368,"column":19},"end":{"line":386,"column":19}},"type":"binary-expr","locations":[{"start":{"line":368,"column":19},"end":{"line":368,"column":45}},{"start":{"line":369,"column":20},"end":{"line":385,"column":28}}],"line":368},"28":{"loc":{"start":{"line":399,"column":28},"end":{"line":399,"column":62}},"type":"cond-expr","locations":[{"start":{"line":399,"column":43},"end":{"line":399,"column":49}},{"start":{"line":399,"column":52},"end":{"line":399,"column":62}}],"line":399},"29":{"loc":{"start":{"line":403,"column":24},"end":{"line":405,"column":77}},"type":"cond-expr","locations":[{"start":{"line":404,"column":28},"end":{"line":404,"column":76}},{"start":{"line":405,"column":28},"end":{"line":405,"column":77}}],"line":403},"30":{"loc":{"start":{"line":413,"column":23},"end":{"line":413,"column":78}},"type":"cond-expr","locations":[{"start":{"line":413,"column":38},"end":{"line":413,"column":58}},{"start":{"line":413,"column":61},"end":{"line":413,"column":78}}],"line":413},"31":{"loc":{"start":{"line":424,"column":28},"end":{"line":424,"column":69}},"type":"cond-expr","locations":[{"start":{"line":424,"column":50},"end":{"line":424,"column":56}},{"start":{"line":424,"column":59},"end":{"line":424,"column":69}}],"line":424},"32":{"loc":{"start":{"line":430,"column":24},"end":{"line":432,"column":77}},"type":"cond-expr","locations":[{"start":{"line":431,"column":28},"end":{"line":431,"column":76}},{"start":{"line":432,"column":28},"end":{"line":432,"column":77}}],"line":430},"33":{"loc":{"start":{"line":442,"column":23},"end":{"line":446,"column":23}},"type":"cond-expr","locations":[{"start":{"line":443,"column":24},"end":{"line":443,"column":44}},{"start":{"line":445,"column":24},"end":{"line":445,"column":41}}],"line":442},"34":{"loc":{"start":{"line":461,"column":24},"end":{"line":462,"column":72}},"type":"if","locations":[{"start":{"line":461,"column":24},"end":{"line":462,"column":72}},{"start":{},"end":{}}],"line":461},"35":{"loc":{"start":{"line":490,"column":17},"end":{"line":494,"column":17}},"type":"binary-expr","locations":[{"start":{"line":490,"column":17},"end":{"line":490,"column":28}},{"start":{"line":491,"column":18},"end":{"line":493,"column":24}}],"line":490},"36":{"loc":{"start":{"line":503,"column":19},"end":{"line":507,"column":19}},"type":"cond-expr","locations":[{"start":{"line":504,"column":20},"end":{"line":504,"column":74}},{"start":{"line":506,"column":20},"end":{"line":506,"column":48}}],"line":503}},"s":{"0":0,"1":0,"2":0,"3":0,"4":0,"5":0,"6":0,"7":0,"8":0,"9":0,"10":0,"11":0,"12":0,"13":0,"14":0,"15":0,"16":0,"17":0,"18":0,"19":0,"20":0,"21":0,"22":0,"23":0,"24":0,"25":0,"26":0,"27":0,"28":0,"29":0,"30":0,"31":0,"32":0,"33":0,"34":0,"35":0,"36":0,"37":0,"38":0,"39":0,"40":0,"41":0,"42":0,"43":0,"44":0,"45":0,"46":0,"47":0,"48":0,"49":0,"50":0,"51":0,"52":0,"53":0,"54":0,"55":0,"56":0,"57":0,"58":0,"59":0,"60":0,"61":0,"62":0,"63":0,"64":0,"65":0,"66":0,"67":0,"68":0,"69":0,"70":0,"71":0,"72":0,"73":0,"74":0,"75":0,"76":0,"77":0,"78":0,"79":0,"80":0,"81":0,"82":0,"83":0,"84":0,"85":0,"86":0,"87":0,"88":0,"89":0,"90":0,"91":0,"92":0,"93":0,"94":0,"95":0,"96":0,"97":0,"98":0,"99":0,"100":0,"101":0,"102":0,"103":0,"104":0,"105":0,"106":0,"107":0,"108":0,"109":0,"110":0,"111":0,"112":0,"113":0},"f":{"0":0,"1":0,"2":0,"3":0,"4":0,"5":0,"6":0,"7":0,"8":0,"9":0,"10":0,"11":0,"12":0,"13":0,"14":0,"15":0,"16":0,"17":0,"18":0,"19":0,"20":0,"21":0,"22":0,"23":0,"24":0,"25":0,"26":0,"27":0,"28":0,"29":0,"30":0,"31":0,"32":0,"33":0,"34":0,"35":0,"36":0,"37":0},"b":{"0":[0,0],"1":[0,0],"2":[0,0],"3":[0,0],"4":[0,0],"5":[0,0],"6":[0,0],"7":[0,0],"8":[0,0],"9":[0,0],"10":[0,0],"11":[0,0],"12":[0,0],"13":[0,0],"14":[0,0],"15":[0,0],"16":[0,0],"17":[0,0],"18":[0,0],"19":[0,0],"20":[0,0],"21":[0,0],"22":[0,0],"23":[0,0],"24":[0,0],"25":[0,0],"26":[0,0],"27":[0,0],"28":[0,0],"29":[0,0],"30":[0,0],"31":[0,0],"32":[0,0],"33":[0,0],"34":[0,0],"35":[0,0],"36":[0,0]}}
}
