TN:
SF:src\app\layout.jsx
FN:15,RootLayout
FNF:1
FNH:0
FNDA:0,RootLayout
DA:6,0
DA:16,0
LF:2
LH:0
BRF:0
BRH:0
end_of_record
TN:
SF:src\app\page.jsx
FN:3,HomePage
FNF:1
FNH:0
FNDA:0,HomePage
DA:4,0
LF:1
LH:0
BRF:0
BRH:0
end_of_record
TN:
SF:src\app\(protected)\layout.jsx
FN:3,ProtectedLayout
FNF:1
FNH:0
FNDA:0,ProtectedLayout
DA:4,0
LF:1
LH:0
BRF:0
BRH:0
end_of_record
TN:
SF:src\app\(protected)\bank-details\page.jsx
FN:4,BankDetailsPage
FNF:1
FNH:0
FNDA:0,BankDetailsPage
DA:5,0
LF:1
LH:0
BRF:0
BRH:0
end_of_record
TN:
SF:src\app\(protected)\dashboard\page.jsx
FN:4,DashboardPage
FNF:1
FNH:0
FNDA:0,DashboardPage
DA:5,0
LF:1
LH:0
BRF:0
BRH:0
end_of_record
TN:
SF:src\app\(protected)\jobs\page.jsx
FN:4,JobsPage
FNF:1
FNH:0
FNDA:0,JobsPage
DA:5,0
LF:1
LH:0
BRF:0
BRH:0
end_of_record
TN:
SF:src\app\(protected)\kyc\page.jsx
FN:4,KycPage
FNF:1
FNH:0
FNDA:0,KycPage
DA:5,0
LF:1
LH:0
BRF:0
BRH:0
end_of_record
TN:
SF:src\app\(protected)\payments\page.jsx
FN:4,PaymentsPage
FNF:1
FNH:0
FNDA:0,PaymentsPage
DA:5,0
LF:1
LH:0
BRF:0
BRH:0
end_of_record
TN:
SF:src\app\(protected)\profile\page.jsx
FN:4,ProfilePage
FNF:1
FNH:0
FNDA:0,ProfilePage
DA:5,0
LF:1
LH:0
BRF:0
BRH:0
end_of_record
TN:
SF:src\app\forgot-password\page.jsx
FN:3,ForgotPasswordPage
FNF:1
FNH:0
FNDA:0,ForgotPasswordPage
DA:4,0
LF:1
LH:0
BRF:0
BRH:0
end_of_record
TN:
SF:src\app\login\page.jsx
FN:3,(anonymous_0)
FN:7,LoginPage
FNF:2
FNH:0
FNDA:0,(anonymous_0)
FNDA:0,LoginPage
DA:3,0
DA:8,0
LF:2
LH:0
BRF:0
BRH:0
end_of_record
TN:
SF:src\app\privacy-policy\page.jsx
FN:31,SectionHeading
FN:42,SubHeading
FN:51,BulletList
FN:54,(anonymous_3)
FN:64,Callout
FN:72,PrivacyPolicy
FN:78,(anonymous_6)
FN:79,(anonymous_7)
FN:85,(anonymous_8)
FN:91,(anonymous_9)
FN:94,(anonymous_10)
FN:117,(anonymous_11)
FN:128,(anonymous_12)
FN:131,(anonymous_13)
FN:157,(anonymous_14)
FN:160,(anonymous_15)
FN:193,(anonymous_16)
FN:242,(anonymous_17)
FN:329,(anonymous_18)
FN:377,(anonymous_19)
FN:377,(anonymous_20)
FN:453,(anonymous_21)
FN:484,(anonymous_22)
FNF:23
FNH:0
FNDA:0,SectionHeading
FNDA:0,SubHeading
FNDA:0,BulletList
FNDA:0,(anonymous_3)
FNDA:0,Callout
FNDA:0,PrivacyPolicy
FNDA:0,(anonymous_6)
FNDA:0,(anonymous_7)
FNDA:0,(anonymous_8)
FNDA:0,(anonymous_9)
FNDA:0,(anonymous_10)
FNDA:0,(anonymous_11)
FNDA:0,(anonymous_12)
FNDA:0,(anonymous_13)
FNDA:0,(anonymous_14)
FNDA:0,(anonymous_15)
FNDA:0,(anonymous_16)
FNDA:0,(anonymous_17)
FNDA:0,(anonymous_18)
FNDA:0,(anonymous_19)
FNDA:0,(anonymous_20)
FNDA:0,(anonymous_21)
FNDA:0,(anonymous_22)
DA:7,0
DA:32,0
DA:43,0
DA:52,0
DA:55,0
DA:65,0
DA:73,0
DA:74,0
DA:75,0
DA:76,0
DA:78,0
DA:79,0
DA:80,0
DA:81,0
DA:82,0
DA:83,0
DA:84,0
DA:85,0
DA:86,0
DA:88,0
DA:90,0
DA:91,0
DA:94,0
DA:95,0
DA:96,0
DA:99,0
DA:117,0
DA:129,0
DA:131,0
DA:158,0
DA:160,0
DA:194,0
DA:243,0
DA:330,0
DA:377,0
DA:378,0
DA:454,0
DA:484,0
LF:38
LH:0
BRDA:81,0,0,0
BRDA:81,0,1,0
BRDA:86,1,0,0
BRDA:86,1,1,0
BRDA:119,2,0,0
BRDA:119,2,1,0
BRDA:125,3,0,0
BRDA:125,3,1,0
BRDA:133,4,0,0
BRDA:133,4,1,0
BRDA:137,5,0,0
BRDA:137,5,1,0
BRDA:162,6,0,0
BRDA:162,6,1,0
BRDA:166,7,0,0
BRDA:166,7,1,0
BRDA:456,8,0,0
BRDA:456,8,1,0
BRDA:482,9,0,0
BRDA:482,9,1,0
BRF:20
BRH:0
end_of_record
TN:
SF:src\app\reset-password\page.jsx
FN:14,ResetPasswordContent
FN:24,(anonymous_1)
FN:47,(anonymous_2)
FN:62,(anonymous_3)
FN:98,(anonymous_4)
FN:106,(anonymous_5)
FN:136,ResetPasswordPage
FNF:7
FNH:0
FNDA:0,ResetPasswordContent
FNDA:0,(anonymous_1)
FNDA:0,(anonymous_2)
FNDA:0,(anonymous_3)
FNDA:0,(anonymous_4)
FNDA:0,(anonymous_5)
FNDA:0,ResetPasswordPage
DA:15,0
DA:16,0
DA:17,0
DA:19,0
DA:20,0
DA:21,0
DA:22,0
DA:24,0
DA:25,0
DA:27,0
DA:28,0
DA:29,0
DA:30,0
DA:33,0
DA:34,0
DA:35,0
DA:36,0
DA:39,0
DA:40,0
DA:41,0
DA:46,0
DA:47,0
DA:49,0
DA:50,0
DA:57,0
DA:58,0
DA:62,0
DA:70,0
DA:98,0
DA:106,0
DA:137,0
LF:31
LH:0
BRDA:27,0,0,0
BRDA:27,0,1,0
BRDA:33,1,0,0
BRDA:33,1,1,0
BRDA:51,2,0,0
BRDA:51,2,1,0
BRDA:57,3,0,0
BRDA:57,3,1,0
BRDA:78,4,0,0
BRDA:78,4,1,0
BRDA:87,5,0,0
BRDA:87,5,1,0
BRDA:117,6,0,0
BRDA:117,6,1,0
BRF:14
BRH:0
end_of_record
TN:
SF:src\app\signup\page.jsx
FN:3,SignupPage
FNF:1
FNH:0
FNDA:0,SignupPage
DA:4,0
LF:1
LH:0
BRF:0
BRH:0
end_of_record
TN:
SF:src\app\terms-and-conditions\page.jsx
FN:46,SectionHeading
FN:57,SubHeading
FN:66,BulletList
FN:69,(anonymous_3)
FN:79,Callout
FN:90,Section
FN:103,TermsAndConditions
FN:109,(anonymous_7)
FN:110,(anonymous_8)
FN:116,(anonymous_9)
FN:122,(anonymous_10)
FN:125,(anonymous_11)
FN:148,(anonymous_12)
FN:159,(anonymous_13)
FN:162,(anonymous_14)
FN:188,(anonymous_15)
FN:191,(anonymous_16)
FN:224,(anonymous_17)
FN:250,(anonymous_18)
FN:502,(anonymous_19)
FN:533,(anonymous_20)
FNF:21
FNH:0
FNDA:0,SectionHeading
FNDA:0,SubHeading
FNDA:0,BulletList
FNDA:0,(anonymous_3)
FNDA:0,Callout
FNDA:0,Section
FNDA:0,TermsAndConditions
FNDA:0,(anonymous_7)
FNDA:0,(anonymous_8)
FNDA:0,(anonymous_9)
FNDA:0,(anonymous_10)
FNDA:0,(anonymous_11)
FNDA:0,(anonymous_12)
FNDA:0,(anonymous_13)
FNDA:0,(anonymous_14)
FNDA:0,(anonymous_15)
FNDA:0,(anonymous_16)
FNDA:0,(anonymous_17)
FNDA:0,(anonymous_18)
FNDA:0,(anonymous_19)
FNDA:0,(anonymous_20)
DA:7,0
DA:47,0
DA:58,0
DA:67,0
DA:70,0
DA:80,0
DA:83,0
DA:91,0
DA:104,0
DA:105,0
DA:106,0
DA:107,0
DA:109,0
DA:110,0
DA:111,0
DA:112,0
DA:113,0
DA:114,0
DA:115,0
DA:116,0
DA:117,0
DA:119,0
DA:121,0
DA:122,0
DA:125,0
DA:126,0
DA:127,0
DA:130,0
DA:148,0
DA:160,0
DA:162,0
DA:189,0
DA:191,0
DA:225,0
DA:251,0
DA:503,0
DA:533,0
LF:37
LH:0
BRDA:79,0,0,0
BRDA:80,1,0,0
BRDA:80,1,1,0
BRDA:112,2,0,0
BRDA:112,2,1,0
BRDA:117,3,0,0
BRDA:117,3,1,0
BRDA:150,4,0,0
BRDA:150,4,1,0
BRDA:156,5,0,0
BRDA:156,5,1,0
BRDA:164,6,0,0
BRDA:164,6,1,0
BRDA:168,7,0,0
BRDA:168,7,1,0
BRDA:193,8,0,0
BRDA:193,8,1,0
BRDA:197,9,0,0
BRDA:197,9,1,0
BRDA:505,10,0,0
BRDA:505,10,1,0
BRDA:531,11,0,0
BRDA:531,11,1,0
BRF:23
BRH:0
end_of_record
TN:
SF:src\app\verify-email\page.jsx
FN:8,VerifyEmailContent
FN:16,(anonymous_1)
FN:26,(anonymous_2)
FN:58,(anonymous_3)
FN:153,VerifyEmailPage
FNF:5
FNH:0
FNDA:0,VerifyEmailContent
FNDA:0,(anonymous_1)
FNDA:0,(anonymous_2)
FNDA:0,(anonymous_3)
FNDA:0,VerifyEmailPage
DA:9,0
DA:10,0
DA:11,0
DA:13,0
DA:14,0
DA:16,0
DA:18,0
DA:20,0
DA:21,0
DA:22,0
DA:23,0
DA:26,0
DA:27,0
DA:28,0
DA:29,0
DA:32,0
DA:33,0
DA:35,0
DA:38,0
DA:40,0
DA:43,0
DA:45,0
DA:46,0
DA:53,0
DA:54,0
DA:58,0
DA:61,0
DA:63,0
DA:64,0
DA:68,0
DA:71,0
DA:154,0
LF:32
LH:0
BRDA:20,0,0,0
BRDA:20,0,1,0
BRDA:45,1,0,0
BRDA:45,1,1,0
BRDA:47,2,0,0
BRDA:47,2,1,0
BRDA:47,2,2,0
BRDA:55,3,0,0
BRDA:55,3,1,0
BRDA:76,4,0,0
BRDA:76,4,1,0
BRDA:88,5,0,0
BRDA:88,5,1,0
BRDA:94,6,0,0
BRDA:94,6,1,0
BRDA:103,7,0,0
BRDA:103,7,1,0
BRDA:104,8,0,0
BRDA:104,8,1,0
BRDA:105,9,0,0
BRDA:105,9,1,0
BRDA:109,10,0,0
BRDA:109,10,1,0
BRDA:111,11,0,0
BRDA:111,11,1,0
BRDA:112,12,0,0
BRDA:112,12,1,0
BRDA:112,12,2,0
BRDA:118,13,0,0
BRDA:118,13,1,0
BRDA:126,14,0,0
BRDA:126,14,1,0
BRF:32
BRH:0
end_of_record
TN:
SF:src\components\ProtectedRoute.jsx
FN:8,ProtectedRoute
FN:10,(anonymous_1)
FN:13,(anonymous_2)
FNF:3
FNH:0
FNDA:0,ProtectedRoute
FNDA:0,(anonymous_1)
FNDA:0,(anonymous_2)
DA:9,0
DA:10,0
DA:11,0
DA:13,0
DA:15,0
DA:17,0
DA:18,0
DA:20,0
DA:24,0
DA:25,0
DA:32,0
LF:11
LH:0
BRDA:15,0,0,0
BRDA:15,0,1,0
BRDA:17,1,0,0
BRDA:17,1,1,0
BRDA:24,2,0,0
BRDA:24,2,1,0
BRF:6
BRH:0
end_of_record
TN:
SF:src\components\layout\AppShell.jsx
FN:7,AppShell
FN:11,(anonymous_1)
FN:13,(anonymous_2)
FNF:3
FNH:0
FNDA:0,AppShell
FNDA:0,(anonymous_1)
FNDA:0,(anonymous_2)
DA:8,0
DA:11,0
DA:13,0
DA:14,0
DA:17,0
LF:5
LH:0
BRDA:19,0,0,0
BRDA:19,0,1,0
BRF:2
BRH:0
end_of_record
TN:
SF:src\components\layout\Header.jsx
FN:17,Header
FN:23,(anonymous_1)
FN:30,(anonymous_2)
FN:33,(anonymous_3)
FN:37,(anonymous_4)
FN:38,(anonymous_5)
FN:44,(anonymous_6)
FN:47,(anonymous_7)
FN:49,(anonymous_8)
FN:52,(anonymous_9)
FN:52,(anonymous_10)
FN:56,(anonymous_11)
FN:59,(anonymous_12)
FN:60,(anonymous_13)
FN:65,(anonymous_14)
FN:97,(anonymous_15)
FN:97,(anonymous_16)
FN:123,(anonymous_17)
FN:137,(anonymous_18)
FN:140,(anonymous_19)
FNF:20
FNH:0
FNDA:0,Header
FNDA:0,(anonymous_1)
FNDA:0,(anonymous_2)
FNDA:0,(anonymous_3)
FNDA:0,(anonymous_4)
FNDA:0,(anonymous_5)
FNDA:0,(anonymous_6)
FNDA:0,(anonymous_7)
FNDA:0,(anonymous_8)
FNDA:0,(anonymous_9)
FNDA:0,(anonymous_10)
FNDA:0,(anonymous_11)
FNDA:0,(anonymous_12)
FNDA:0,(anonymous_13)
FNDA:0,(anonymous_14)
FNDA:0,(anonymous_15)
FNDA:0,(anonymous_16)
FNDA:0,(anonymous_17)
FNDA:0,(anonymous_18)
FNDA:0,(anonymous_19)
DA:8,0
DA:18,0
DA:19,0
DA:20,0
DA:21,0
DA:23,0
DA:24,0
DA:25,0
DA:26,0
DA:30,0
DA:31,0
DA:32,0
DA:33,0
DA:37,0
DA:38,0
DA:39,0
DA:40,0
DA:43,0
DA:44,0
DA:47,0
DA:49,0
DA:50,0
DA:51,0
DA:52,0
DA:56,0
DA:57,0
DA:58,0
DA:59,0
DA:60,0
DA:65,0
DA:66,0
DA:67,0
DA:70,0
DA:97,0
DA:123,0
DA:138,0
DA:140,0
LF:37
LH:0
BRDA:26,0,0,0
BRDA:26,0,1,0
BRDA:39,1,0,0
BRDA:39,1,1,0
BRDA:39,2,0,0
BRDA:39,2,1,0
BRDA:60,3,0,0
BRDA:60,3,1,0
BRDA:102,4,0,0
BRDA:102,4,1,0
BRDA:104,5,0,0
BRDA:104,5,1,0
BRDA:109,6,0,0
BRDA:109,6,1,0
BRDA:114,7,0,0
BRDA:114,7,1,0
BRDA:132,8,0,0
BRDA:132,8,1,0
BRDA:142,9,0,0
BRDA:142,9,1,0
BRDA:149,10,0,0
BRDA:149,10,1,0
BRDA:160,11,0,0
BRDA:160,11,1,0
BRF:24
BRH:0
end_of_record
TN:
SF:src\components\layout\MainLayout.jsx
FN:7,MainLayout
FN:13,(anonymous_1)
FN:20,(anonymous_2)
FN:20,(anonymous_3)
FNF:4
FNH:0
FNDA:0,MainLayout
FNDA:0,(anonymous_1)
FNDA:0,(anonymous_2)
FNDA:0,(anonymous_3)
DA:8,0
DA:10,0
DA:13,0
DA:20,0
LF:4
LH:0
BRF:0
BRH:0
end_of_record
TN:
SF:src\components\layout\Sidebar.jsx
FN:8,Sidebar
FN:41,(anonymous_1)
FNF:2
FNH:0
FNDA:0,Sidebar
FNDA:0,(anonymous_1)
DA:9,0
DA:11,0
DA:20,0
DA:42,0
DA:43,0
DA:44,0
LF:6
LH:0
BRDA:24,0,0,0
BRDA:24,0,1,0
BRDA:50,1,0,0
BRDA:50,1,1,0
BRDA:69,2,0,0
BRDA:69,2,1,0
BRF:6
BRH:0
end_of_record
TN:
SF:src\components\providers\Providers.jsx
FN:5,Providers
FNF:1
FNH:0
FNDA:0,Providers
DA:6,0
LF:1
LH:0
BRF:0
BRH:0
end_of_record
TN:
SF:src\components\ui\Badge.jsx
FN:5,Badge
FNF:1
FNH:0
FNDA:0,Badge
DA:11,0
DA:19,0
DA:24,0
LF:3
LH:0
BRDA:7,0,0,0
BRDA:8,1,0,0
BRDA:9,2,0,0
BRDA:26,3,0,0
BRDA:26,3,1,0
BRDA:26,4,0,0
BRDA:26,4,1,0
BRF:7
BRH:0
end_of_record
TN:
SF:src\components\ui\Button.jsx
FN:5,Button
FNF:1
FNH:0
FNDA:0,Button
DA:13,0
DA:22,0
DA:28,0
LF:3
LH:0
BRDA:6,0,0,0
BRDA:7,1,0,0
BRDA:8,2,0,0
BRDA:10,3,0,0
BRDA:30,4,0,0
BRDA:30,4,1,0
BRDA:30,5,0,0
BRDA:30,5,1,0
BRDA:30,6,0,0
BRDA:30,6,1,0
BRF:10
BRH:0
end_of_record
TN:
SF:src\components\ui\Card.jsx
FN:8,Card
FN:21,CardHeader
FN:32,CardContent
FN:39,CardTitle
FNF:4
FNH:0
FNDA:0,Card
FNDA:0,CardHeader
FNDA:0,CardContent
FNDA:0,CardTitle
DA:9,0
DA:22,0
DA:33,0
DA:40,0
LF:4
LH:0
BRDA:8,0,0,0
BRDA:21,1,0,0
BRDA:32,2,0,0
BRDA:39,3,0,0
BRF:4
BRH:0
end_of_record
TN:
SF:src\components\ui\Input.jsx
FN:9,Input
FNF:1
FNH:0
FNDA:0,Input
DA:10,0
LF:1
LH:0
BRDA:9,0,0,0
BRDA:13,1,0,0
BRDA:13,1,1,0
BRDA:22,2,0,0
BRDA:22,2,1,0
BRDA:28,3,0,0
BRDA:28,3,1,0
BRF:7
BRH:0
end_of_record
TN:
SF:src\components\ui\Modal.jsx
FN:10,Modal
FN:12,(anonymous_1)
FN:14,(anonymous_2)
FN:16,(anonymous_3)
FNF:4
FNH:0
FNDA:0,Modal
FNDA:0,(anonymous_1)
FNDA:0,(anonymous_2)
FNDA:0,(anonymous_3)
DA:12,0
DA:13,0
DA:14,0
DA:15,0
DA:16,0
DA:19,0
DA:21,0
LF:7
LH:0
BRDA:13,0,0,0
BRDA:13,0,1,0
BRDA:14,1,0,0
BRDA:14,1,1,0
BRDA:19,2,0,0
BRDA:19,2,1,0
BRF:6
BRH:0
end_of_record
TN:
SF:src\components\ui\StatCard.jsx
FN:10,StatCard
FNF:1
FNH:0
FNDA:0,StatCard
DA:16,0
LF:1
LH:0
BRDA:14,0,0,0
BRDA:25,1,0,0
BRDA:25,1,1,0
BRF:3
BRH:0
end_of_record
TN:
SF:src\data\mockData.js
FNF:0
FNH:0
DA:6,0
DA:23,0
DA:78,0
DA:121,0
LF:4
LH:0
BRF:0
BRH:0
end_of_record
TN:
SF:src\redux\Provider.js
FN:6,ReduxProvider
FNF:1
FNH:0
FNDA:0,ReduxProvider
DA:7,0
LF:1
LH:0
BRF:0
BRH:0
end_of_record
TN:
SF:src\redux\store.js
FN:14,(anonymous_0)
FNF:1
FNH:0
FNDA:0,(anonymous_0)
DA:9,0
DA:15,0
LF:2
LH:0
BRF:0
BRH:0
end_of_record
TN:
SF:src\redux\slices\authSlice.js
FN:7,(anonymous_0)
FN:22,(anonymous_1)
FN:46,(anonymous_2)
FN:65,(anonymous_3)
FN:90,(anonymous_4)
FN:95,(anonymous_5)
FN:104,(anonymous_6)
FN:110,(anonymous_7)
FN:113,(anonymous_8)
FN:117,(anonymous_9)
FN:121,(anonymous_10)
FN:126,(anonymous_11)
FN:130,(anonymous_12)
FN:144,(anonymous_13)
FN:149,(anonymous_14)
FN:152,(anonymous_15)
FN:160,(anonymous_16)
FNF:17
FNH:0
FNDA:0,(anonymous_0)
FNDA:0,(anonymous_1)
FNDA:0,(anonymous_2)
FNDA:0,(anonymous_3)
FNDA:0,(anonymous_4)
FNDA:0,(anonymous_5)
FNDA:0,(anonymous_6)
FNDA:0,(anonymous_7)
FNDA:0,(anonymous_8)
FNDA:0,(anonymous_9)
FNDA:0,(anonymous_10)
FNDA:0,(anonymous_11)
FNDA:0,(anonymous_12)
FNDA:0,(anonymous_13)
FNDA:0,(anonymous_14)
FNDA:0,(anonymous_15)
FNDA:0,(anonymous_16)
DA:5,0
DA:7,0
DA:8,0
DA:9,0
DA:10,0
DA:11,0
DA:12,0
DA:13,0
DA:14,0
DA:15,0
DA:20,0
DA:23,0
DA:24,0
DA:25,0
DA:26,0
DA:28,0
DA:35,0
DA:37,0
DA:44,0
DA:47,0
DA:48,0
DA:49,0
DA:52,0
DA:53,0
DA:56,0
DA:63,0
DA:66,0
DA:67,0
DA:68,0
DA:70,0
DA:77,0
DA:91,0
DA:92,0
DA:93,0
DA:96,0
DA:97,0
DA:98,0
DA:99,0
DA:100,0
DA:101,0
DA:105,0
DA:106,0
DA:111,0
DA:114,0
DA:115,0
DA:118,0
DA:119,0
DA:122,0
DA:123,0
DA:127,0
DA:128,0
DA:131,0
DA:132,0
DA:133,0
DA:134,0
DA:135,0
DA:136,0
DA:137,0
DA:138,0
DA:139,0
DA:141,0
DA:145,0
DA:146,0
DA:150,0
DA:153,0
DA:154,0
DA:161,0
DA:162,0
DA:167,0
LF:69
LH:0
BRDA:5,0,0,0
BRDA:5,0,1,0
BRDA:8,1,0,0
BRDA:8,1,1,0
BRDA:10,2,0,0
BRDA:10,2,1,0
BRDA:10,3,0,0
BRDA:10,3,1,0
BRDA:11,4,0,0
BRDA:11,4,1,0
BRDA:12,5,0,0
BRDA:12,5,1,0
BRDA:13,6,0,0
BRDA:13,6,1,0
BRDA:14,7,0,0
BRDA:14,7,1,0
BRDA:25,8,0,0
BRDA:25,8,1,0
BRDA:38,9,0,0
BRDA:38,9,1,0
BRDA:52,10,0,0
BRDA:52,10,1,0
BRDA:57,11,0,0
BRDA:57,11,1,0
BRDA:70,12,0,0
BRDA:70,12,1,0
BRDA:81,13,0,0
BRDA:81,13,1,0
BRDA:82,14,0,0
BRDA:82,14,1,0
BRDA:84,15,0,0
BRDA:84,15,1,0
BRDA:99,16,0,0
BRDA:99,16,1,0
BRDA:105,17,0,0
BRDA:105,17,1,0
BRDA:134,18,0,0
BRDA:134,18,1,0
BRDA:136,19,0,0
BRDA:136,19,1,0
BRDA:138,20,0,0
BRDA:138,20,1,0
BRF:42
BRH:0
end_of_record
TN:
SF:src\redux\slices\jobsSlice.js
FN:5,normalizeJob
FN:18,(anonymous_1)
FN:27,(anonymous_2)
FN:36,(anonymous_3)
FN:45,(anonymous_4)
FN:55,(anonymous_5)
FN:68,(anonymous_6)
FN:81,(anonymous_7)
FN:111,(anonymous_8)
FN:112,(anonymous_9)
FN:114,(anonymous_10)
FN:117,(anonymous_11)
FN:118,(anonymous_12)
FN:119,(anonymous_13)
FN:123,(anonymous_14)
FN:124,(anonymous_15)
FN:128,(anonymous_16)
FN:131,(anonymous_17)
FN:134,(anonymous_18)
FN:137,(anonymous_19)
FN:141,(anonymous_20)
FN:143,(anonymous_21)
FN:144,(anonymous_22)
FN:145,(anonymous_23)
FN:150,(anonymous_24)
FN:151,(anonymous_25)
FN:157,(anonymous_26)
FN:161,(anonymous_27)
FN:162,(anonymous_28)
FN:163,(anonymous_29)
FNF:30
FNH:0
FNDA:0,normalizeJob
FNDA:0,(anonymous_1)
FNDA:0,(anonymous_2)
FNDA:0,(anonymous_3)
FNDA:0,(anonymous_4)
FNDA:0,(anonymous_5)
FNDA:0,(anonymous_6)
FNDA:0,(anonymous_7)
FNDA:0,(anonymous_8)
FNDA:0,(anonymous_9)
FNDA:0,(anonymous_10)
FNDA:0,(anonymous_11)
FNDA:0,(anonymous_12)
FNDA:0,(anonymous_13)
FNDA:0,(anonymous_14)
FNDA:0,(anonymous_15)
FNDA:0,(anonymous_16)
FNDA:0,(anonymous_17)
FNDA:0,(anonymous_18)
FNDA:0,(anonymous_19)
FNDA:0,(anonymous_20)
FNDA:0,(anonymous_21)
FNDA:0,(anonymous_22)
FNDA:0,(anonymous_23)
FNDA:0,(anonymous_24)
FNDA:0,(anonymous_25)
FNDA:0,(anonymous_26)
FNDA:0,(anonymous_27)
FNDA:0,(anonymous_28)
FNDA:0,(anonymous_29)
DA:6,0
DA:18,0
DA:19,0
DA:20,0
DA:21,0
DA:23,0
DA:27,0
DA:28,0
DA:29,0
DA:30,0
DA:32,0
DA:36,0
DA:37,0
DA:38,0
DA:39,0
DA:41,0
DA:45,0
DA:46,0
DA:47,0
DA:48,0
DA:50,0
DA:55,0
DA:56,0
DA:57,0
DA:61,0
DA:63,0
DA:68,0
DA:69,0
DA:70,0
DA:74,0
DA:76,0
DA:81,0
DA:82,0
DA:83,0
DA:84,0
DA:85,0
DA:90,0
DA:92,0
DA:100,0
DA:111,0
DA:112,0
DA:116,0
DA:117,0
DA:118,0
DA:119,0
DA:122,0
DA:123,0
DA:125,0
DA:126,0
DA:128,0
DA:129,0
DA:131,0
DA:134,0
DA:135,0
DA:136,0
DA:137,0
DA:138,0
DA:141,0
DA:142,0
DA:143,0
DA:144,0
DA:145,0
DA:149,0
DA:150,0
DA:152,0
DA:153,0
DA:154,0
DA:157,0
DA:160,0
DA:161,0
DA:162,0
DA:163,0
DA:167,0
LF:73
LH:0
BRDA:9,0,0,0
BRDA:9,0,1,0
BRDA:10,1,0,0
BRDA:10,1,1,0
BRDA:23,2,0,0
BRDA:23,2,1,0
BRDA:32,3,0,0
BRDA:32,3,1,0
BRDA:41,4,0,0
BRDA:41,4,1,0
BRDA:50,5,0,0
BRDA:50,5,1,0
BRDA:59,6,0,0
BRDA:59,6,1,0
BRDA:63,7,0,0
BRDA:63,7,1,0
BRDA:72,8,0,0
BRDA:72,8,1,0
BRDA:76,9,0,0
BRDA:76,9,1,0
BRDA:92,10,0,0
BRDA:92,10,1,0
BRDA:129,11,0,0
BRDA:129,11,1,0
BRDA:138,12,0,0
BRDA:138,12,1,0
BRDA:153,13,0,0
BRDA:153,13,1,0
BRDA:154,14,0,0
BRDA:154,14,1,0
BRF:30
BRH:0
end_of_record
TN:
SF:src\services\apiClient.js
FN:22,(anonymous_0)
FN:34,processQueue
FN:35,(anonymous_2)
FN:42,(anonymous_3)
FN:43,(anonymous_4)
FN:58,(anonymous_5)
FN:60,(anonymous_6)
FNF:7
FNH:0
FNDA:0,(anonymous_0)
FNDA:0,processQueue
FNDA:0,(anonymous_2)
FNDA:0,(anonymous_3)
FNDA:0,(anonymous_4)
FNDA:0,(anonymous_5)
FNDA:0,(anonymous_6)
DA:17,0
DA:19,0
DA:22,0
DA:23,0
DA:24,0
DA:25,0
DA:27,0
DA:31,0
DA:32,0
DA:35,0
DA:36,0
DA:38,0
DA:41,0
DA:42,0
DA:44,0
DA:47,0
DA:48,0
DA:52,0
DA:53,0
DA:56,0
DA:58,0
DA:59,0
DA:61,0
DA:62,0
DA:66,0
DA:67,0
DA:69,0
DA:71,0
DA:75,0
DA:77,0
DA:81,0
DA:82,0
DA:84,0
DA:85,0
DA:86,0
DA:89,0
DA:90,0
DA:91,0
DA:93,0
DA:96,0
DA:97,0
DA:98,0
DA:99,0
DA:100,0
DA:103,0
DA:105,0
LF:46
LH:0
BRDA:17,0,0,0
BRDA:17,0,1,0
BRDA:23,1,0,0
BRDA:23,1,1,0
BRDA:25,2,0,0
BRDA:25,2,1,0
BRDA:34,3,0,0
BRDA:36,4,0,0
BRDA:36,4,1,0
BRDA:47,5,0,0
BRDA:47,5,1,0
BRDA:47,6,0,0
BRDA:47,6,1,0
BRDA:52,7,0,0
BRDA:52,7,1,0
BRDA:56,8,0,0
BRDA:56,8,1,0
BRDA:71,9,0,0
BRDA:71,9,1,0
BRDA:75,10,0,0
BRDA:75,10,1,0
BRDA:84,11,0,0
BRDA:84,11,1,0
BRDA:86,12,0,0
BRDA:86,12,1,0
BRDA:96,13,0,0
BRDA:96,13,1,0
BRF:27
BRH:0
end_of_record
TN:
SF:src\services\artisanKycService.js
FN:14,readLocalKyc
FN:24,writeLocalKyc
FN:30,clearLocalKyc
FN:42,getArtisanKycStatus
FN:76,verifyArtisanIdentity
FN:106,saveArtisanWorkProfile
FN:117,resolveBankAccount
FN:127,saveArtisanBankDetails
FN:140,fetchArtisanBanks
FNF:9
FNH:0
FNDA:0,readLocalKyc
FNDA:0,writeLocalKyc
FNDA:0,clearLocalKyc
FNDA:0,getArtisanKycStatus
FNDA:0,verifyArtisanIdentity
FNDA:0,saveArtisanWorkProfile
FNDA:0,resolveBankAccount
FNDA:0,saveArtisanBankDetails
FNDA:0,fetchArtisanBanks
DA:10,0
DA:15,0
DA:16,0
DA:17,0
DA:18,0
DA:20,0
DA:25,0
DA:26,0
DA:31,0
DA:32,0
DA:43,0
DA:44,0
DA:45,0
DA:47,0
DA:55,0
DA:66,0
DA:67,0
DA:69,0
DA:77,0
DA:84,0
DA:90,0
DA:91,0
DA:98,0
DA:99,0
DA:107,0
DA:111,0
DA:118,0
DA:121,0
DA:128,0
DA:134,0
DA:141,0
DA:142,0
DA:143,0
DA:145,0
LF:34
LH:0
BRDA:15,0,0,0
BRDA:15,0,1,0
BRDA:18,1,0,0
BRDA:18,1,1,0
BRDA:25,2,0,0
BRDA:25,2,1,0
BRDA:31,3,0,0
BRDA:31,3,1,0
BRDA:45,4,0,0
BRDA:45,4,1,0
BRDA:56,5,0,0
BRDA:56,5,1,0
BRDA:57,6,0,0
BRDA:57,6,1,0
BRDA:58,7,0,0
BRDA:58,7,1,0
BRDA:61,8,0,0
BRDA:61,8,1,0
BRDA:62,9,0,0
BRDA:62,9,1,0
BRDA:90,10,0,0
BRDA:90,10,1,0
BRDA:92,11,0,0
BRDA:92,11,1,0
BRDA:109,12,0,0
BRDA:109,12,1,0
BRDA:130,13,0,0
BRDA:130,13,1,0
BRDA:143,14,0,0
BRDA:143,14,1,0
BRF:30
BRH:0
end_of_record
TN:
SF:src\utils\displayRef.js
FN:11,displayRef
FNF:1
FNH:1
FNDA:10,displayRef
DA:12,10
DA:13,8
DA:14,5
DA:15,5
DA:16,3
DA:17,3
LF:6
LH:6
BRDA:12,0,0,2
BRDA:12,0,1,8
BRDA:13,1,0,3
BRDA:13,1,1,5
BRDA:14,2,0,5
BRDA:14,2,1,2
BRDA:15,3,0,2
BRDA:15,3,1,3
BRDA:17,4,0,1
BRDA:17,4,1,2
BRF:10
BRH:10
end_of_record
TN:
SF:src\utils\referenceImages.js
FN:11,(anonymous_0)
FN:21,(anonymous_1)
FN:23,(anonymous_2)
FN:30,(anonymous_3)
FN:37,(anonymous_4)
FN:80,(anonymous_5)
FNF:6
FNH:0
FNDA:0,(anonymous_0)
FNDA:0,(anonymous_1)
FNDA:0,(anonymous_2)
FNDA:0,(anonymous_3)
FNDA:0,(anonymous_4)
FNDA:0,(anonymous_5)
DA:6,0
DA:11,0
DA:12,0
DA:21,0
DA:22,0
DA:23,0
DA:30,0
DA:31,0
DA:37,0
DA:38,0
DA:39,0
DA:46,0
DA:48,0
DA:49,0
DA:52,0
DA:53,0
DA:54,0
DA:57,0
DA:80,0
DA:81,0
DA:82,0
LF:21
LH:0
BRDA:31,0,0,0
BRDA:31,0,1,0
BRDA:38,1,0,0
BRDA:38,1,1,0
BRDA:39,2,0,0
BRDA:39,2,1,0
BRDA:40,3,0,0
BRDA:40,3,1,0
BRDA:40,3,2,0
BRDA:40,3,3,0
BRDA:40,3,4,0
BRDA:48,4,0,0
BRDA:48,4,1,0
BRDA:48,5,0,0
BRDA:48,5,1,0
BRDA:52,6,0,0
BRDA:52,6,1,0
BRDA:81,7,0,0
BRDA:81,7,1,0
BRDA:82,8,0,0
BRDA:82,8,1,0
BRDA:82,9,0,0
BRDA:82,9,1,0
BRF:23
BRH:0
end_of_record
TN:
SF:src\views\BankDetails.jsx
FN:40,(anonymous_0)
FN:42,BankDetails
FN:44,(anonymous_2)
FN:67,(anonymous_3)
FN:70,(anonymous_4)
FN:84,(anonymous_5)
FN:85,(anonymous_6)
FN:90,(anonymous_7)
FN:93,(anonymous_8)
FN:95,(anonymous_9)
FN:97,(anonymous_10)
FN:98,(anonymous_11)
FN:101,(anonymous_12)
FN:105,(anonymous_13)
FN:108,(anonymous_14)
FN:110,(anonymous_15)
FN:111,(anonymous_16)
FN:119,(anonymous_17)
FN:121,(anonymous_18)
FN:128,(anonymous_19)
FN:137,(anonymous_20)
FN:147,(anonymous_21)
FN:177,(anonymous_22)
FN:256,(anonymous_23)
FN:259,(anonymous_24)
FN:293,(anonymous_25)
FN:363,(anonymous_26)
FNF:27
FNH:0
FNDA:0,(anonymous_0)
FNDA:0,BankDetails
FNDA:0,(anonymous_2)
FNDA:0,(anonymous_3)
FNDA:0,(anonymous_4)
FNDA:0,(anonymous_5)
FNDA:0,(anonymous_6)
FNDA:0,(anonymous_7)
FNDA:0,(anonymous_8)
FNDA:0,(anonymous_9)
FNDA:0,(anonymous_10)
FNDA:0,(anonymous_11)
FNDA:0,(anonymous_12)
FNDA:0,(anonymous_13)
FNDA:0,(anonymous_14)
FNDA:0,(anonymous_15)
FNDA:0,(anonymous_16)
FNDA:0,(anonymous_17)
FNDA:0,(anonymous_18)
FNDA:0,(anonymous_19)
FNDA:0,(anonymous_20)
FNDA:0,(anonymous_21)
FNDA:0,(anonymous_22)
FNDA:0,(anonymous_23)
FNDA:0,(anonymous_24)
FNDA:0,(anonymous_25)
FNDA:0,(anonymous_26)
DA:13,0
DA:40,0
DA:43,0
DA:44,0
DA:46,0
DA:53,0
DA:54,0
DA:56,0
DA:57,0
DA:58,0
DA:60,0
DA:61,0
DA:62,0
DA:63,0
DA:64,0
DA:67,0
DA:68,0
DA:69,0
DA:71,0
DA:72,0
DA:73,0
DA:74,0
DA:80,0
DA:81,0
DA:85,0
DA:90,0
DA:91,0
DA:92,0
DA:94,0
DA:95,0
DA:98,0
DA:101,0
DA:102,0
DA:103,0
DA:104,0
DA:105,0
DA:108,0
DA:109,0
DA:110,0
DA:111,0
DA:112,0
DA:114,0
DA:115,0
DA:119,0
DA:120,0
DA:121,0
DA:122,0
DA:123,0
DA:124,0
DA:128,0
DA:129,0
DA:130,0
DA:131,0
DA:132,0
DA:135,0
DA:136,0
DA:137,0
DA:138,0
DA:140,0
DA:143,0
DA:147,0
DA:148,0
DA:149,0
DA:150,0
DA:151,0
DA:153,0
DA:154,0
DA:155,0
DA:158,0
DA:164,0
DA:167,0
DA:168,0
DA:169,0
DA:170,0
DA:171,0
DA:172,0
DA:176,0
DA:177,0
DA:179,0
DA:181,0
DA:185,0
DA:187,0
DA:257,0
DA:258,0
DA:259,0
DA:294,0
DA:363,0
LF:87
LH:0
BRDA:72,0,0,0
BRDA:72,0,1,0
BRDA:75,1,0,0
BRDA:75,1,1,0
BRDA:76,2,0,0
BRDA:76,2,1,0
BRDA:77,3,0,0
BRDA:77,3,1,0
BRDA:78,4,0,0
BRDA:78,4,1,0
BRDA:81,5,0,0
BRDA:81,5,1,0
BRDA:94,6,0,0
BRDA:94,6,1,0
BRDA:95,7,0,0
BRDA:95,7,1,0
BRDA:111,8,0,0
BRDA:111,8,1,0
BRDA:114,9,0,0
BRDA:114,9,1,0
BRDA:114,10,0,0
BRDA:114,10,1,0
BRDA:123,11,0,0
BRDA:123,11,1,0
BRDA:123,12,0,0
BRDA:123,12,1,0
BRDA:141,13,0,0
BRDA:141,13,1,0
BRDA:149,14,0,0
BRDA:149,14,1,0
BRDA:150,15,0,0
BRDA:150,15,1,0
BRDA:151,16,0,0
BRDA:151,16,1,0
BRDA:168,17,0,0
BRDA:168,17,1,0
BRDA:169,18,0,0
BRDA:169,18,1,0
BRDA:170,19,0,0
BRDA:170,19,1,0
BRDA:179,20,0,0
BRDA:179,20,1,0
BRDA:197,21,0,0
BRDA:197,21,1,0
BRDA:209,22,0,0
BRDA:209,22,1,0
BRDA:209,23,0,0
BRDA:209,23,1,0
BRDA:233,24,0,0
BRDA:233,24,1,0
BRDA:246,25,0,0
BRDA:246,25,1,0
BRDA:284,26,0,0
BRDA:284,26,1,0
BRDA:313,27,0,0
BRDA:313,27,1,0
BRDA:315,28,0,0
BRDA:315,28,1,0
BRDA:322,29,0,0
BRDA:322,29,1,0
BRDA:323,30,0,0
BRDA:323,30,1,0
BRDA:324,31,0,0
BRDA:324,31,1,0
BRDA:329,32,0,0
BRDA:329,32,1,0
BRDA:329,32,2,0
BRDA:336,33,0,0
BRDA:336,33,1,0
BRDA:342,34,0,0
BRDA:342,34,1,0
BRDA:342,34,2,0
BRDA:351,35,0,0
BRDA:351,35,1,0
BRDA:351,35,2,0
BRDA:359,36,0,0
BRDA:359,36,1,0
BRDA:359,36,2,0
BRDA:359,36,3,0
BRDA:359,36,4,0
BRDA:371,37,0,0
BRDA:371,37,1,0
BRDA:376,38,0,0
BRDA:376,38,1,0
BRDA:384,39,0,0
BRDA:384,39,1,0
BRDA:387,40,0,0
BRDA:387,40,1,0
BRF:88
BRH:0
end_of_record
TN:
SF:src\views\Dashboard.jsx
FN:15,KycProgressCard
FN:38,(anonymous_1)
FN:57,(anonymous_2)
FN:87,StatusBadge
FN:98,Dashboard
FN:100,(anonymous_5)
FN:101,(anonymous_6)
FN:105,(anonymous_7)
FN:109,(anonymous_8)
FN:110,(anonymous_9)
FN:110,(anonymous_10)
FN:114,(anonymous_11)
FN:115,(anonymous_12)
FN:116,(anonymous_13)
FN:117,(anonymous_14)
FN:118,(anonymous_15)
FN:171,(anonymous_16)
FNF:17
FNH:0
FNDA:0,KycProgressCard
FNDA:0,(anonymous_1)
FNDA:0,(anonymous_2)
FNDA:0,StatusBadge
FNDA:0,Dashboard
FNDA:0,(anonymous_5)
FNDA:0,(anonymous_6)
FNDA:0,(anonymous_7)
FNDA:0,(anonymous_8)
FNDA:0,(anonymous_9)
FNDA:0,(anonymous_10)
FNDA:0,(anonymous_11)
FNDA:0,(anonymous_12)
FNDA:0,(anonymous_13)
FNDA:0,(anonymous_14)
FNDA:0,(anonymous_15)
FNDA:0,(anonymous_16)
DA:16,0
DA:17,0
DA:18,0
DA:20,0
DA:38,0
DA:40,0
DA:58,0
DA:59,0
DA:88,0
DA:95,0
DA:99,0
DA:100,0
DA:101,0
DA:103,0
DA:105,0
DA:106,0
DA:109,0
DA:110,0
DA:113,0
DA:114,0
DA:115,0
DA:116,0
DA:117,0
DA:118,0
DA:119,0
DA:121,0
DA:123,0
DA:172,0
LF:28
LH:0
BRDA:16,0,0,0
BRDA:16,0,1,0
BRDA:23,1,0,0
BRDA:23,1,1,0
BRDA:28,2,0,0
BRDA:28,2,1,0
BRDA:33,3,0,0
BRDA:33,3,1,0
BRDA:60,4,0,0
BRDA:60,4,1,0
BRDA:62,5,0,0
BRDA:62,5,1,0
BRDA:64,6,0,0
BRDA:64,6,1,0
BRDA:67,7,0,0
BRDA:67,7,1,0
BRDA:68,8,0,0
BRDA:68,8,1,0
BRDA:95,9,0,0
BRDA:95,9,1,0
BRDA:106,10,0,0
BRDA:106,10,1,0
BRDA:121,11,0,0
BRDA:121,11,1,0
BRDA:121,11,2,0
BRDA:132,12,0,0
BRDA:132,12,1,0
BRDA:133,13,0,0
BRDA:133,13,1,0
BRDA:134,14,0,0
BRDA:134,14,1,0
BRDA:135,15,0,0
BRDA:135,15,1,0
BRDA:141,16,0,0
BRDA:141,16,1,0
BRDA:141,16,2,0
BRDA:141,17,0,0
BRDA:141,17,1,0
BRDA:141,17,2,0
BRDA:146,18,0,0
BRDA:146,18,1,0
BRDA:146,19,0,0
BRDA:146,19,1,0
BRDA:168,20,0,0
BRDA:168,20,1,0
BRDA:176,21,0,0
BRDA:176,21,1,0
BRDA:177,22,0,0
BRDA:177,22,1,0
BRF:49
BRH:0
end_of_record
TN:
SF:src\views\JobDetails.jsx
FN:18,formatNaira
FN:32,KycMissingSteps
FN:50,(anonymous_2)
FN:65,StatusBadge
FN:80,DeadlineCountdown
FN:83,(anonymous_5)
FN:87,tick
FN:98,(anonymous_7)
FN:160,JobDetails
FN:162,(anonymous_9)
FN:163,(anonymous_10)
FN:173,(anonymous_11)
FN:175,(anonymous_12)
FN:176,(anonymous_13)
FN:187,(anonymous_14)
FN:189,(anonymous_15)
FN:192,(anonymous_16)
FN:193,(anonymous_17)
FN:193,(anonymous_18)
FN:223,(anonymous_19)
FN:231,(anonymous_20)
FN:236,(anonymous_21)
FN:258,(anonymous_22)
FN:273,(anonymous_23)
FN:319,(anonymous_24)
FN:335,(anonymous_25)
FN:378,(anonymous_26)
FN:407,(anonymous_27)
FN:479,(anonymous_28)
FN:491,(anonymous_29)
FN:492,(anonymous_30)
FN:493,(anonymous_31)
FN:524,(anonymous_32)
FN:581,(anonymous_33)
FN:652,(anonymous_34)
FN:670,(anonymous_35)
FNF:36
FNH:0
FNDA:0,formatNaira
FNDA:0,KycMissingSteps
FNDA:0,(anonymous_2)
FNDA:0,StatusBadge
FNDA:0,DeadlineCountdown
FNDA:0,(anonymous_5)
FNDA:0,tick
FNDA:0,(anonymous_7)
FNDA:0,JobDetails
FNDA:0,(anonymous_9)
FNDA:0,(anonymous_10)
FNDA:0,(anonymous_11)
FNDA:0,(anonymous_12)
FNDA:0,(anonymous_13)
FNDA:0,(anonymous_14)
FNDA:0,(anonymous_15)
FNDA:0,(anonymous_16)
FNDA:0,(anonymous_17)
FNDA:0,(anonymous_18)
FNDA:0,(anonymous_19)
FNDA:0,(anonymous_20)
FNDA:0,(anonymous_21)
FNDA:0,(anonymous_22)
FNDA:0,(anonymous_23)
FNDA:0,(anonymous_24)
FNDA:0,(anonymous_25)
FNDA:0,(anonymous_26)
FNDA:0,(anonymous_27)
FNDA:0,(anonymous_28)
FNDA:0,(anonymous_29)
FNDA:0,(anonymous_30)
FNDA:0,(anonymous_31)
FNDA:0,(anonymous_32)
FNDA:0,(anonymous_33)
FNDA:0,(anonymous_34)
FNDA:0,(anonymous_35)
DA:19,0
DA:22,0
DA:33,0
DA:34,0
DA:35,0
DA:37,0
DA:43,0
DA:51,0
DA:66,0
DA:73,0
DA:81,0
DA:83,0
DA:84,0
DA:85,0
DA:88,0
DA:89,0
DA:90,0
DA:91,0
DA:92,0
DA:93,0
DA:96,0
DA:97,0
DA:98,0
DA:101,0
DA:103,0
DA:104,0
DA:106,0
DA:107,0
DA:118,0
DA:146,0
DA:147,0
DA:149,0
DA:161,0
DA:162,0
DA:163,0
DA:165,0
DA:166,0
DA:167,0
DA:168,0
DA:169,0
DA:170,0
DA:173,0
DA:174,0
DA:175,0
DA:176,0
DA:180,0
DA:187,0
DA:188,0
DA:189,0
DA:192,0
DA:193,0
DA:196,0
DA:197,0
DA:204,0
DA:205,0
DA:213,0
DA:214,0
DA:215,0
DA:217,0
DA:218,0
DA:219,0
DA:220,0
DA:221,0
DA:223,0
DA:224,0
DA:225,0
DA:226,0
DA:228,0
DA:231,0
DA:232,0
DA:233,0
DA:236,0
DA:238,0
DA:239,0
DA:240,0
DA:241,0
DA:242,0
DA:243,0
DA:244,0
DA:245,0
DA:246,0
DA:248,0
DA:249,0
DA:251,0
DA:253,0
DA:258,0
DA:259,0
DA:260,0
DA:261,0
DA:262,0
DA:269,0
DA:273,0
DA:274,0
DA:275,0
DA:276,0
DA:277,0
DA:280,0
DA:282,0
DA:320,0
DA:321,0
DA:323,0
DA:324,0
DA:325,0
DA:335,0
DA:379,0
DA:408,0
DA:480,0
DA:481,0
DA:482,0
DA:483,0
DA:484,0
DA:485,0
DA:487,0
DA:488,0
DA:491,0
DA:492,0
DA:494,0
DA:495,0
DA:496,0
DA:497,0
DA:498,0
DA:499,0
DA:500,0
DA:502,0
DA:503,0
DA:524,0
DA:582,0
DA:583,0
DA:584,0
DA:585,0
DA:586,0
DA:588,0
DA:589,0
DA:590,0
DA:591,0
DA:612,0
DA:613,0
DA:614,0
DA:615,0
DA:616,0
DA:653,0
DA:671,0
LF:142
LH:0
BRDA:19,0,0,0
BRDA:19,0,1,0
BRDA:33,1,0,0
BRDA:33,1,1,0
BRDA:38,2,0,0
BRDA:38,2,1,0
BRDA:39,3,0,0
BRDA:39,3,1,0
BRDA:40,4,0,0
BRDA:40,4,1,0
BRDA:73,5,0,0
BRDA:73,5,1,0
BRDA:84,6,0,0
BRDA:84,6,1,0
BRDA:89,7,0,0
BRDA:89,7,1,0
BRDA:101,8,0,0
BRDA:101,8,1,0
BRDA:103,9,0,0
BRDA:103,9,1,0
BRDA:106,10,0,0
BRDA:106,10,1,0
BRDA:120,11,0,0
BRDA:120,11,1,0
BRDA:124,12,0,0
BRDA:124,12,1,0
BRDA:125,13,0,0
BRDA:125,13,1,0
BRDA:127,14,0,0
BRDA:127,14,1,0
BRDA:129,15,0,0
BRDA:129,15,1,0
BRDA:136,16,0,0
BRDA:136,16,1,0
BRDA:174,17,0,0
BRDA:174,17,1,0
BRDA:181,18,0,0
BRDA:181,18,1,0
BRDA:181,18,2,0
BRDA:181,18,3,0
BRDA:181,18,4,0
BRDA:196,19,0,0
BRDA:196,19,1,0
BRDA:196,20,0,0
BRDA:196,20,1,0
BRDA:204,21,0,0
BRDA:204,21,1,0
BRDA:214,22,0,0
BRDA:214,22,1,0
BRDA:217,23,0,0
BRDA:217,23,1,0
BRDA:224,24,0,0
BRDA:224,24,1,0
BRDA:232,25,0,0
BRDA:232,25,1,0
BRDA:238,26,0,0
BRDA:238,26,1,0
BRDA:239,27,0,0
BRDA:239,27,1,0
BRDA:245,28,0,0
BRDA:245,28,1,0
BRDA:251,29,0,0
BRDA:251,29,1,0
BRDA:260,30,0,0
BRDA:260,30,1,0
BRDA:269,31,0,0
BRDA:269,31,1,0
BRDA:269,31,2,0
BRDA:269,31,3,0
BRDA:269,31,4,0
BRDA:274,32,0,0
BRDA:274,32,1,0
BRDA:274,33,0,0
BRDA:274,33,1,0
BRDA:275,34,0,0
BRDA:275,34,1,0
BRDA:275,35,0,0
BRDA:275,35,1,0
BRDA:276,36,0,0
BRDA:276,36,1,0
BRDA:276,37,0,0
BRDA:276,37,1,0
BRDA:280,38,0,0
BRDA:280,38,1,0
BRDA:280,38,2,0
BRDA:288,39,0,0
BRDA:288,39,1,0
BRDA:302,40,0,0
BRDA:302,40,1,0
BRDA:303,41,0,0
BRDA:303,41,1,0
BRDA:307,42,0,0
BRDA:307,42,1,0
BRDA:308,43,0,0
BRDA:308,43,1,0
BRDA:316,44,0,0
BRDA:316,44,1,0
BRDA:320,45,0,0
BRDA:320,45,1,0
BRDA:320,45,2,0
BRDA:324,46,0,0
BRDA:324,46,1,0
BRDA:328,47,0,0
BRDA:328,47,1,0
BRDA:329,48,0,0
BRDA:329,48,1,0
BRDA:329,49,0,0
BRDA:329,49,1,0
BRDA:332,50,0,0
BRDA:332,50,1,0
BRDA:333,51,0,0
BRDA:333,51,1,0
BRDA:333,52,0,0
BRDA:333,52,1,0
BRDA:335,53,0,0
BRDA:335,53,1,0
BRDA:337,54,0,0
BRDA:337,54,1,0
BRDA:338,55,0,0
BRDA:338,55,1,0
BRDA:358,56,0,0
BRDA:358,56,1,0
BRDA:363,57,0,0
BRDA:363,57,1,0
BRDA:367,58,0,0
BRDA:367,58,1,0
BRDA:374,59,0,0
BRDA:374,59,1,0
BRDA:382,60,0,0
BRDA:382,60,1,0
BRDA:382,61,0,0
BRDA:382,61,1,0
BRDA:392,62,0,0
BRDA:392,62,1,0
BRDA:405,63,0,0
BRDA:405,63,1,0
BRDA:409,64,0,0
BRDA:409,64,1,0
BRDA:410,65,0,0
BRDA:410,65,1,0
BRDA:434,66,0,0
BRDA:434,66,1,0
BRDA:438,67,0,0
BRDA:438,67,1,0
BRDA:439,68,0,0
BRDA:439,68,1,0
BRDA:444,69,0,0
BRDA:444,69,1,0
BRDA:444,69,2,0
BRDA:451,70,0,0
BRDA:451,70,1,0
BRDA:451,70,2,0
BRDA:454,71,0,0
BRDA:454,71,1,0
BRDA:461,72,0,0
BRDA:461,72,1,0
BRDA:461,72,2,0
BRDA:471,73,0,0
BRDA:471,73,1,0
BRDA:474,74,0,0
BRDA:474,74,1,0
BRDA:475,75,0,0
BRDA:475,75,1,0
BRDA:476,76,0,0
BRDA:476,76,1,0
BRDA:480,77,0,0
BRDA:480,77,1,0
BRDA:481,78,0,0
BRDA:481,78,1,0
BRDA:481,79,0,0
BRDA:481,79,1,0
BRDA:495,80,0,0
BRDA:495,80,1,0
BRDA:496,81,0,0
BRDA:496,81,1,0
BRDA:497,82,0,0
BRDA:497,82,1,0
BRDA:508,83,0,0
BRDA:508,83,1,0
BRDA:512,84,0,0
BRDA:512,84,1,0
BRDA:533,85,0,0
BRDA:533,85,1,0
BRDA:535,86,0,0
BRDA:535,86,1,0
BRDA:536,87,0,0
BRDA:536,87,1,0
BRDA:536,88,0,0
BRDA:536,88,1,0
BRDA:543,89,0,0
BRDA:543,89,1,0
BRDA:548,90,0,0
BRDA:548,90,1,0
BRDA:548,90,2,0
BRDA:550,91,0,0
BRDA:550,91,1,0
BRDA:551,92,0,0
BRDA:551,92,1,0
BRDA:554,93,0,0
BRDA:554,93,1,0
BRDA:557,94,0,0
BRDA:557,94,1,0
BRDA:562,95,0,0
BRDA:562,95,1,0
BRDA:564,96,0,0
BRDA:564,96,1,0
BRDA:567,97,0,0
BRDA:567,97,1,0
BRDA:572,98,0,0
BRDA:572,98,1,0
BRDA:572,98,2,0
BRDA:583,99,0,0
BRDA:583,99,1,0
BRDA:585,100,0,0
BRDA:585,100,1,0
BRDA:586,101,0,0
BRDA:586,101,1,0
BRDA:588,102,0,0
BRDA:588,102,1,0
BRDA:589,103,0,0
BRDA:589,103,1,0
BRDA:612,104,0,0
BRDA:612,104,1,0
BRDA:612,104,2,0
BRDA:612,104,3,0
BRDA:648,105,0,0
BRDA:648,105,1,0
BRDA:649,106,0,0
BRDA:649,106,1,0
BRDA:662,107,0,0
BRDA:662,107,1,0
BRDA:674,108,0,0
BRDA:674,108,1,0
BRF:233
BRH:0
end_of_record
TN:
SF:src\views\Jobs.jsx
FN:16,JobsKycBanner
FN:34,(anonymous_1)
FN:49,formatNaira
FN:53,PaymentBadge
FN:55,(anonymous_4)
FN:63,StatusBadge
FN:79,Jobs
FN:81,(anonymous_7)
FN:82,(anonymous_8)
FN:95,(anonymous_9)
FN:97,(anonymous_10)
FN:98,(anonymous_11)
FN:98,(anonymous_12)
FN:101,(anonymous_13)
FN:104,(anonymous_14)
FN:114,(anonymous_15)
FN:115,(anonymous_16)
FN:116,(anonymous_17)
FN:119,(anonymous_18)
FN:127,(anonymous_19)
FN:133,(anonymous_20)
FN:153,(anonymous_21)
FN:168,(anonymous_22)
FN:214,(anonymous_23)
FN:217,(anonymous_24)
FN:231,(anonymous_25)
FN:244,(anonymous_26)
FN:299,(anonymous_27)
FN:306,(anonymous_28)
FN:315,(anonymous_29)
FNF:30
FNH:0
FNDA:0,JobsKycBanner
FNDA:0,(anonymous_1)
FNDA:0,formatNaira
FNDA:0,PaymentBadge
FNDA:0,(anonymous_4)
FNDA:0,StatusBadge
FNDA:0,Jobs
FNDA:0,(anonymous_7)
FNDA:0,(anonymous_8)
FNDA:0,(anonymous_9)
FNDA:0,(anonymous_10)
FNDA:0,(anonymous_11)
FNDA:0,(anonymous_12)
FNDA:0,(anonymous_13)
FNDA:0,(anonymous_14)
FNDA:0,(anonymous_15)
FNDA:0,(anonymous_16)
FNDA:0,(anonymous_17)
FNDA:0,(anonymous_18)
FNDA:0,(anonymous_19)
FNDA:0,(anonymous_20)
FNDA:0,(anonymous_21)
FNDA:0,(anonymous_22)
FNDA:0,(anonymous_23)
FNDA:0,(anonymous_24)
FNDA:0,(anonymous_25)
FNDA:0,(anonymous_26)
FNDA:0,(anonymous_27)
FNDA:0,(anonymous_28)
FNDA:0,(anonymous_29)
DA:17,0
DA:18,0
DA:19,0
DA:21,0
DA:27,0
DA:35,0
DA:50,0
DA:54,0
DA:55,0
DA:56,0
DA:64,0
DA:76,0
DA:80,0
DA:81,0
DA:82,0
DA:84,0
DA:85,0
DA:86,0
DA:88,0
DA:95,0
DA:97,0
DA:98,0
DA:101,0
DA:104,0
DA:105,0
DA:106,0
DA:107,0
DA:108,0
DA:110,0
DA:112,0
DA:114,0
DA:115,0
DA:116,0
DA:119,0
DA:120,0
DA:121,0
DA:122,0
DA:124,0
DA:127,0
DA:128,0
DA:129,0
DA:132,0
DA:133,0
DA:136,0
DA:153,0
DA:169,0
DA:215,0
DA:217,0
DA:232,0
DA:245,0
DA:299,0
DA:306,0
DA:315,0
LF:53
LH:0
BRDA:17,0,0,0
BRDA:17,0,1,0
BRDA:22,1,0,0
BRDA:22,1,1,0
BRDA:23,2,0,0
BRDA:23,2,1,0
BRDA:24,3,0,0
BRDA:24,3,1,0
BRDA:50,4,0,0
BRDA:50,4,1,0
BRDA:53,5,0,0
BRDA:54,6,0,0
BRDA:54,6,1,0
BRDA:76,7,0,0
BRDA:76,7,1,0
BRDA:89,8,0,0
BRDA:89,8,1,0
BRDA:89,8,2,0
BRDA:89,8,3,0
BRDA:89,8,4,0
BRDA:101,9,0,0
BRDA:101,9,1,0
BRDA:105,10,0,0
BRDA:105,10,1,0
BRDA:106,11,0,0
BRDA:106,11,1,0
BRDA:106,12,0,0
BRDA:106,12,1,0
BRDA:120,13,0,0
BRDA:120,13,1,0
BRDA:128,14,0,0
BRDA:128,14,1,0
BRDA:132,15,0,0
BRDA:132,15,1,0
BRDA:158,16,0,0
BRDA:158,16,1,0
BRDA:178,17,0,0
BRDA:178,17,1,0
BRDA:178,17,2,0
BRDA:183,18,0,0
BRDA:183,18,1,0
BRDA:190,19,0,0
BRDA:190,19,1,0
BRDA:190,20,0,0
BRDA:190,20,1,0
BRDA:194,21,0,0
BRDA:194,21,1,0
BRDA:198,22,0,0
BRDA:198,22,1,0
BRDA:219,23,0,0
BRDA:219,23,1,0
BRDA:239,24,0,0
BRDA:239,24,1,0
BRDA:251,25,0,0
BRDA:251,25,1,0
BRDA:252,26,0,0
BRDA:252,26,1,0
BRDA:257,27,0,0
BRDA:257,27,1,0
BRDA:273,28,0,0
BRDA:273,28,1,0
BRDA:281,29,0,0
BRDA:281,29,1,0
BRDA:295,30,0,0
BRDA:295,30,1,0
BRDA:300,31,0,0
BRDA:300,31,1,0
BRDA:302,32,0,0
BRDA:302,32,1,0
BRF:69
BRH:0
end_of_record
TN:
SF:src\views\KYC.jsx
FN:68,KYC
FN:104,(anonymous_1)
FN:106,(anonymous_2)
FN:107,(anonymous_3)
FN:108,(anonymous_4)
FN:112,(anonymous_5)
FN:116,(anonymous_6)
FN:116,(anonymous_7)
FN:117,(anonymous_8)
FN:118,(anonymous_9)
FN:128,openModal
FN:146,handleRetry
FN:157,resetBankVerification
FN:163,handleBankSelect
FN:165,(anonymous_14)
FN:174,handleAccountNumberChange
FN:183,triggerVerify
FN:197,handleStep1
FN:208,(anonymous_18)
FN:224,handleStep2
FN:234,(anonymous_20)
FN:244,handleStep3
FN:259,(anonymous_22)
FN:262,(anonymous_23)
FN:297,(anonymous_24)
FN:350,(anonymous_25)
FN:409,(anonymous_26)
FN:416,(anonymous_27)
FN:457,(anonymous_28)
FN:457,(anonymous_29)
FN:471,(anonymous_30)
FN:471,(anonymous_31)
FN:482,(anonymous_32)
FN:482,(anonymous_33)
FN:514,(anonymous_34)
FN:517,(anonymous_35)
FN:527,(anonymous_36)
FN:540,(anonymous_37)
FN:552,(anonymous_38)
FN:564,(anonymous_39)
FN:579,(anonymous_40)
FN:613,(anonymous_41)
FN:684,(anonymous_42)
FN:694,(anonymous_43)
FN:718,BackButton
FN:730,ErrorBox
FN:739,Spinner
FNF:47
FNH:0
FNDA:0,KYC
FNDA:0,(anonymous_1)
FNDA:0,(anonymous_2)
FNDA:0,(anonymous_3)
FNDA:0,(anonymous_4)
FNDA:0,(anonymous_5)
FNDA:0,(anonymous_6)
FNDA:0,(anonymous_7)
FNDA:0,(anonymous_8)
FNDA:0,(anonymous_9)
FNDA:0,openModal
FNDA:0,handleRetry
FNDA:0,resetBankVerification
FNDA:0,handleBankSelect
FNDA:0,(anonymous_14)
FNDA:0,handleAccountNumberChange
FNDA:0,triggerVerify
FNDA:0,handleStep1
FNDA:0,(anonymous_18)
FNDA:0,handleStep2
FNDA:0,(anonymous_20)
FNDA:0,handleStep3
FNDA:0,(anonymous_22)
FNDA:0,(anonymous_23)
FNDA:0,(anonymous_24)
FNDA:0,(anonymous_25)
FNDA:0,(anonymous_26)
FNDA:0,(anonymous_27)
FNDA:0,(anonymous_28)
FNDA:0,(anonymous_29)
FNDA:0,(anonymous_30)
FNDA:0,(anonymous_31)
FNDA:0,(anonymous_32)
FNDA:0,(anonymous_33)
FNDA:0,(anonymous_34)
FNDA:0,(anonymous_35)
FNDA:0,(anonymous_36)
FNDA:0,(anonymous_37)
FNDA:0,(anonymous_38)
FNDA:0,(anonymous_39)
FNDA:0,(anonymous_40)
FNDA:0,(anonymous_41)
FNDA:0,(anonymous_42)
FNDA:0,(anonymous_43)
FNDA:0,BackButton
FNDA:0,ErrorBox
FNDA:0,Spinner
DA:25,0
DA:33,0
DA:39,0
DA:69,0
DA:71,0
DA:75,0
DA:76,0
DA:77,0
DA:78,0
DA:79,0
DA:82,0
DA:83,0
DA:86,0
DA:89,0
DA:90,0
DA:91,0
DA:92,0
DA:93,0
DA:96,0
DA:97,0
DA:98,0
DA:99,0
DA:100,0
DA:101,0
DA:104,0
DA:105,0
DA:106,0
DA:108,0
DA:112,0
DA:113,0
DA:114,0
DA:115,0
DA:116,0
DA:118,0
DA:122,0
DA:123,0
DA:124,0
DA:125,0
DA:126,0
DA:130,0
DA:131,0
DA:132,0
DA:133,0
DA:134,0
DA:135,0
DA:136,0
DA:137,0
DA:138,0
DA:139,0
DA:140,0
DA:141,0
DA:142,0
DA:143,0
DA:147,0
DA:148,0
DA:149,0
DA:150,0
DA:151,0
DA:152,0
DA:158,0
DA:159,0
DA:160,0
DA:164,0
DA:165,0
DA:166,0
DA:167,0
DA:168,0
DA:169,0
DA:170,0
DA:175,0
DA:176,0
DA:177,0
DA:178,0
DA:179,0
DA:184,0
DA:185,0
DA:186,0
DA:187,0
DA:188,0
DA:189,0
DA:191,0
DA:192,0
DA:198,0
DA:199,0
DA:200,0
DA:201,0
DA:202,0
DA:208,0
DA:209,0
DA:211,0
DA:212,0
DA:214,0
DA:217,0
DA:219,0
DA:225,0
DA:226,0
DA:227,0
DA:228,0
DA:229,0
DA:230,0
DA:231,0
DA:232,0
DA:233,0
DA:234,0
DA:235,0
DA:237,0
DA:239,0
DA:245,0
DA:246,0
DA:247,0
DA:248,0
DA:249,0
DA:251,0
DA:252,0
DA:253,0
DA:259,0
DA:260,0
DA:262,0
DA:264,0
DA:266,0
DA:271,0
DA:298,0
DA:351,0
DA:352,0
DA:353,0
DA:354,0
DA:355,0
DA:409,0
DA:417,0
DA:418,0
DA:419,0
DA:457,0
DA:471,0
DA:482,0
DA:514,0
DA:517,0
DA:527,0
DA:540,0
DA:552,0
DA:564,0
DA:579,0
DA:614,0
DA:684,0
DA:694,0
DA:719,0
DA:731,0
DA:740,0
LF:147
LH:0
BRDA:106,0,0,0
BRDA:106,0,1,0
BRDA:113,1,0,0
BRDA:113,1,1,0
BRDA:122,2,0,0
BRDA:122,2,1,0
BRDA:123,3,0,0
BRDA:123,3,1,0
BRDA:123,3,2,0
BRDA:125,4,0,0
BRDA:125,4,1,0
BRDA:130,5,0,0
BRDA:130,5,1,0
BRDA:130,6,0,0
BRDA:130,6,1,0
BRDA:167,7,0,0
BRDA:167,7,1,0
BRDA:169,8,0,0
BRDA:169,8,1,0
BRDA:169,9,0,0
BRDA:169,9,1,0
BRDA:178,10,0,0
BRDA:178,10,1,0
BRDA:178,11,0,0
BRDA:178,11,1,0
BRDA:191,12,0,0
BRDA:191,12,1,0
BRDA:211,13,0,0
BRDA:211,13,1,0
BRDA:211,14,0,0
BRDA:211,14,1,0
BRDA:217,15,0,0
BRDA:217,15,1,0
BRDA:217,15,2,0
BRDA:227,16,0,0
BRDA:227,16,1,0
BRDA:228,17,0,0
BRDA:228,17,1,0
BRDA:229,18,0,0
BRDA:229,18,1,0
BRDA:230,19,0,0
BRDA:230,19,1,0
BRDA:237,20,0,0
BRDA:237,20,1,0
BRDA:237,20,2,0
BRDA:247,21,0,0
BRDA:247,21,1,0
BRDA:248,22,0,0
BRDA:248,22,1,0
BRDA:249,23,0,0
BRDA:249,23,1,0
BRDA:262,24,0,0
BRDA:262,24,1,0
BRDA:264,25,0,0
BRDA:264,25,1,0
BRDA:264,25,2,0
BRDA:299,26,0,0
BRDA:299,26,1,0
BRDA:303,27,0,0
BRDA:303,27,1,0
BRDA:311,28,0,0
BRDA:311,28,1,0
BRDA:315,29,0,0
BRDA:315,29,1,0
BRDA:315,30,0,0
BRDA:315,30,1,0
BRDA:319,31,0,0
BRDA:319,31,1,0
BRDA:325,32,0,0
BRDA:325,32,1,0
BRDA:357,33,0,0
BRDA:357,33,1,0
BRDA:358,34,0,0
BRDA:358,34,1,0
BRDA:363,35,0,0
BRDA:363,35,1,0
BRDA:364,36,0,0
BRDA:364,36,1,0
BRDA:373,37,0,0
BRDA:373,37,1,0
BRDA:374,38,0,0
BRDA:374,38,1,0
BRDA:375,39,0,0
BRDA:375,39,1,0
BRDA:378,40,0,0
BRDA:378,40,1,0
BRDA:378,41,0,0
BRDA:378,41,1,0
BRDA:378,42,0,0
BRDA:378,42,1,0
BRDA:382,43,0,0
BRDA:382,43,1,0
BRDA:384,44,0,0
BRDA:384,44,1,0
BRDA:386,45,0,0
BRDA:386,45,1,0
BRDA:409,46,0,0
BRDA:409,46,1,0
BRDA:418,47,0,0
BRDA:418,47,1,0
BRDA:418,47,2,0
BRDA:418,47,3,0
BRDA:418,47,4,0
BRDA:418,47,5,0
BRDA:422,48,0,0
BRDA:422,48,1,0
BRDA:423,49,0,0
BRDA:423,49,1,0
BRDA:426,50,0,0
BRDA:426,50,1,0
BRDA:428,51,0,0
BRDA:428,51,1,0
BRDA:428,52,0,0
BRDA:428,52,1,0
BRDA:431,53,0,0
BRDA:431,53,1,0
BRDA:432,54,0,0
BRDA:432,54,1,0
BRDA:440,55,0,0
BRDA:440,55,1,0
BRDA:487,56,0,0
BRDA:487,56,1,0
BRDA:490,57,0,0
BRDA:490,57,1,0
BRDA:499,58,0,0
BRDA:499,58,1,0
BRDA:576,59,0,0
BRDA:576,59,1,0
BRDA:581,60,0,0
BRDA:581,60,1,0
BRDA:591,61,0,0
BRDA:591,61,1,0
BRDA:602,62,0,0
BRDA:602,62,1,0
BRDA:634,63,0,0
BRDA:634,63,1,0
BRDA:636,64,0,0
BRDA:636,64,1,0
BRDA:643,65,0,0
BRDA:643,65,1,0
BRDA:644,66,0,0
BRDA:644,66,1,0
BRDA:645,67,0,0
BRDA:645,67,1,0
BRDA:650,68,0,0
BRDA:650,68,1,0
BRDA:650,68,2,0
BRDA:657,69,0,0
BRDA:657,69,1,0
BRDA:663,70,0,0
BRDA:663,70,1,0
BRDA:663,70,2,0
BRDA:672,71,0,0
BRDA:672,71,1,0
BRDA:672,71,2,0
BRDA:680,72,0,0
BRDA:680,72,1,0
BRDA:680,72,2,0
BRDA:680,72,3,0
BRDA:680,72,4,0
BRDA:691,73,0,0
BRDA:691,73,1,0
BRDA:699,74,0,0
BRDA:699,74,1,0
BRDA:701,75,0,0
BRDA:701,75,1,0
BRF:166
BRH:0
end_of_record
TN:
SF:src\views\Payments.jsx
FN:35,formatNaira
FN:39,Payments
FN:46,(anonymous_2)
FN:60,(anonymous_3)
FN:79,(anonymous_4)
FN:83,(anonymous_5)
FN:84,(anonymous_6)
FN:89,(anonymous_7)
FN:90,(anonymous_8)
FN:93,(anonymous_9)
FN:94,(anonymous_10)
FN:148,(anonymous_11)
FN:156,(anonymous_12)
FN:185,(anonymous_13)
FNF:14
FNH:0
FNDA:0,formatNaira
FNDA:0,Payments
FNDA:0,(anonymous_2)
FNDA:0,(anonymous_3)
FNDA:0,(anonymous_4)
FNDA:0,(anonymous_5)
FNDA:0,(anonymous_6)
FNDA:0,(anonymous_7)
FNDA:0,(anonymous_8)
FNDA:0,(anonymous_9)
FNDA:0,(anonymous_10)
FNDA:0,(anonymous_11)
FNDA:0,(anonymous_12)
FNDA:0,(anonymous_13)
DA:12,0
DA:19,0
DA:27,0
DA:36,0
DA:40,0
DA:41,0
DA:42,0
DA:43,0
DA:44,0
DA:46,0
DA:47,0
DA:48,0
DA:49,0
DA:50,0
DA:51,0
DA:52,0
DA:54,0
DA:56,0
DA:60,0
DA:61,0
DA:62,0
DA:63,0
DA:66,0
DA:67,0
DA:68,0
DA:69,0
DA:70,0
DA:71,0
DA:73,0
DA:75,0
DA:79,0
DA:82,0
DA:83,0
DA:84,0
DA:88,0
DA:89,0
DA:90,0
DA:92,0
DA:93,0
DA:94,0
DA:96,0
DA:149,0
DA:157,0
DA:185,0
LF:44
LH:0
BRDA:36,0,0,0
BRDA:36,0,1,0
BRDA:51,1,0,0
BRDA:51,1,1,0
BRDA:52,2,0,0
BRDA:52,2,1,0
BRDA:54,3,0,0
BRDA:54,3,1,0
BRDA:83,4,0,0
BRDA:83,4,1,0
BRDA:89,5,0,0
BRDA:89,5,1,0
BRDA:89,5,2,0
BRDA:93,6,0,0
BRDA:93,6,1,0
BRDA:93,6,2,0
BRDA:112,7,0,0
BRDA:112,7,1,0
BRDA:129,8,0,0
BRDA:129,8,1,0
BRDA:133,9,0,0
BRDA:133,9,1,0
BRDA:135,10,0,0
BRDA:135,10,1,0
BRDA:162,11,0,0
BRDA:162,11,1,0
BRDA:162,12,0,0
BRDA:162,12,1,0
BRDA:165,13,0,0
BRDA:165,13,1,0
BRDA:166,14,0,0
BRDA:166,14,1,0
BRDA:167,15,0,0
BRDA:167,15,1,0
BRDA:172,16,0,0
BRDA:172,16,1,0
BRDA:178,17,0,0
BRDA:178,17,1,0
BRDA:179,18,0,0
BRDA:179,18,1,0
BRDA:183,19,0,0
BRDA:183,19,1,0
BRDA:183,20,0,0
BRDA:183,20,1,0
BRDA:185,21,0,0
BRDA:185,21,1,0
BRDA:185,21,2,0
BRDA:189,22,0,0
BRDA:189,22,1,0
BRF:49
BRH:0
end_of_record
TN:
SF:src\views\Profile.jsx
FN:18,Profile
FN:20,(anonymous_1)
FN:52,(anonymous_2)
FN:76,(anonymous_3)
FN:80,(anonymous_4)
FN:81,(anonymous_5)
FN:82,(anonymous_6)
FN:85,(anonymous_7)
FN:86,(anonymous_8)
FN:88,(anonymous_9)
FN:89,(anonymous_10)
FN:92,(anonymous_11)
FN:93,(anonymous_12)
FN:101,(anonymous_13)
FN:108,(anonymous_14)
FN:110,(anonymous_15)
FN:117,(anonymous_16)
FN:126,(anonymous_17)
FN:134,(anonymous_18)
FN:139,(anonymous_19)
FN:147,(anonymous_20)
FN:159,(anonymous_21)
FN:160,(anonymous_22)
FN:162,(anonymous_23)
FN:163,(anonymous_24)
FN:167,(anonymous_25)
FN:170,(anonymous_26)
FN:171,(anonymous_27)
FN:176,(anonymous_28)
FN:196,(anonymous_29)
FN:245,(anonymous_30)
FN:251,(anonymous_31)
FN:273,(anonymous_32)
FN:278,(anonymous_33)
FN:314,(anonymous_34)
FN:319,(anonymous_35)
FN:328,(anonymous_36)
FN:404,(anonymous_37)
FNF:38
FNH:0
FNDA:0,Profile
FNDA:0,(anonymous_1)
FNDA:0,(anonymous_2)
FNDA:0,(anonymous_3)
FNDA:0,(anonymous_4)
FNDA:0,(anonymous_5)
FNDA:0,(anonymous_6)
FNDA:0,(anonymous_7)
FNDA:0,(anonymous_8)
FNDA:0,(anonymous_9)
FNDA:0,(anonymous_10)
FNDA:0,(anonymous_11)
FNDA:0,(anonymous_12)
FNDA:0,(anonymous_13)
FNDA:0,(anonymous_14)
FNDA:0,(anonymous_15)
FNDA:0,(anonymous_16)
FNDA:0,(anonymous_17)
FNDA:0,(anonymous_18)
FNDA:0,(anonymous_19)
FNDA:0,(anonymous_20)
FNDA:0,(anonymous_21)
FNDA:0,(anonymous_22)
FNDA:0,(anonymous_23)
FNDA:0,(anonymous_24)
FNDA:0,(anonymous_25)
FNDA:0,(anonymous_26)
FNDA:0,(anonymous_27)
FNDA:0,(anonymous_28)
FNDA:0,(anonymous_29)
FNDA:0,(anonymous_30)
FNDA:0,(anonymous_31)
FNDA:0,(anonymous_32)
FNDA:0,(anonymous_33)
FNDA:0,(anonymous_34)
FNDA:0,(anonymous_35)
FNDA:0,(anonymous_36)
FNDA:0,(anonymous_37)
DA:19,0
DA:20,0
DA:22,0
DA:28,0
DA:36,0
DA:40,0
DA:41,0
DA:43,0
DA:44,0
DA:45,0
DA:46,0
DA:47,0
DA:49,0
DA:50,0
DA:52,0
DA:53,0
DA:54,0
DA:59,0
DA:60,0
DA:67,0
DA:68,0
DA:69,0
DA:71,0
DA:76,0
DA:77,0
DA:78,0
DA:80,0
DA:82,0
DA:85,0
DA:86,0
DA:88,0
DA:89,0
DA:90,0
DA:92,0
DA:93,0
DA:94,0
DA:96,0
DA:97,0
DA:101,0
DA:102,0
DA:103,0
DA:104,0
DA:108,0
DA:109,0
DA:110,0
DA:111,0
DA:112,0
DA:113,0
DA:117,0
DA:118,0
DA:119,0
DA:120,0
DA:121,0
DA:124,0
DA:125,0
DA:126,0
DA:127,0
DA:129,0
DA:130,0
DA:134,0
DA:135,0
DA:136,0
DA:139,0
DA:140,0
DA:141,0
DA:142,0
DA:143,0
DA:144,0
DA:145,0
DA:147,0
DA:148,0
DA:149,0
DA:150,0
DA:152,0
DA:153,0
DA:154,0
DA:156,0
DA:158,0
DA:159,0
DA:160,0
DA:161,0
DA:162,0
DA:163,0
DA:164,0
DA:167,0
DA:170,0
DA:171,0
DA:172,0
DA:173,0
DA:176,0
DA:177,0
DA:178,0
DA:179,0
DA:180,0
DA:182,0
DA:183,0
DA:184,0
DA:186,0
DA:187,0
DA:188,0
DA:190,0
DA:191,0
DA:192,0
DA:193,0
DA:194,0
DA:195,0
DA:196,0
DA:198,0
DA:200,0
DA:204,0
DA:245,0
DA:251,0
DA:274,0
DA:278,0
DA:314,0
DA:320,0
DA:328,0
DA:404,0
LF:118
LH:0
BRDA:23,0,0,0
BRDA:23,0,1,0
BRDA:24,1,0,0
BRDA:24,1,1,0
BRDA:25,2,0,0
BRDA:25,2,1,0
BRDA:29,3,0,0
BRDA:29,3,1,0
BRDA:30,4,0,0
BRDA:30,4,1,0
BRDA:31,5,0,0
BRDA:31,5,1,0
BRDA:32,6,0,0
BRDA:32,6,1,0
BRDA:38,7,0,0
BRDA:38,7,1,0
BRDA:40,8,0,0
BRDA:40,8,1,0
BRDA:49,9,0,0
BRDA:49,9,1,0
BRDA:53,10,0,0
BRDA:53,10,1,0
BRDA:55,11,0,0
BRDA:55,11,1,0
BRDA:56,12,0,0
BRDA:56,12,1,0
BRDA:57,13,0,0
BRDA:57,13,1,0
BRDA:59,14,0,0
BRDA:59,14,1,0
BRDA:61,15,0,0
BRDA:61,15,1,0
BRDA:62,16,0,0
BRDA:62,16,1,0
BRDA:64,17,0,0
BRDA:64,17,1,0
BRDA:67,18,0,0
BRDA:67,18,1,0
BRDA:71,19,0,0
BRDA:71,19,1,0
BRDA:80,20,0,0
BRDA:80,20,1,0
BRDA:90,21,0,0
BRDA:90,21,1,0
BRDA:93,22,0,0
BRDA:93,22,1,0
BRDA:96,23,0,0
BRDA:96,23,1,0
BRDA:112,24,0,0
BRDA:112,24,1,0
BRDA:112,25,0,0
BRDA:112,25,1,0
BRDA:129,26,0,0
BRDA:129,26,1,0
BRDA:141,27,0,0
BRDA:141,27,1,0
BRDA:142,28,0,0
BRDA:142,28,1,0
BRDA:143,29,0,0
BRDA:143,29,1,0
BRDA:148,30,0,0
BRDA:148,30,1,0
BRDA:152,31,0,0
BRDA:152,31,1,0
BRDA:158,32,0,0
BRDA:158,32,1,0
BRDA:173,33,0,0
BRDA:173,33,1,0
BRDA:178,34,0,0
BRDA:178,34,1,0
BRDA:182,35,0,0
BRDA:182,35,1,0
BRDA:186,36,0,0
BRDA:186,36,1,0
BRDA:198,37,0,0
BRDA:198,37,1,0
BRDA:223,38,0,0
BRDA:223,38,1,0
BRDA:224,39,0,0
BRDA:224,39,1,0
BRDA:227,40,0,0
BRDA:227,40,1,0
BRDA:271,41,0,0
BRDA:271,41,1,0
BRDA:309,42,0,0
BRDA:309,42,1,0
BRDA:311,43,0,0
BRDA:311,43,1,0
BRDA:347,44,0,0
BRDA:347,44,1,0
BRDA:349,45,0,0
BRDA:349,45,1,0
BRDA:356,46,0,0
BRDA:356,46,1,0
BRDA:359,47,0,0
BRDA:359,47,1,0
BRDA:362,48,0,0
BRDA:362,48,1,0
BRDA:369,49,0,0
BRDA:369,49,1,0
BRDA:369,49,2,0
BRDA:376,50,0,0
BRDA:376,50,1,0
BRDA:383,51,0,0
BRDA:383,51,1,0
BRDA:383,51,2,0
BRDA:393,52,0,0
BRDA:393,52,1,0
BRDA:393,52,2,0
BRDA:401,53,0,0
BRDA:401,53,1,0
BRDA:401,53,2,0
BRDA:401,53,3,0
BRDA:401,53,4,0
BRDA:411,54,0,0
BRDA:411,54,1,0
BRDA:412,55,0,0
BRDA:412,55,1,0
BRDA:421,56,0,0
BRDA:421,56,1,0
BRDA:424,57,0,0
BRDA:424,57,1,0
BRF:122
BRH:0
end_of_record
TN:
SF:src\views\auth\ForgotPassword.jsx
FN:10,ForgotPassword
FN:16,(anonymous_1)
FN:77,(anonymous_2)
FN:109,(anonymous_3)
FNF:4
FNH:0
FNDA:0,ForgotPassword
FNDA:0,(anonymous_1)
FNDA:0,(anonymous_2)
FNDA:0,(anonymous_3)
DA:11,0
DA:12,0
DA:13,0
DA:14,0
DA:16,0
DA:17,0
DA:18,0
DA:20,0
DA:21,0
DA:23,0
DA:25,0
DA:30,0
DA:33,0
DA:38,0
DA:42,0
DA:77,0
DA:109,0
LF:17
LH:0
BRDA:18,0,0,0
BRDA:18,0,1,0
BRDA:34,1,0,0
BRDA:34,1,1,0
BRDA:58,2,0,0
BRDA:58,2,1,0
BRDA:64,3,0,0
BRDA:64,3,1,0
BRDA:87,4,0,0
BRDA:87,4,1,0
BRF:10
BRH:0
end_of_record
TN:
SF:src\views\auth\Login.jsx
FN:13,Login
FN:17,(anonymous_1)
FN:24,(anonymous_2)
FN:25,(anonymous_3)
FN:28,(anonymous_4)
FN:70,(anonymous_5)
FN:82,(anonymous_6)
FN:88,(anonymous_7)
FNF:8
FNH:0
FNDA:0,Login
FNDA:0,(anonymous_1)
FNDA:0,(anonymous_2)
FNDA:0,(anonymous_3)
FNDA:0,(anonymous_4)
FNDA:0,(anonymous_5)
FNDA:0,(anonymous_6)
FNDA:0,(anonymous_7)
DA:14,0
DA:15,0
DA:17,0
DA:19,0
DA:20,0
DA:21,0
DA:22,0
DA:24,0
DA:25,0
DA:28,0
DA:29,0
DA:30,0
DA:32,0
DA:33,0
DA:34,0
DA:37,0
DA:38,0
DA:39,0
DA:43,0
DA:70,0
DA:82,0
DA:88,0
LF:22
LH:0
BRDA:32,0,0,0
BRDA:32,0,1,0
BRDA:32,1,0,0
BRDA:32,1,1,0
BRDA:38,2,0,0
BRDA:38,2,1,0
BRDA:78,3,0,0
BRDA:78,3,1,0
BRDA:92,4,0,0
BRDA:92,4,1,0
BRDA:105,5,0,0
BRDA:105,5,1,0
BRDA:105,5,2,0
BRDA:109,6,0,0
BRDA:109,6,1,0
BRDA:110,7,0,0
BRDA:110,7,1,0
BRDA:140,8,0,0
BRDA:140,8,1,0
BRF:19
BRH:0
end_of_record
TN:
SF:src\views\auth\Signup.jsx
FN:22,Signup
FN:29,(anonymous_1)
FN:52,(anonymous_2)
FN:53,(anonymous_3)
FN:54,(anonymous_4)
FN:56,(anonymous_5)
FN:67,(anonymous_6)
FN:71,(anonymous_7)
FN:75,(anonymous_8)
FN:79,(anonymous_9)
FN:117,(anonymous_10)
FN:126,(anonymous_11)
FN:136,(anonymous_12)
FN:139,(anonymous_13)
FN:140,(anonymous_14)
FN:143,(anonymous_15)
FN:157,(anonymous_16)
FN:159,(anonymous_17)
FN:161,(anonymous_18)
FN:167,(anonymous_19)
FN:229,(anonymous_20)
FN:242,(anonymous_21)
FN:266,(anonymous_22)
FN:272,(anonymous_23)
FN:294,(anonymous_24)
FN:306,(anonymous_25)
FN:323,(anonymous_26)
FN:333,(anonymous_27)
FN:349,(anonymous_28)
FN:360,(anonymous_29)
FN:401,(anonymous_30)
FN:410,(anonymous_31)
FN:426,(anonymous_32)
FN:437,(anonymous_33)
FN:459,(anonymous_34)
FN:462,(anonymous_35)
FN:472,(anonymous_36)
FN:481,(anonymous_37)
FNF:38
FNH:0
FNDA:0,Signup
FNDA:0,(anonymous_1)
FNDA:0,(anonymous_2)
FNDA:0,(anonymous_3)
FNDA:0,(anonymous_4)
FNDA:0,(anonymous_5)
FNDA:0,(anonymous_6)
FNDA:0,(anonymous_7)
FNDA:0,(anonymous_8)
FNDA:0,(anonymous_9)
FNDA:0,(anonymous_10)
FNDA:0,(anonymous_11)
FNDA:0,(anonymous_12)
FNDA:0,(anonymous_13)
FNDA:0,(anonymous_14)
FNDA:0,(anonymous_15)
FNDA:0,(anonymous_16)
FNDA:0,(anonymous_17)
FNDA:0,(anonymous_18)
FNDA:0,(anonymous_19)
FNDA:0,(anonymous_20)
FNDA:0,(anonymous_21)
FNDA:0,(anonymous_22)
FNDA:0,(anonymous_23)
FNDA:0,(anonymous_24)
FNDA:0,(anonymous_25)
FNDA:0,(anonymous_26)
FNDA:0,(anonymous_27)
FNDA:0,(anonymous_28)
FNDA:0,(anonymous_29)
FNDA:0,(anonymous_30)
FNDA:0,(anonymous_31)
FNDA:0,(anonymous_32)
FNDA:0,(anonymous_33)
FNDA:0,(anonymous_34)
FNDA:0,(anonymous_35)
FNDA:0,(anonymous_36)
FNDA:0,(anonymous_37)
DA:23,0
DA:29,0
DA:31,0
DA:42,0
DA:44,0
DA:52,0
DA:53,0
DA:54,0
DA:56,0
DA:59,0
DA:60,0
DA:61,0
DA:62,0
DA:64,0
DA:65,0
DA:67,0
DA:68,0
DA:71,0
DA:72,0
DA:74,0
DA:75,0
DA:79,0
DA:80,0
DA:82,0
DA:83,0
DA:84,0
DA:85,0
DA:86,0
DA:87,0
DA:88,0
DA:91,0
DA:92,0
DA:93,0
DA:94,0
DA:95,0
DA:99,0
DA:100,0
DA:101,0
DA:102,0
DA:105,0
DA:106,0
DA:109,0
DA:110,0
DA:113,0
DA:114,0
DA:117,0
DA:118,0
DA:119,0
DA:121,0
DA:122,0
DA:123,0
DA:126,0
DA:127,0
DA:128,0
DA:130,0
DA:131,0
DA:133,0
DA:136,0
DA:139,0
DA:140,0
DA:143,0
DA:144,0
DA:145,0
DA:147,0
DA:149,0
DA:150,0
DA:151,0
DA:154,0
DA:156,0
DA:157,0
DA:159,0
DA:160,0
DA:161,0
DA:163,0
DA:167,0
DA:168,0
DA:174,0
DA:175,0
DA:196,0
DA:229,0
DA:243,0
DA:267,0
DA:268,0
DA:272,0
DA:294,0
DA:306,0
DA:323,0
DA:333,0
DA:350,0
DA:360,0
DA:401,0
DA:410,0
DA:427,0
DA:438,0
DA:460,0
DA:461,0
DA:462,0
DA:472,0
DA:481,0
LF:99
LH:0
BRDA:54,0,0,0
BRDA:54,0,1,0
BRDA:56,1,0,0
BRDA:56,1,1,0
BRDA:74,2,0,0
BRDA:74,2,1,0
BRDA:82,3,0,0
BRDA:82,3,1,0
BRDA:83,4,0,0
BRDA:83,4,1,0
BRDA:85,5,0,0
BRDA:85,5,1,0
BRDA:87,6,0,0
BRDA:87,6,1,0
BRDA:92,7,0,0
BRDA:92,7,1,0
BRDA:94,8,0,0
BRDA:94,8,1,0
BRDA:99,9,0,0
BRDA:99,9,1,0
BRDA:101,10,0,0
BRDA:101,10,1,0
BRDA:105,11,0,0
BRDA:105,11,1,0
BRDA:109,12,0,0
BRDA:109,12,1,0
BRDA:119,13,0,0
BRDA:119,13,1,0
BRDA:121,14,0,0
BRDA:121,14,1,0
BRDA:130,15,0,0
BRDA:130,15,1,0
BRDA:131,16,0,0
BRDA:131,16,1,0
BRDA:133,17,0,0
BRDA:133,17,1,0
BRDA:149,18,0,0
BRDA:149,18,1,0
BRDA:154,19,0,0
BRDA:154,19,1,0
BRDA:168,20,0,0
BRDA:168,20,1,0
BRDA:174,21,0,0
BRDA:174,21,1,0
BRDA:231,22,0,0
BRDA:231,22,1,0
BRDA:246,23,0,0
BRDA:246,23,1,0
BRDA:274,24,0,0
BRDA:274,24,1,0
BRDA:296,25,0,0
BRDA:296,25,1,0
BRDA:308,26,0,0
BRDA:308,26,1,0
BRDA:368,27,0,0
BRDA:368,27,1,0
BRDA:399,28,0,0
BRDA:399,28,1,0
BRDA:403,29,0,0
BRDA:403,29,1,0
BRDA:413,30,0,0
BRDA:413,30,1,0
BRDA:424,31,0,0
BRDA:424,31,1,0
BRDA:430,32,0,0
BRDA:430,32,1,0
BRDA:442,33,0,0
BRDA:442,33,1,0
BRDA:461,34,0,0
BRDA:461,34,1,0
BRDA:490,35,0,0
BRDA:490,35,1,0
BRDA:503,36,0,0
BRDA:503,36,1,0
BRF:74
BRH:0
end_of_record
